#
# There is insufficient memory for the Java Runtime Environment to continue.
# Native memory allocation (mmap) failed to map 36700160 bytes for G1 virtual space
# Possible reasons:
#   The system is out of physical RAM or swap space
#   The process is running with CompressedOops enabled, and the Java Heap may be blocking the growth of the native heap
# Possible solutions:
#   Reduce memory load on the system
#   Increase physical memory or swap space
#   Check if swap backing store is full
#   Decrease Java heap size (-Xmx/-Xms)
#   Decrease number of Java threads
#   Decrease Java thread stack sizes (-Xss)
#   Set larger code cache with -XX:ReservedCodeCacheSize=
#   JVM is running with Unscaled Compressed Oops mode in which the Java heap is
#     placed in the first 4GB address space. The Java Heap base address is the
#     maximum limit for the native heap growth. Please use -XX:HeapBaseMinAddress
#     to set the Java Heap base and to place the Java Heap above 4GB virtual address.
# This output file may be truncated or incomplete.
#
#  Out of Memory Error (os_windows.cpp:3528), pid=428, tid=11544
#
# JRE version: Java(TM) SE Runtime Environment (20.0.2+9) (build 20.0.2+9-78)
# Java VM: Java HotSpot(TM) 64-Bit Server VM (20.0.2+9-78, mixed mode, sharing, tiered, compressed oops, compressed class ptrs, g1 gc, windows-amd64)
# No core dump will be written. Minidumps are not enabled by default on client versions of Windows
#

---------------  S U M M A R Y ------------

Command Line: --add-opens=java.base/java.lang=ALL-UNNAMED --add-opens=java.base/java.lang.invoke=ALL-UNNAMED --add-opens=java.base/java.util=ALL-UNNAMED --add-opens=java.prefs/java.util.prefs=ALL-UNNAMED --add-exports=jdk.compiler/com.sun.tools.javac.api=ALL-UNNAMED --add-exports=jdk.compiler/com.sun.tools.javac.util=ALL-UNNAMED --add-opens=java.base/java.util=ALL-UNNAMED --add-opens=java.prefs/java.util.prefs=ALL-UNNAMED --add-opens=java.base/java.nio.charset=ALL-UNNAMED --add-opens=java.base/java.net=ALL-UNNAMED --add-opens=java.base/java.util.concurrent.atomic=ALL-UNNAMED --add-opens=java.xml/javax.xml.namespace=ALL-UNNAMED -Xmx2048m -Dfile.encoding=UTF-8 -Duser.country=PH -Duser.language=en -Duser.variant -javaagent:C:\Users\Donielr Arys Antonio\.gradle\wrapper\dists\gradle-8.13-bin\5xuhj0ry160q40clulazy9h7d\gradle-8.13\lib\agents\gradle-instrumentation-agent-8.13.jar org.gradle.launcher.daemon.bootstrap.GradleDaemon 8.13

Host: 12th Gen Intel(R) Core(TM) i5-12500H, 16 cores, 7G,  Windows 11 , 64 bit Build 26100 (10.0.26100.5074)
Time: Thu Sep 25 10:45:08 2025 Malay Peninsula Standard Time elapsed time: 90.416793 seconds (0d 0h 1m 30s)

---------------  T H R E A D  ---------------

Current thread (0x000001fbb7a045f0):  VMThread "VM Thread" [stack: 0x00000066f7e00000,0x00000066f7f00000] [id=11544]

Stack: [0x00000066f7e00000,0x00000066f7f00000]
Native frames: (J=compiled Java code, j=interpreted, Vv=VM code, C=native code)
V  [jvm.dll+0x6bc25a]
V  [jvm.dll+0x84971a]
V  [jvm.dll+0x84b315]
V  [jvm.dll+0x84ba13]
V  [jvm.dll+0x280e4f]
V  [jvm.dll+0x6b8fe9]
V  [jvm.dll+0x6adbca]
V  [jvm.dll+0x35b165]
V  [jvm.dll+0x363386]
V  [jvm.dll+0x3b400e]
V  [jvm.dll+0x3b4295]
V  [jvm.dll+0x32b86a]
V  [jvm.dll+0x32b917]
V  [jvm.dll+0x373cc2]
V  [jvm.dll+0x3724c0]
V  [jvm.dll+0x32afb1]
V  [jvm.dll+0x371ed8]
V  [jvm.dll+0x85135e]
V  [jvm.dll+0x852471]
V  [jvm.dll+0x852979]
V  [jvm.dll+0x852bf3]
V  [jvm.dll+0x7f5c76]
V  [jvm.dll+0x6baecb]
C  [ucrtbase.dll+0x37b0]
C  [KERNEL32.DLL+0x2e8d7]
C  [ntdll.dll+0x8d9c]

VM_Operation (0x00000066f99f42a8): G1TryInitiateConcMark, mode: safepoint, requested by thread 0x000001fbfd87d4b0


---------------  P R O C E S S  ---------------

Threads class SMR info:
_java_thread_list=0x000001fb83b57940, length=93, elements={
0x000001fb9b0c8f20, 0x000001fbb7a246e0, 0x000001fbb7a27230, 0x000001fbb7a2ac30,
0x000001fbb7a2b570, 0x000001fbb7a2beb0, 0x000001fbb7a2c7f0, 0x000001fbb7a2d870,
0x000001fbb7a32380, 0x000001fbfd8cf300, 0x000001fbfdab3940, 0x000001fbfe728ac0,
0x000001fbff1ab420, 0x000001fbff19b840, 0x000001fbfd87c4c0, 0x000001fbfd87ca10,
0x000001fbfd87cf60, 0x000001fbfd87d4b0, 0x000001fbfd87da00, 0x000001fbfdaf0100,
0x000001fbfdaefbb0, 0x000001fbfdaf0ba0, 0x000001fbfdaee670, 0x000001fbfdaed130,
0x000001fbfdaee120, 0x000001fbfdaedbd0, 0x000001fbfdaf10f0, 0x000001fbfdaed680,
0x000001fbfdaf1640, 0x000001fbfdaf20e0, 0x000001fbfdaf1b90, 0x000001fbfdaf2630,
0x000001fbfdaf2b80, 0x000001fbfdaef110, 0x000001fb80caf880, 0x000001fbfdaf4610,
0x000001fbfdaf30d0, 0x000001fb80dc7b10, 0x000001fb80dc5b30, 0x000001fb80dc8060,
0x000001fb80dc5090, 0x000001fb80dc6080, 0x000001fb80dc85b0, 0x000001fb80dc75c0,
0x000001fb826615a0, 0x000001fb826605b0, 0x000001fb8265f5c0, 0x000001fb82660b00,
0x000001fb82662ae0, 0x000001fb8265f070, 0x000001fb8265fb10, 0x000001fb82663030,
0x000001fb82661050, 0x000001fb82663ad0, 0x000001fb82662590, 0x000001fb82661af0,
0x000001fb82660060, 0x000001fb82664570, 0x000001fb82665ab0, 0x000001fb82665010,
0x000001fb82664020, 0x000001fb82664ac0, 0x000001fb82665560, 0x000001fb82662040,
0x000001fb82666000, 0x000001fb82666550, 0x000001fb82663580, 0x000001fb82666aa0,
0x000001fb803de430, 0x000001fb803de980, 0x000001fb803dfec0, 0x000001fb803df970,
0x000001fb803dc450, 0x000001fb803df420, 0x000001fb803dd990, 0x000001fb803dc9a0,
0x000001fb803deed0, 0x000001fb803dcef0, 0x000001fb803e0960, 0x000001fb803ddee0,
0x000001fb803e0410, 0x000001fb803e0eb0, 0x000001fb803dd440, 0x000001fb803e1400,
0x000001fb803e3930, 0x000001fb803e1950, 0x000001fb803e1ea0, 0x000001fb803e33e0,
0x000001fb826fd480, 0x000001fb826fda10, 0x000001fb831057f0, 0x000001fb83105d40,
0x000001fb831077d0
}

Java Threads: ( => current thread )
  0x000001fb9b0c8f20 JavaThread "main" [_thread_blocked, id=23356, stack(0x00000066f7800000,0x00000066f7900000)]
  0x000001fbb7a246e0 JavaThread "Reference Handler" daemon [_thread_blocked, id=23236, stack(0x00000066f7f00000,0x00000066f8000000)]
  0x000001fbb7a27230 JavaThread "Finalizer" daemon [_thread_blocked, id=9908, stack(0x00000066f8000000,0x00000066f8100000)]
  0x000001fbb7a2ac30 JavaThread "Signal Dispatcher" daemon [_thread_blocked, id=20988, stack(0x00000066f8100000,0x00000066f8200000)]
  0x000001fbb7a2b570 JavaThread "Attach Listener" daemon [_thread_blocked, id=22040, stack(0x00000066f8200000,0x00000066f8300000)]
  0x000001fbb7a2beb0 JavaThread "Service Thread" daemon [_thread_blocked, id=23780, stack(0x00000066f8300000,0x00000066f8400000)]
  0x000001fbb7a2c7f0 JavaThread "Monitor Deflation Thread" daemon [_thread_blocked, id=21864, stack(0x00000066f8400000,0x00000066f8500000)]
  0x000001fbb7a2d870 JavaThread "C2 CompilerThread0" daemon [_thread_blocked, id=23040, stack(0x00000066f8500000,0x00000066f8600000)]
  0x000001fbb7a32380 JavaThread "C1 CompilerThread0" daemon [_thread_blocked, id=23788, stack(0x00000066f8600000,0x00000066f8700000)]
  0x000001fbfd8cf300 JavaThread "Common-Cleaner" daemon [_thread_blocked, id=4024, stack(0x00000066f8700000,0x00000066f8800000)]
  0x000001fbfdab3940 JavaThread "Notification Thread" daemon [_thread_blocked, id=4804, stack(0x00000066f8900000,0x00000066f8a00000)]
  0x000001fbfe728ac0 JavaThread "Daemon health stats" [_thread_blocked, id=23368, stack(0x00000066f9300000,0x00000066f9400000)]
  0x000001fbff1ab420 JavaThread "Incoming local TCP Connector on port 63077" [_thread_in_native, id=24520, stack(0x00000066f9400000,0x00000066f9500000)]
  0x000001fbff19b840 JavaThread "Daemon periodic checks" [_thread_blocked, id=24192, stack(0x00000066f8800000,0x00000066f8900000)]
  0x000001fbfd87c4c0 JavaThread "Daemon" [_thread_blocked, id=16992, stack(0x00000066f9500000,0x00000066f9600000)]
  0x000001fbfd87ca10 JavaThread "Handler for socket connection from /127.0.0.1:63077 to /127.0.0.1:63082" [_thread_in_native, id=25508, stack(0x00000066f9600000,0x00000066f9700000)]
  0x000001fbfd87cf60 JavaThread "Cancel handler" [_thread_blocked, id=23968, stack(0x00000066f9800000,0x00000066f9900000)]
  0x000001fbfd87d4b0 JavaThread "Daemon worker" [_thread_blocked, id=14456, stack(0x00000066f9900000,0x00000066f9a00000)]
  0x000001fbfd87da00 JavaThread "Asynchronous log dispatcher for DefaultDaemonConnection: socket connection from /127.0.0.1:63077 to /127.0.0.1:63082" [_thread_blocked, id=24416, stack(0x00000066f9a00000,0x00000066f9b00000)]
  0x000001fbfdaf0100 JavaThread "Stdin handler" [_thread_blocked, id=11628, stack(0x00000066f9b00000,0x00000066f9c00000)]
  0x000001fbfdaefbb0 JavaThread "Daemon client event forwarder" [_thread_blocked, id=24680, stack(0x00000066f9c00000,0x00000066f9d00000)]
  0x000001fbfdaf0ba0 JavaThread "Cache worker for journal cache (C:\Users\Donielr Arys Antonio\.gradle\caches\journal-1)" [_thread_blocked, id=24408, stack(0x00000066f9d00000,0x00000066f9e00000)]
  0x000001fbfdaee670 JavaThread "File lock request listener" [_thread_in_native, id=23216, stack(0x00000066f9e00000,0x00000066f9f00000)]
  0x000001fbfdaed130 JavaThread "File lock release action executor" [_thread_blocked, id=8444, stack(0x00000066f9700000,0x00000066f9800000)]
  0x000001fbfdaee120 JavaThread "Cache worker for file hash cache (C:\Users\Donielr Arys Antonio\.gradle\caches\8.13\fileHashes)" [_thread_blocked, id=22072, stack(0x00000066f9f00000,0x00000066fa000000)]
  0x000001fbfdaedbd0 JavaThread "Cache worker for file hash cache (C:\Users\Donielr Arys Antonio\AndroidStudioProjects\Huzzler\.gradle\8.13\fileHashes)" [_thread_blocked, id=25516, stack(0x00000066fa800000,0x00000066fa900000)]
  0x000001fbfdaf10f0 JavaThread "Cache worker for Build Output Cleanup Cache (C:\Users\Donielr Arys Antonio\AndroidStudioProjects\Huzzler\.gradle\buildOutputCleanup)" [_thread_blocked, id=17364, stack(0x00000066fa900000,0x00000066faa00000)]
  0x000001fbfdaed680 JavaThread "File watcher server" daemon [_thread_in_native, id=7576, stack(0x00000066faa00000,0x00000066fab00000)]
  0x000001fbfdaf1640 JavaThread "File watcher consumer" daemon [_thread_blocked, id=25580, stack(0x00000066fab00000,0x00000066fac00000)]
  0x000001fbfdaf20e0 JavaThread "jar transforms" [_thread_blocked, id=6076, stack(0x00000066fac00000,0x00000066fad00000)]
  0x000001fbfdaf1b90 JavaThread "jar transforms Thread 2" [_thread_blocked, id=18732, stack(0x00000066fad00000,0x00000066fae00000)]
  0x000001fbfdaf2630 JavaThread "jar transforms Thread 3" [_thread_blocked, id=12500, stack(0x00000066fae00000,0x00000066faf00000)]
  0x000001fbfdaf2b80 JavaThread "jar transforms Thread 4" [_thread_blocked, id=22924, stack(0x00000066f7500000,0x00000066f7600000)]
  0x000001fbfdaef110 JavaThread "jar transforms Thread 5" [_thread_blocked, id=22004, stack(0x00000066f7600000,0x00000066f7700000)]
  0x000001fb80caf880 JavaThread "C1 CompilerThread1" daemon [_thread_blocked, id=17612, stack(0x00000066f7700000,0x00000066f7800000)]
  0x000001fbfdaf4610 JavaThread "Cache worker for checksums cache (C:\Users\Donielr Arys Antonio\AndroidStudioProjects\Huzzler\.gradle\8.13\checksums)" [_thread_blocked, id=23624, stack(0x00000066faf00000,0x00000066fb000000)]
  0x000001fbfdaf30d0 JavaThread "Cache worker for file content cache (C:\Users\Donielr Arys Antonio\.gradle\caches\8.13\fileContent)" [_thread_blocked, id=14912, stack(0x00000066fb000000,0x00000066fb100000)]
  0x000001fb80dc7b10 JavaThread "jar transforms Thread 6" [_thread_blocked, id=24024, stack(0x00000066fb100000,0x00000066fb200000)]
  0x000001fb80dc5b30 JavaThread "jar transforms Thread 7" [_thread_blocked, id=25200, stack(0x00000066fb200000,0x00000066fb300000)]
  0x000001fb80dc8060 JavaThread "jar transforms Thread 8" [_thread_blocked, id=23144, stack(0x00000066fb300000,0x00000066fb400000)]
  0x000001fb80dc5090 JavaThread "jar transforms Thread 9" [_thread_blocked, id=18540, stack(0x00000066fb400000,0x00000066fb500000)]
  0x000001fb80dc6080 JavaThread "Cache worker for cache directory md-supplier (C:\Users\Donielr Arys Antonio\.gradle\caches\8.13\md-supplier)" [_thread_blocked, id=22660, stack(0x00000066fb500000,0x00000066fb600000)]
  0x000001fb80dc85b0 JavaThread "Cache worker for cache directory md-rule (C:\Users\Donielr Arys Antonio\.gradle\caches\8.13\md-rule)" [_thread_blocked, id=6152, stack(0x00000066fb600000,0x00000066fb700000)]
  0x000001fb80dc75c0 JavaThread "Unconstrained build operations" [_thread_blocked, id=24240, stack(0x00000066fba00000,0x00000066fbb00000)]
  0x000001fb826615a0 JavaThread "Unconstrained build operations Thread 2" [_thread_blocked, id=17480, stack(0x00000066fbb00000,0x00000066fbc00000)]
  0x000001fb826605b0 JavaThread "Unconstrained build operations Thread 3" [_thread_blocked, id=24900, stack(0x00000066fbc00000,0x00000066fbd00000)]
  0x000001fb8265f5c0 JavaThread "Unconstrained build operations Thread 4" [_thread_blocked, id=25304, stack(0x00000066fbd00000,0x00000066fbe00000)]
  0x000001fb82660b00 JavaThread "Unconstrained build operations Thread 5" [_thread_blocked, id=24044, stack(0x00000066fbe00000,0x00000066fbf00000)]
  0x000001fb82662ae0 JavaThread "Unconstrained build operations Thread 6" [_thread_blocked, id=24432, stack(0x00000066fbf00000,0x00000066fc000000)]
  0x000001fb8265f070 JavaThread "Unconstrained build operations Thread 7" [_thread_blocked, id=23756, stack(0x00000066fc000000,0x00000066fc100000)]
  0x000001fb8265fb10 JavaThread "Unconstrained build operations Thread 8" [_thread_blocked, id=23580, stack(0x00000066fc100000,0x00000066fc200000)]
  0x000001fb82663030 JavaThread "Unconstrained build operations Thread 9" [_thread_blocked, id=25084, stack(0x00000066fc200000,0x00000066fc300000)]
  0x000001fb82661050 JavaThread "Unconstrained build operations Thread 10" [_thread_blocked, id=23408, stack(0x00000066fc300000,0x00000066fc400000)]
  0x000001fb82663ad0 JavaThread "Unconstrained build operations Thread 11" [_thread_blocked, id=2944, stack(0x00000066fc400000,0x00000066fc500000)]
  0x000001fb82662590 JavaThread "Unconstrained build operations Thread 12" [_thread_blocked, id=8344, stack(0x00000066fc500000,0x00000066fc600000)]
  0x000001fb82661af0 JavaThread "Unconstrained build operations Thread 13" [_thread_blocked, id=24376, stack(0x00000066fc600000,0x00000066fc700000)]
  0x000001fb82660060 JavaThread "Unconstrained build operations Thread 14" [_thread_blocked, id=24324, stack(0x00000066fc700000,0x00000066fc800000)]
  0x000001fb82664570 JavaThread "Unconstrained build operations Thread 15" [_thread_blocked, id=19200, stack(0x00000066fc800000,0x00000066fc900000)]
  0x000001fb82665ab0 JavaThread "Unconstrained build operations Thread 16" [_thread_blocked, id=21748, stack(0x00000066fc900000,0x00000066fca00000)]
  0x000001fb82665010 JavaThread "Unconstrained build operations Thread 17" [_thread_blocked, id=24800, stack(0x00000066fca00000,0x00000066fcb00000)]
  0x000001fb82664020 JavaThread "Unconstrained build operations Thread 18" [_thread_blocked, id=18028, stack(0x00000066fcb00000,0x00000066fcc00000)]
  0x000001fb82664ac0 JavaThread "Unconstrained build operations Thread 19" [_thread_blocked, id=18136, stack(0x00000066fcc00000,0x00000066fcd00000)]
  0x000001fb82665560 JavaThread "Unconstrained build operations Thread 20" [_thread_blocked, id=9896, stack(0x00000066fcd00000,0x00000066fce00000)]
  0x000001fb82662040 JavaThread "Unconstrained build operations Thread 21" [_thread_blocked, id=23296, stack(0x00000066fce00000,0x00000066fcf00000)]
  0x000001fb82666000 JavaThread "Unconstrained build operations Thread 22" [_thread_blocked, id=20604, stack(0x00000066fcf00000,0x00000066fd000000)]
  0x000001fb82666550 JavaThread "Unconstrained build operations Thread 23" [_thread_blocked, id=24648, stack(0x00000066fd000000,0x00000066fd100000)]
  0x000001fb82663580 JavaThread "Unconstrained build operations Thread 24" [_thread_blocked, id=23816, stack(0x00000066fd100000,0x00000066fd200000)]
  0x000001fb82666aa0 JavaThread "Unconstrained build operations Thread 25" [_thread_blocked, id=24616, stack(0x00000066fd200000,0x00000066fd300000)]
  0x000001fb803de430 JavaThread "Unconstrained build operations Thread 26" [_thread_blocked, id=9936, stack(0x00000066fd300000,0x00000066fd400000)]
  0x000001fb803de980 JavaThread "Unconstrained build operations Thread 27" [_thread_blocked, id=25532, stack(0x00000066fd400000,0x00000066fd500000)]
  0x000001fb803dfec0 JavaThread "Unconstrained build operations Thread 28" [_thread_blocked, id=22968, stack(0x00000066fd500000,0x00000066fd600000)]
  0x000001fb803df970 JavaThread "Unconstrained build operations Thread 29" [_thread_blocked, id=24508, stack(0x00000066fd600000,0x00000066fd700000)]
  0x000001fb803dc450 JavaThread "Unconstrained build operations Thread 30" [_thread_blocked, id=19892, stack(0x00000066fd700000,0x00000066fd800000)]
  0x000001fb803df420 JavaThread "Unconstrained build operations Thread 31" [_thread_blocked, id=22724, stack(0x00000066fd800000,0x00000066fd900000)]
  0x000001fb803dd990 JavaThread "Unconstrained build operations Thread 32" [_thread_blocked, id=25000, stack(0x00000066fd900000,0x00000066fda00000)]
  0x000001fb803dc9a0 JavaThread "Unconstrained build operations Thread 33" [_thread_blocked, id=25464, stack(0x00000066fda00000,0x00000066fdb00000)]
  0x000001fb803deed0 JavaThread "Unconstrained build operations Thread 34" [_thread_blocked, id=18784, stack(0x00000066fdb00000,0x00000066fdc00000)]
  0x000001fb803dcef0 JavaThread "Unconstrained build operations Thread 35" [_thread_blocked, id=23956, stack(0x00000066fdc00000,0x00000066fdd00000)]
  0x000001fb803e0960 JavaThread "Unconstrained build operations Thread 36" [_thread_blocked, id=3560, stack(0x00000066fdd00000,0x00000066fde00000)]
  0x000001fb803ddee0 JavaThread "Unconstrained build operations Thread 37" [_thread_blocked, id=24532, stack(0x00000066fde00000,0x00000066fdf00000)]
  0x000001fb803e0410 JavaThread "Unconstrained build operations Thread 38" [_thread_blocked, id=9100, stack(0x00000066fdf00000,0x00000066fe000000)]
  0x000001fb803e0eb0 JavaThread "Unconstrained build operations Thread 39" [_thread_blocked, id=4732, stack(0x00000066fe000000,0x00000066fe100000)]
  0x000001fb803dd440 JavaThread "Unconstrained build operations Thread 40" [_thread_blocked, id=19608, stack(0x00000066fe100000,0x00000066fe200000)]
  0x000001fb803e1400 JavaThread "Unconstrained build operations Thread 41" [_thread_blocked, id=15096, stack(0x00000066fe200000,0x00000066fe300000)]
  0x000001fb803e3930 JavaThread "Unconstrained build operations Thread 42" [_thread_blocked, id=24940, stack(0x00000066fe300000,0x00000066fe400000)]
  0x000001fb803e1950 JavaThread "Unconstrained build operations Thread 43" [_thread_blocked, id=21332, stack(0x00000066fe400000,0x00000066fe500000)]
  0x000001fb803e1ea0 JavaThread "Unconstrained build operations Thread 44" [_thread_blocked, id=25152, stack(0x00000066fe500000,0x00000066fe600000)]
  0x000001fb803e33e0 JavaThread "Unconstrained build operations Thread 45" [_thread_blocked, id=22508, stack(0x00000066fe600000,0x00000066fe700000)]
  0x000001fb826fd480 JavaThread "C1 CompilerThread2" daemon [_thread_blocked, id=4816, stack(0x00000066fb700000,0x00000066fb800000)]
  0x000001fb826fda10 JavaThread "C1 CompilerThread3" daemon [_thread_blocked, id=16672, stack(0x00000066fb800000,0x00000066fb900000)]
  0x000001fb831057f0 JavaThread "Memory manager" [_thread_blocked, id=7248, stack(0x00000066fe700000,0x00000066fe800000)]
  0x000001fb83105d40 JavaThread "build event listener" [_thread_blocked, id=25012, stack(0x00000066fb900000,0x00000066fba00000)]
  0x000001fb831077d0 JavaThread "Kotlin DSL Writer" [_thread_blocked, id=19584, stack(0x00000066fe800000,0x00000066fe900000)]

Other Threads:
=>0x000001fbb7a045f0 VMThread "VM Thread" [stack: 0x00000066f7e00000,0x00000066f7f00000] [id=11544]
  0x000001fb9b0c9e50 WatcherThread "VM Periodic Task Thread" [stack: 0x00000066f8a00000,0x00000066f8b00000] [id=20492]
  0x000001fb9b1283b0 WorkerThread "GC Thread#0" [stack: 0x00000066f7900000,0x00000066f7a00000] [id=20776]
  0x000001fbfda79eb0 WorkerThread "GC Thread#1" [stack: 0x00000066f8b00000,0x00000066f8c00000] [id=23576]
  0x000001fbfda7a9f0 WorkerThread "GC Thread#2" [stack: 0x00000066f8c00000,0x00000066f8d00000] [id=22060]
  0x000001fbfda7b530 WorkerThread "GC Thread#3" [stack: 0x00000066f8d00000,0x00000066f8e00000] [id=8560]
  0x000001fbfda79be0 WorkerThread "GC Thread#4" [stack: 0x00000066f8e00000,0x00000066f8f00000] [id=4836]
  0x000001fbfee9bb10 WorkerThread "GC Thread#5" [stack: 0x00000066f8f00000,0x00000066f9000000] [id=25588]
  0x000001fbfee9ad00 WorkerThread "GC Thread#6" [stack: 0x00000066f9000000,0x00000066f9100000] [id=24920]
  0x000001fbfee9afd0 WorkerThread "GC Thread#7" [stack: 0x00000066f9100000,0x00000066f9200000] [id=18632]
  0x000001fbfee9b2a0 WorkerThread "GC Thread#8" [stack: 0x00000066f9200000,0x00000066f9300000] [id=25004]
  0x000001fbfee9a1c0 WorkerThread "GC Thread#9" [stack: 0x00000066fa200000,0x00000066fa300000] [id=24580]
  0x000001fbfee990e0 WorkerThread "GC Thread#10" [stack: 0x00000066fa300000,0x00000066fa400000] [id=24788]
  0x000001fbfee9b570 WorkerThread "GC Thread#11" [stack: 0x00000066fa400000,0x00000066fa500000] [id=24424]
  0x000001fbfee99680 WorkerThread "GC Thread#12" [stack: 0x00000066fa500000,0x00000066fa600000] [id=21172]
  0x000001fb9b1391d0 ConcurrentGCThread "G1 Main Marker" [stack: 0x00000066f7a00000,0x00000066f7b00000] [id=25476]
  0x000001fb9b139b10 WorkerThread "G1 Conc#0" [stack: 0x00000066f7b00000,0x00000066f7c00000] [id=24468]
  0x000001fbfee99950 WorkerThread "G1 Conc#1" [stack: 0x00000066fa600000,0x00000066fa700000] [id=25136]
  0x000001fbfee9a490 WorkerThread "G1 Conc#2" [stack: 0x00000066fa700000,0x00000066fa800000] [id=9652]
  0x000001fb9b17eb20 ConcurrentGCThread "G1 Refine#0" [stack: 0x00000066f7c00000,0x00000066f7d00000] [id=23036]
  0x000001fbb78bc7d0 ConcurrentGCThread "G1 Service" [stack: 0x00000066f7d00000,0x00000066f7e00000] [id=21596]

Threads with active compile tasks:

VM state: at safepoint (normal execution)

VM Mutex/Monitor currently owned by a thread:  ([mutex/lock_event])
[0x000001fb9b0c3400] Threads_lock - owner thread: 0x000001fbb7a045f0
[0x000001fb9b0c3b50] Heap_lock - owner thread: 0x000001fbfd87d4b0

Heap address: 0x0000000080000000, size: 2048 MB, Compressed Oops mode: 32-bit

CDS archive(s) mapped at: [0x000001fbb8800000-0x000001fbb9460000-0x000001fbb9460000), size 12976128, SharedBaseAddress: 0x000001fbb8800000, ArchiveRelocationMode: 1.
Compressed class space mapped at: 0x000001fbb9800000-0x000001fbf9800000, reserved size: 1073741824
Narrow klass base: 0x000001fbb8800000, Narrow klass shift: 0, Narrow klass range: 0x100000000

GC Precious Log:
 CardTable entry size: 512
 Card Set container configuration: InlinePtr #cards 5 size 8 Array Of Cards #cards 12 size 40 Howl #buckets 4 coarsen threshold 1843 Howl Bitmap #cards 512 size 80 coarsen threshold 460 Card regions per heap region 1 cards per card region 2048
 CPUs: 16 total, 16 available
 Memory: 7896M
 Large Page Support: Disabled
 NUMA Support: Disabled
 Compressed Oops: Enabled (32-bit)
 Heap Region Size: 1M
 Heap Min Capacity: 8M
 Heap Initial Capacity: 124M
 Heap Max Capacity: 2G
 Pre-touch: Disabled
 Parallel Workers: 13
 Concurrent Workers: 3
 Concurrent Refinement Workers: 13
 Periodic GC: Disabled

Heap:
 garbage-first heap   total 177152K, used 123017K [0x0000000080000000, 0x0000000100000000)
  region size 1024K, 2 young (2048K), 2 survivors (2048K)
 Metaspace       used 105732K, committed 107968K, reserved 1179648K
  class space    used 14312K, committed 15424K, reserved 1048576K

Heap Regions: E=young(eden), S=young(survivor), O=old, HS=humongous(starts), HC=humongous(continues), CS=collection set, F=free, OA=open archive, CA=closed archive, TAMS=top-at-mark-start, PB=parsable bottom
|   0|0x0000000080000000, 0x0000000080100000, 0x0000000080100000|100%|HS|  |TAMS 0x0000000080100000| PB 0x0000000080000000| Complete 
|   1|0x0000000080100000, 0x0000000080200000, 0x0000000080200000|100%|HC|  |TAMS 0x0000000080200000| PB 0x0000000080100000| Complete 
|   2|0x0000000080200000, 0x0000000080300000, 0x0000000080300000|100%|HC|  |TAMS 0x0000000080300000| PB 0x0000000080200000| Complete 
|   3|0x0000000080300000, 0x0000000080400000, 0x0000000080400000|100%| O|  |TAMS 0x0000000080400000| PB 0x0000000080300000| Untracked 
|   4|0x0000000080400000, 0x0000000080500000, 0x0000000080500000|100%| O|  |TAMS 0x0000000080500000| PB 0x0000000080400000| Untracked 
|   5|0x0000000080500000, 0x0000000080600000, 0x0000000080600000|100%| O|  |TAMS 0x0000000080600000| PB 0x0000000080500000| Untracked 
|   6|0x0000000080600000, 0x0000000080700000, 0x0000000080700000|100%|HS|  |TAMS 0x0000000080700000| PB 0x0000000080600000| Complete 
|   7|0x0000000080700000, 0x0000000080800000, 0x0000000080800000|100%| O|  |TAMS 0x0000000080800000| PB 0x0000000080700000| Untracked 
|   8|0x0000000080800000, 0x0000000080900000, 0x0000000080900000|100%| O|  |TAMS 0x0000000080900000| PB 0x0000000080800000| Untracked 
|   9|0x0000000080900000, 0x0000000080a00000, 0x0000000080a00000|100%| O|  |TAMS 0x0000000080a00000| PB 0x0000000080900000| Untracked 
|  10|0x0000000080a00000, 0x0000000080b00000, 0x0000000080b00000|100%| O|  |TAMS 0x0000000080b00000| PB 0x0000000080a00000| Untracked 
|  11|0x0000000080b00000, 0x0000000080c00000, 0x0000000080c00000|100%| O|  |TAMS 0x0000000080c00000| PB 0x0000000080b00000| Untracked 
|  12|0x0000000080c00000, 0x0000000080d00000, 0x0000000080d00000|100%| O|  |TAMS 0x0000000080d00000| PB 0x0000000080c00000| Untracked 
|  13|0x0000000080d00000, 0x0000000080e00000, 0x0000000080e00000|100%| O|  |TAMS 0x0000000080e00000| PB 0x0000000080d00000| Untracked 
|  14|0x0000000080e00000, 0x0000000080f00000, 0x0000000080f00000|100%| O|  |TAMS 0x0000000080f00000| PB 0x0000000080e00000| Untracked 
|  15|0x0000000080f00000, 0x0000000081000000, 0x0000000081000000|100%| O|  |TAMS 0x0000000081000000| PB 0x0000000080f00000| Untracked 
|  16|0x0000000081000000, 0x0000000081100000, 0x0000000081100000|100%| O|  |TAMS 0x0000000081100000| PB 0x0000000081000000| Untracked 
|  17|0x0000000081100000, 0x0000000081200000, 0x0000000081200000|100%| O|  |TAMS 0x0000000081200000| PB 0x0000000081100000| Untracked 
|  18|0x0000000081200000, 0x0000000081300000, 0x0000000081300000|100%| O|  |TAMS 0x0000000081300000| PB 0x0000000081200000| Untracked 
|  19|0x0000000081300000, 0x0000000081400000, 0x0000000081400000|100%| O|  |TAMS 0x0000000081400000| PB 0x0000000081300000| Untracked 
|  20|0x0000000081400000, 0x0000000081500000, 0x0000000081500000|100%| O|  |TAMS 0x0000000081500000| PB 0x0000000081400000| Untracked 
|  21|0x0000000081500000, 0x0000000081600000, 0x0000000081600000|100%| O|  |TAMS 0x0000000081600000| PB 0x0000000081500000| Untracked 
|  22|0x0000000081600000, 0x0000000081700000, 0x0000000081700000|100%| O|  |TAMS 0x0000000081700000| PB 0x0000000081600000| Untracked 
|  23|0x0000000081700000, 0x0000000081800000, 0x0000000081800000|100%| O|  |TAMS 0x0000000081800000| PB 0x0000000081700000| Untracked 
|  24|0x0000000081800000, 0x0000000081900000, 0x0000000081900000|100%| O|  |TAMS 0x0000000081900000| PB 0x0000000081800000| Untracked 
|  25|0x0000000081900000, 0x0000000081a00000, 0x0000000081a00000|100%| O|  |TAMS 0x0000000081a00000| PB 0x0000000081900000| Untracked 
|  26|0x0000000081a00000, 0x0000000081b00000, 0x0000000081b00000|100%| O|  |TAMS 0x0000000081b00000| PB 0x0000000081a00000| Untracked 
|  27|0x0000000081b00000, 0x0000000081c00000, 0x0000000081c00000|100%| O|  |TAMS 0x0000000081c00000| PB 0x0000000081b00000| Untracked 
|  28|0x0000000081c00000, 0x0000000081d00000, 0x0000000081d00000|100%| O|  |TAMS 0x0000000081d00000| PB 0x0000000081c00000| Untracked 
|  29|0x0000000081d00000, 0x0000000081e00000, 0x0000000081e00000|100%| O|  |TAMS 0x0000000081e00000| PB 0x0000000081d00000| Untracked 
|  30|0x0000000081e00000, 0x0000000081f00000, 0x0000000081f00000|100%| O|  |TAMS 0x0000000081e00000| PB 0x0000000081e00000| Untracked 
|  31|0x0000000081f00000, 0x0000000082000000, 0x0000000082000000|100%| O|  |TAMS 0x0000000082000000| PB 0x0000000081f00000| Untracked 
|  32|0x0000000082000000, 0x0000000082100000, 0x0000000082100000|100%|HS|  |TAMS 0x0000000082100000| PB 0x0000000082000000| Complete 
|  33|0x0000000082100000, 0x0000000082200000, 0x0000000082200000|100%| O|  |TAMS 0x0000000082200000| PB 0x0000000082100000| Untracked 
|  34|0x0000000082200000, 0x0000000082300000, 0x0000000082300000|100%| O|  |TAMS 0x0000000082300000| PB 0x0000000082200000| Untracked 
|  35|0x0000000082300000, 0x0000000082400000, 0x0000000082400000|100%| O|  |TAMS 0x0000000082400000| PB 0x0000000082300000| Untracked 
|  36|0x0000000082400000, 0x0000000082500000, 0x0000000082500000|100%| O|  |TAMS 0x0000000082500000| PB 0x0000000082400000| Untracked 
|  37|0x0000000082500000, 0x0000000082600000, 0x0000000082600000|100%| O|  |TAMS 0x0000000082600000| PB 0x0000000082500000| Untracked 
|  38|0x0000000082600000, 0x0000000082700000, 0x0000000082700000|100%| O|  |TAMS 0x0000000082700000| PB 0x0000000082600000| Untracked 
|  39|0x0000000082700000, 0x0000000082800000, 0x0000000082800000|100%| O|  |TAMS 0x0000000082800000| PB 0x0000000082700000| Untracked 
|  40|0x0000000082800000, 0x0000000082900000, 0x0000000082900000|100%| O|  |TAMS 0x0000000082900000| PB 0x0000000082800000| Untracked 
|  41|0x0000000082900000, 0x0000000082a00000, 0x0000000082a00000|100%| O|  |TAMS 0x0000000082a00000| PB 0x0000000082900000| Untracked 
|  42|0x0000000082a00000, 0x0000000082b00000, 0x0000000082b00000|100%| O|  |TAMS 0x0000000082b00000| PB 0x0000000082a00000| Untracked 
|  43|0x0000000082b00000, 0x0000000082c00000, 0x0000000082c00000|100%| O|  |TAMS 0x0000000082c00000| PB 0x0000000082b00000| Untracked 
|  44|0x0000000082c00000, 0x0000000082d00000, 0x0000000082d00000|100%| O|  |TAMS 0x0000000082d00000| PB 0x0000000082c00000| Untracked 
|  45|0x0000000082d00000, 0x0000000082e00000, 0x0000000082e00000|100%| O|  |TAMS 0x0000000082e00000| PB 0x0000000082d00000| Untracked 
|  46|0x0000000082e00000, 0x0000000082f00000, 0x0000000082f00000|100%| O|  |TAMS 0x0000000082f00000| PB 0x0000000082e00000| Untracked 
|  47|0x0000000082f00000, 0x0000000083000000, 0x0000000083000000|100%| O|  |TAMS 0x0000000083000000| PB 0x0000000082f00000| Untracked 
|  48|0x0000000083000000, 0x0000000083100000, 0x0000000083100000|100%|HS|  |TAMS 0x0000000083100000| PB 0x0000000083000000| Complete 
|  49|0x0000000083100000, 0x0000000083200000, 0x0000000083200000|100%|HS|  |TAMS 0x0000000083200000| PB 0x0000000083100000| Complete 
|  50|0x0000000083200000, 0x0000000083300000, 0x0000000083300000|100%|HC|  |TAMS 0x0000000083300000| PB 0x0000000083200000| Complete 
|  51|0x0000000083300000, 0x0000000083400000, 0x0000000083400000|100%|HS|  |TAMS 0x0000000083400000| PB 0x0000000083300000| Complete 
|  52|0x0000000083400000, 0x0000000083500000, 0x0000000083500000|100%|HC|  |TAMS 0x0000000083500000| PB 0x0000000083400000| Complete 
|  53|0x0000000083500000, 0x0000000083600000, 0x0000000083600000|100%|HS|  |TAMS 0x0000000083600000| PB 0x0000000083500000| Complete 
|  54|0x0000000083600000, 0x0000000083700000, 0x0000000083700000|100%|HS|  |TAMS 0x0000000083700000| PB 0x0000000083600000| Complete 
|  55|0x0000000083700000, 0x0000000083800000, 0x0000000083800000|100%|HS|  |TAMS 0x0000000083800000| PB 0x0000000083700000| Complete 
|  56|0x0000000083800000, 0x0000000083900000, 0x0000000083900000|100%| O|  |TAMS 0x0000000083900000| PB 0x0000000083800000| Untracked 
|  57|0x0000000083900000, 0x0000000083a00000, 0x0000000083a00000|100%| O|  |TAMS 0x0000000083a00000| PB 0x0000000083900000| Untracked 
|  58|0x0000000083a00000, 0x0000000083b00000, 0x0000000083b00000|100%| O|  |TAMS 0x0000000083b00000| PB 0x0000000083a00000| Untracked 
|  59|0x0000000083b00000, 0x0000000083c00000, 0x0000000083c00000|100%|HS|  |TAMS 0x0000000083c00000| PB 0x0000000083b00000| Complete 
|  60|0x0000000083c00000, 0x0000000083d00000, 0x0000000083d00000|100%|HS|  |TAMS 0x0000000083d00000| PB 0x0000000083c00000| Complete 
|  61|0x0000000083d00000, 0x0000000083e00000, 0x0000000083e00000|100%| O|  |TAMS 0x0000000083e00000| PB 0x0000000083d00000| Untracked 
|  62|0x0000000083e00000, 0x0000000083f00000, 0x0000000083f00000|100%| O|  |TAMS 0x0000000083f00000| PB 0x0000000083e00000| Untracked 
|  63|0x0000000083f00000, 0x0000000084000000, 0x0000000084000000|100%| O|  |TAMS 0x0000000084000000| PB 0x0000000083f00000| Untracked 
|  64|0x0000000084000000, 0x0000000084100000, 0x0000000084100000|100%| O|  |TAMS 0x0000000084100000| PB 0x0000000084000000| Untracked 
|  65|0x0000000084100000, 0x0000000084200000, 0x0000000084200000|100%| O|  |TAMS 0x0000000084200000| PB 0x0000000084100000| Untracked 
|  66|0x0000000084200000, 0x0000000084300000, 0x0000000084300000|100%| O|  |TAMS 0x0000000084300000| PB 0x0000000084200000| Untracked 
|  67|0x0000000084300000, 0x0000000084400000, 0x0000000084400000|100%| O|  |TAMS 0x0000000084300000| PB 0x0000000084300000| Untracked 
|  68|0x0000000084400000, 0x0000000084500000, 0x0000000084500000|100%| O|  |TAMS 0x0000000084500000| PB 0x0000000084400000| Untracked 
|  69|0x0000000084500000, 0x0000000084600000, 0x0000000084600000|100%| O|  |TAMS 0x0000000084600000| PB 0x0000000084500000| Untracked 
|  70|0x0000000084600000, 0x0000000084700000, 0x0000000084700000|100%| O|  |TAMS 0x0000000084700000| PB 0x0000000084600000| Untracked 
|  71|0x0000000084700000, 0x0000000084800000, 0x0000000084800000|100%| O|  |TAMS 0x0000000084800000| PB 0x0000000084700000| Untracked 
|  72|0x0000000084800000, 0x0000000084900000, 0x0000000084900000|100%| O|  |TAMS 0x0000000084900000| PB 0x0000000084800000| Untracked 
|  73|0x0000000084900000, 0x0000000084a00000, 0x0000000084a00000|100%| O|  |TAMS 0x0000000084a00000| PB 0x0000000084900000| Untracked 
|  74|0x0000000084a00000, 0x0000000084b00000, 0x0000000084b00000|100%| O|  |TAMS 0x0000000084b00000| PB 0x0000000084a00000| Untracked 
|  75|0x0000000084b00000, 0x0000000084c00000, 0x0000000084c00000|100%| O|  |TAMS 0x0000000084c00000| PB 0x0000000084b00000| Untracked 
|  76|0x0000000084c00000, 0x0000000084d00000, 0x0000000084d00000|100%| O|  |TAMS 0x0000000084d00000| PB 0x0000000084c00000| Untracked 
|  77|0x0000000084d00000, 0x0000000084e00000, 0x0000000084e00000|100%| O|  |TAMS 0x0000000084e00000| PB 0x0000000084d00000| Untracked 
|  78|0x0000000084e00000, 0x0000000084f00000, 0x0000000084f00000|100%| O|  |TAMS 0x0000000084f00000| PB 0x0000000084e00000| Untracked 
|  79|0x0000000084f00000, 0x0000000085000000, 0x0000000085000000|100%|HS|  |TAMS 0x0000000085000000| PB 0x0000000084f00000| Complete 
|  80|0x0000000085000000, 0x0000000085100000, 0x0000000085100000|100%| O|  |TAMS 0x0000000085100000| PB 0x0000000085000000| Untracked 
|  81|0x0000000085100000, 0x0000000085200000, 0x0000000085200000|100%| O|  |TAMS 0x0000000085200000| PB 0x0000000085100000| Untracked 
|  82|0x0000000085200000, 0x0000000085300000, 0x0000000085300000|100%| O|  |TAMS 0x0000000085300000| PB 0x0000000085200000| Untracked 
|  83|0x0000000085300000, 0x0000000085400000, 0x0000000085400000|100%| O|  |TAMS 0x0000000085300000| PB 0x0000000085300000| Untracked 
|  84|0x0000000085400000, 0x0000000085500000, 0x0000000085500000|100%| O|  |TAMS 0x0000000085500000| PB 0x0000000085400000| Untracked 
|  85|0x0000000085500000, 0x0000000085600000, 0x0000000085600000|100%| O|  |TAMS 0x0000000085600000| PB 0x0000000085500000| Untracked 
|  86|0x0000000085600000, 0x0000000085700000, 0x0000000085700000|100%| O|  |TAMS 0x0000000085700000| PB 0x0000000085600000| Untracked 
|  87|0x0000000085700000, 0x0000000085800000, 0x0000000085800000|100%| O|  |TAMS 0x0000000085800000| PB 0x0000000085700000| Untracked 
|  88|0x0000000085800000, 0x0000000085900000, 0x0000000085900000|100%| O|  |TAMS 0x0000000085900000| PB 0x0000000085800000| Untracked 
|  89|0x0000000085900000, 0x0000000085a00000, 0x0000000085a00000|100%| O|  |TAMS 0x0000000085a00000| PB 0x0000000085900000| Untracked 
|  90|0x0000000085a00000, 0x0000000085b00000, 0x0000000085b00000|100%| O|  |TAMS 0x0000000085b00000| PB 0x0000000085a00000| Untracked 
|  91|0x0000000085b00000, 0x0000000085c00000, 0x0000000085c00000|100%| O|  |TAMS 0x0000000085c00000| PB 0x0000000085b00000| Untracked 
|  92|0x0000000085c00000, 0x0000000085d00000, 0x0000000085d00000|100%| O|  |TAMS 0x0000000085d00000| PB 0x0000000085c00000| Untracked 
|  93|0x0000000085d00000, 0x0000000085e00000, 0x0000000085e00000|100%| O|  |TAMS 0x0000000085e00000| PB 0x0000000085d00000| Untracked 
|  94|0x0000000085e00000, 0x0000000085f00000, 0x0000000085f00000|100%| O|  |TAMS 0x0000000085f00000| PB 0x0000000085e00000| Untracked 
|  95|0x0000000085f00000, 0x0000000086000000, 0x0000000086000000|100%| O|  |TAMS 0x0000000086000000| PB 0x0000000085f00000| Untracked 
|  96|0x0000000086000000, 0x0000000086100000, 0x0000000086100000|100%| O|  |TAMS 0x0000000086000000| PB 0x0000000086000000| Untracked 
|  97|0x0000000086100000, 0x0000000086200000, 0x0000000086200000|100%| O|  |TAMS 0x0000000086100000| PB 0x0000000086100000| Untracked 
|  98|0x0000000086200000, 0x0000000086300000, 0x0000000086300000|100%| O|  |TAMS 0x0000000086200000| PB 0x0000000086200000| Untracked 
|  99|0x0000000086300000, 0x0000000086400000, 0x0000000086400000|100%| O|  |TAMS 0x0000000086300000| PB 0x0000000086300000| Untracked 
| 100|0x0000000086400000, 0x000000008649f200, 0x0000000086500000| 62%| O|  |TAMS 0x0000000086400000| PB 0x0000000086400000| Untracked 
| 101|0x0000000086500000, 0x0000000086500000, 0x0000000086600000|  0%| F|  |TAMS 0x0000000086500000| PB 0x0000000086500000| Untracked 
| 102|0x0000000086600000, 0x0000000086600000, 0x0000000086700000|  0%| F|  |TAMS 0x0000000086600000| PB 0x0000000086600000| Untracked 
| 103|0x0000000086700000, 0x0000000086700000, 0x0000000086800000|  0%| F|  |TAMS 0x0000000086700000| PB 0x0000000086700000| Untracked 
| 104|0x0000000086800000, 0x0000000086900000, 0x0000000086900000|100%| O|  |TAMS 0x0000000086900000| PB 0x0000000086800000| Untracked 
| 105|0x0000000086900000, 0x0000000086a00000, 0x0000000086a00000|100%| O|  |TAMS 0x0000000086a00000| PB 0x0000000086900000| Untracked 
| 106|0x0000000086a00000, 0x0000000086b00000, 0x0000000086b00000|100%| O|  |TAMS 0x0000000086b00000| PB 0x0000000086a00000| Untracked 
| 107|0x0000000086b00000, 0x0000000086c00000, 0x0000000086c00000|100%| O|  |TAMS 0x0000000086c00000| PB 0x0000000086b00000| Untracked 
| 108|0x0000000086c00000, 0x0000000086d00000, 0x0000000086d00000|100%| O|  |TAMS 0x0000000086d00000| PB 0x0000000086c00000| Untracked 
| 109|0x0000000086d00000, 0x0000000086e00000, 0x0000000086e00000|100%| O|  |TAMS 0x0000000086dd2c00| PB 0x0000000086d00000| Untracked 
| 110|0x0000000086e00000, 0x0000000086e00000, 0x0000000086f00000|  0%| F|  |TAMS 0x0000000086e00000| PB 0x0000000086e00000| Untracked 
| 111|0x0000000086f00000, 0x0000000086f00000, 0x0000000087000000|  0%| F|  |TAMS 0x0000000086f00000| PB 0x0000000086f00000| Untracked 
| 112|0x0000000087000000, 0x0000000087000000, 0x0000000087100000|  0%| F|  |TAMS 0x0000000087000000| PB 0x0000000087000000| Untracked 
| 113|0x0000000087100000, 0x0000000087100000, 0x0000000087200000|  0%| F|  |TAMS 0x0000000087100000| PB 0x0000000087100000| Untracked 
| 114|0x0000000087200000, 0x0000000087200000, 0x0000000087300000|  0%| F|  |TAMS 0x0000000087200000| PB 0x0000000087200000| Untracked 
| 115|0x0000000087300000, 0x0000000087300000, 0x0000000087400000|  0%| F|  |TAMS 0x0000000087300000| PB 0x0000000087300000| Untracked 
| 116|0x0000000087400000, 0x0000000087400000, 0x0000000087500000|  0%| F|  |TAMS 0x0000000087400000| PB 0x0000000087400000| Untracked 
| 117|0x0000000087500000, 0x0000000087500000, 0x0000000087600000|  0%| F|  |TAMS 0x0000000087500000| PB 0x0000000087500000| Untracked 
| 118|0x0000000087600000, 0x0000000087600000, 0x0000000087700000|  0%| F|  |TAMS 0x0000000087600000| PB 0x0000000087600000| Untracked 
| 119|0x0000000087700000, 0x0000000087700000, 0x0000000087800000|  0%| F|  |TAMS 0x0000000087700000| PB 0x0000000087700000| Untracked 
| 120|0x0000000087800000, 0x0000000087800000, 0x0000000087900000|  0%| F|  |TAMS 0x0000000087800000| PB 0x0000000087800000| Untracked 
| 121|0x0000000087900000, 0x0000000087900000, 0x0000000087a00000|  0%| F|  |TAMS 0x0000000087900000| PB 0x0000000087900000| Untracked 
| 122|0x0000000087a00000, 0x0000000087a00000, 0x0000000087b00000|  0%| F|  |TAMS 0x0000000087a00000| PB 0x0000000087a00000| Untracked 
| 123|0x0000000087b00000, 0x0000000087b00000, 0x0000000087c00000|  0%| F|  |TAMS 0x0000000087b00000| PB 0x0000000087b00000| Untracked 
| 124|0x0000000087c00000, 0x0000000087c00000, 0x0000000087d00000|  0%| F|  |TAMS 0x0000000087c00000| PB 0x0000000087c00000| Untracked 
| 125|0x0000000087d00000, 0x0000000087d00000, 0x0000000087e00000|  0%| F|  |TAMS 0x0000000087d00000| PB 0x0000000087d00000| Untracked 
| 126|0x0000000087e00000, 0x0000000087e00000, 0x0000000087f00000|  0%| F|  |TAMS 0x0000000087e00000| PB 0x0000000087e00000| Untracked 
| 127|0x0000000087f00000, 0x0000000087f00000, 0x0000000088000000|  0%| F|  |TAMS 0x0000000087f00000| PB 0x0000000087f00000| Untracked 
| 128|0x0000000088000000, 0x0000000088000000, 0x0000000088100000|  0%| F|  |TAMS 0x0000000088000000| PB 0x0000000088000000| Untracked 
| 129|0x0000000088100000, 0x0000000088100000, 0x0000000088200000|  0%| F|  |TAMS 0x0000000088100000| PB 0x0000000088100000| Untracked 
| 130|0x0000000088200000, 0x0000000088200000, 0x0000000088300000|  0%| F|  |TAMS 0x0000000088200000| PB 0x0000000088200000| Untracked 
| 131|0x0000000088300000, 0x0000000088300000, 0x0000000088400000|  0%| F|  |TAMS 0x0000000088300000| PB 0x0000000088300000| Untracked 
| 132|0x0000000088400000, 0x0000000088400000, 0x0000000088500000|  0%| F|  |TAMS 0x0000000088400000| PB 0x0000000088400000| Untracked 
| 133|0x0000000088500000, 0x0000000088500000, 0x0000000088600000|  0%| F|  |TAMS 0x0000000088500000| PB 0x0000000088500000| Untracked 
| 134|0x0000000088600000, 0x0000000088600000, 0x0000000088700000|  0%| F|  |TAMS 0x0000000088600000| PB 0x0000000088600000| Untracked 
| 135|0x0000000088700000, 0x0000000088700000, 0x0000000088800000|  0%| F|  |TAMS 0x0000000088700000| PB 0x0000000088700000| Untracked 
| 136|0x0000000088800000, 0x0000000088800000, 0x0000000088900000|  0%| F|  |TAMS 0x0000000088800000| PB 0x0000000088800000| Untracked 
| 137|0x0000000088900000, 0x0000000088900000, 0x0000000088a00000|  0%| F|  |TAMS 0x0000000088900000| PB 0x0000000088900000| Untracked 
| 138|0x0000000088a00000, 0x0000000088a00000, 0x0000000088b00000|  0%| F|  |TAMS 0x0000000088a00000| PB 0x0000000088a00000| Untracked 
| 139|0x0000000088b00000, 0x0000000088b00000, 0x0000000088c00000|  0%| F|  |TAMS 0x0000000088b00000| PB 0x0000000088b00000| Untracked 
| 140|0x0000000088c00000, 0x0000000088c00000, 0x0000000088d00000|  0%| F|  |TAMS 0x0000000088c00000| PB 0x0000000088c00000| Untracked 
| 141|0x0000000088d00000, 0x0000000088d00000, 0x0000000088e00000|  0%| F|  |TAMS 0x0000000088d00000| PB 0x0000000088d00000| Untracked 
| 142|0x0000000088e00000, 0x0000000088e00000, 0x0000000088f00000|  0%| F|  |TAMS 0x0000000088e00000| PB 0x0000000088e00000| Untracked 
| 143|0x0000000088f00000, 0x0000000088f00000, 0x0000000089000000|  0%| F|  |TAMS 0x0000000088f00000| PB 0x0000000088f00000| Untracked 
| 144|0x0000000089000000, 0x0000000089000000, 0x0000000089100000|  0%| F|  |TAMS 0x0000000089000000| PB 0x0000000089000000| Untracked 
| 145|0x0000000089100000, 0x0000000089100000, 0x0000000089200000|  0%| F|  |TAMS 0x0000000089100000| PB 0x0000000089100000| Untracked 
| 146|0x0000000089200000, 0x0000000089200000, 0x0000000089300000|  0%| F|  |TAMS 0x0000000089200000| PB 0x0000000089200000| Untracked 
| 147|0x0000000089300000, 0x0000000089300000, 0x0000000089400000|  0%| F|  |TAMS 0x0000000089300000| PB 0x0000000089300000| Untracked 
| 148|0x0000000089400000, 0x0000000089483478, 0x0000000089500000| 51%| S|CS|TAMS 0x0000000089400000| PB 0x0000000089400000| Complete 
| 149|0x0000000089500000, 0x0000000089600000, 0x0000000089600000|100%| S|CS|TAMS 0x0000000089500000| PB 0x0000000089500000| Complete 
| 150|0x0000000089600000, 0x0000000089600000, 0x0000000089700000|  0%| F|  |TAMS 0x0000000089600000| PB 0x0000000089600000| Untracked 
| 151|0x0000000089700000, 0x0000000089700000, 0x0000000089800000|  0%| F|  |TAMS 0x0000000089700000| PB 0x0000000089700000| Untracked 
| 152|0x0000000089800000, 0x0000000089800000, 0x0000000089900000|  0%| F|  |TAMS 0x0000000089800000| PB 0x0000000089800000| Untracked 
| 153|0x0000000089900000, 0x0000000089900000, 0x0000000089a00000|  0%| F|  |TAMS 0x0000000089900000| PB 0x0000000089900000| Untracked 
| 154|0x0000000089a00000, 0x0000000089a00000, 0x0000000089b00000|  0%| F|  |TAMS 0x0000000089a00000| PB 0x0000000089a00000| Untracked 
| 155|0x0000000089b00000, 0x0000000089b00000, 0x0000000089c00000|  0%| F|  |TAMS 0x0000000089b00000| PB 0x0000000089b00000| Untracked 
| 156|0x0000000089c00000, 0x0000000089c00000, 0x0000000089d00000|  0%| F|  |TAMS 0x0000000089c00000| PB 0x0000000089c00000| Untracked 
| 157|0x0000000089d00000, 0x0000000089d00000, 0x0000000089e00000|  0%| F|  |TAMS 0x0000000089d00000| PB 0x0000000089d00000| Untracked 
| 158|0x0000000089e00000, 0x0000000089e00000, 0x0000000089f00000|  0%| F|  |TAMS 0x0000000089e00000| PB 0x0000000089e00000| Untracked 
| 159|0x0000000089f00000, 0x0000000089f00000, 0x000000008a000000|  0%| F|  |TAMS 0x0000000089f00000| PB 0x0000000089f00000| Untracked 
| 160|0x000000008a000000, 0x000000008a000000, 0x000000008a100000|  0%| F|  |TAMS 0x000000008a000000| PB 0x000000008a000000| Untracked 
|2036|0x00000000ff400000, 0x00000000ff500000, 0x00000000ff500000|100%| O|  |TAMS 0x00000000ff500000| PB 0x00000000ff400000| Untracked 
|2037|0x00000000ff500000, 0x00000000ff600000, 0x00000000ff600000|100%| O|  |TAMS 0x00000000ff600000| PB 0x00000000ff500000| Untracked 
|2038|0x00000000ff600000, 0x00000000ff700000, 0x00000000ff700000|100%| O|  |TAMS 0x00000000ff700000| PB 0x00000000ff600000| Untracked 
|2039|0x00000000ff700000, 0x00000000ff800000, 0x00000000ff800000|100%| O|  |TAMS 0x00000000ff800000| PB 0x00000000ff700000| Untracked 
|2040|0x00000000ff800000, 0x00000000ff900000, 0x00000000ff900000|100%| O|  |TAMS 0x00000000ff900000| PB 0x00000000ff800000| Untracked 
|2041|0x00000000ff900000, 0x00000000ffa00000, 0x00000000ffa00000|100%| O|  |TAMS 0x00000000ffa00000| PB 0x00000000ff900000| Untracked 
|2042|0x00000000ffa00000, 0x00000000ffb00000, 0x00000000ffb00000|100%| O|  |TAMS 0x00000000ffb00000| PB 0x00000000ffa00000| Untracked 
|2043|0x00000000ffb00000, 0x00000000ffc00000, 0x00000000ffc00000|100%| O|  |TAMS 0x00000000ffc00000| PB 0x00000000ffb00000| Untracked 
|2044|0x00000000ffc00000, 0x00000000ffd00000, 0x00000000ffd00000|100%| O|  |TAMS 0x00000000ffd00000| PB 0x00000000ffc00000| Untracked 
|2045|0x00000000ffd00000, 0x00000000ffe00000, 0x00000000ffe00000|100%| O|  |TAMS 0x00000000ffe00000| PB 0x00000000ffd00000| Untracked 
|2046|0x00000000ffe00000, 0x00000000fff00000, 0x00000000fff00000|100%| O|  |TAMS 0x00000000fff00000| PB 0x00000000ffe00000| Untracked 
|2047|0x00000000fff00000, 0x0000000100000000, 0x0000000100000000|100%| O|  |TAMS 0x0000000100000000| PB 0x00000000fff00000| Untracked 

Card table byte_map: [0x000001fbb2e20000,0x000001fbb3220000] _byte_map_base: 0x000001fbb2a20000

Marking Bits: (CMBitMap*) 0x000001fb9b1288f0
 Bits: [0x000001fbb3620000, 0x000001fbb5620000)

Polling page: 0x000001fb99000000

Metaspace:

Usage:
  Non-class:     89.28 MB used.
      Class:     13.98 MB used.
       Both:    103.25 MB used.

Virtual space:
  Non-class space:      128.00 MB reserved,      90.38 MB ( 71%) committed,  2 nodes.
      Class space:        1.00 GB reserved,      15.06 MB (  1%) committed,  1 nodes.
             Both:        1.12 GB reserved,     105.44 MB (  9%) committed. 

Chunk freelists:
   Non-Class:  1.45 MB
       Class:  896.00 KB
        Both:  2.33 MB

MaxMetaspaceSize: unlimited
CompressedClassSpaceSize: 1.00 GB
Initial GC threshold: 21.00 MB
Current GC threshold: 170.31 MB
CDS: on
MetaspaceReclaimPolicy: balanced
 - commit_granule_bytes: 65536.
 - commit_granule_words: 8192.
 - virtual_space_node_default_size: 8388608.
 - enlarge_chunks_in_place: 1.
 - new_chunks_are_fully_committed: 0.
 - uncommit_free_chunks: 1.
 - use_allocation_guard: 0.


Internal statistics:

num_allocs_failed_limit: 12.
num_arena_births: 4014.
num_arena_deaths: 0.
num_vsnodes_births: 3.
num_vsnodes_deaths: 0.
num_space_committed: 1685.
num_space_uncommitted: 0.
num_chunks_returned_to_freelist: 12.
num_chunks_taken_from_freelist: 8641.
num_chunk_merges: 6.
num_chunk_splits: 5813.
num_chunks_enlarged: 3846.
num_inconsistent_stats: 0.

CodeHeap 'non-profiled nmethods': size=119168Kb used=6240Kb max_used=6240Kb free=112927Kb
 bounds [0x000001fbaad30000, 0x000001fbab350000, 0x000001fbb2190000]
CodeHeap 'profiled nmethods': size=119104Kb used=22484Kb max_used=22484Kb free=96619Kb
 bounds [0x000001fba3190000, 0x000001fba4790000, 0x000001fbaa5e0000]
CodeHeap 'non-nmethods': size=7488Kb used=4651Kb max_used=4668Kb free=2836Kb
 bounds [0x000001fbaa5e0000, 0x000001fbaaa80000, 0x000001fbaad30000]
 total_blobs=12760 nmethods=11757 adapters=910
 compilation: enabled
              stopped_count=0, restarted_count=0
 full_count=0

Compilation events (20 events):
Event: 88.351 Thread 0x000001fb826fda10 nmethod 13829 0x000001fba4452990 code [0x000001fba4452b40, 0x000001fba4452e28]
Event: 88.351 Thread 0x000001fbb7a32380 nmethod 13828 0x000001fba4452490 code [0x000001fba4452640, 0x000001fba44528f0]
Event: 88.351 Thread 0x000001fb80caf880 nmethod 13827 0x000001fba4452010 code [0x000001fba44521a0, 0x000001fba4452368]
Event: 88.353 Thread 0x000001fbb7a2d870 nmethod 13824 0x000001fbab347290 code [0x000001fbab347400, 0x000001fbab347ce0]
Event: 88.353 Thread 0x000001fbb7a2d870 13825       4       kotlin.collections.CollectionsKt__IterablesKt::collectionSizeOrDefault (27 bytes)
Event: 88.354 Thread 0x000001fbb7a2d870 nmethod 13825 0x000001fbab347e10 code [0x000001fbab347f80, 0x000001fbab348060]
Event: 88.376 Thread 0x000001fb826fd480 13830       3       java.util.Collections$UnmodifiableMap::get (11 bytes)
Event: 88.377 Thread 0x000001fb826fd480 nmethod 13830 0x000001fba4451c10 code [0x000001fba4451da0, 0x000001fba4451f70]
Event: 88.378 Thread 0x000001fb80caf880 13831       3       jdk.internal.jimage.BasicImageReader::getLocation (6 bytes)
Event: 88.378 Thread 0x000001fbb7a32380 13832       3       jdk.internal.jimage.ImageLocation::readFrom (26 bytes)
Event: 88.378 Thread 0x000001fb826fd480 13833       3       jdk.internal.jimage.ImageReader$SharedImageReader$$Lambda$1770/0x000001fbba6646d8::visit (13 bytes)
Event: 88.378 Thread 0x000001fb826fda10 13834       3       jdk.internal.jimage.ImageReader$SharedImageReader::lambda$handleModulesSubTree$1 (58 bytes)
Event: 88.378 Thread 0x000001fb826fd480 nmethod 13833 0x000001fba4451610 code [0x000001fba44517a0, 0x000001fba44518e8]
Event: 88.378 Thread 0x000001fb80caf880 nmethod 13831 0x000001fba427dc90 code [0x000001fba427de20, 0x000001fba427df50]
Event: 88.378 Thread 0x000001fb826fd480 13835       3       jdk.internal.jimage.ImageLocation::getFullName (6 bytes)
Event: 88.378 Thread 0x000001fb826fd480 nmethod 13835 0x000001fba427d910 code [0x000001fba427daa0, 0x000001fba427dbf8]
Event: 88.378 Thread 0x000001fb826fda10 nmethod 13834 0x000001fba427cc90 code [0x000001fba427cee0, 0x000001fba427d5c0]
Event: 88.379 Thread 0x000001fbb7a32380 nmethod 13832 0x000001fba427bc90 code [0x000001fba427bec0, 0x000001fba427c8c8]
Event: 88.379 Thread 0x000001fbb7a32380 13836       3       org.jetbrains.kotlin.com.intellij.openapi.util.text.StringUtilRt::toLowerCase (33 bytes)
Event: 88.379 Thread 0x000001fbb7a32380 nmethod 13836 0x000001fba427b610 code [0x000001fba427b7e0, 0x000001fba427bb88]

GC Heap History (20 events):
Event: 80.238 GC heap after
{Heap after GC invocations=28 (full 0):
 garbage-first heap   total 155648K, used 82058K [0x0000000080000000, 0x0000000100000000)
  region size 1024K, 3 young (3072K), 3 survivors (3072K)
 Metaspace       used 76028K, committed 78144K, reserved 1179648K
  class space    used 10318K, committed 11392K, reserved 1048576K
}
Event: 81.409 GC heap before
{Heap before GC invocations=28 (full 0):
 garbage-first heap   total 155648K, used 134282K [0x0000000080000000, 0x0000000100000000)
  region size 1024K, 54 young (55296K), 3 survivors (3072K)
 Metaspace       used 80580K, committed 82688K, reserved 1179648K
  class space    used 10913K, committed 11968K, reserved 1048576K
}
Event: 81.415 GC heap after
{Heap after GC invocations=29 (full 0):
 garbage-first heap   total 155648K, used 83982K [0x0000000080000000, 0x0000000100000000)
  region size 1024K, 5 young (5120K), 5 survivors (5120K)
 Metaspace       used 80580K, committed 82688K, reserved 1179648K
  class space    used 10913K, committed 11968K, reserved 1048576K
}
Event: 82.444 GC heap before
{Heap before GC invocations=30 (full 0):
 garbage-first heap   total 155648K, used 144398K [0x0000000080000000, 0x0000000100000000)
  region size 1024K, 56 young (57344K), 5 survivors (5120K)
 Metaspace       used 84245K, committed 86528K, reserved 1179648K
  class space    used 11408K, committed 12544K, reserved 1048576K
}
Event: 82.453 GC heap after
{Heap after GC invocations=31 (full 0):
 garbage-first heap   total 155648K, used 94596K [0x0000000080000000, 0x0000000100000000)
  region size 1024K, 6 young (6144K), 6 survivors (6144K)
 Metaspace       used 84245K, committed 86528K, reserved 1179648K
  class space    used 11408K, committed 12544K, reserved 1048576K
}
Event: 83.236 GC heap before
{Heap before GC invocations=31 (full 0):
 garbage-first heap   total 155648K, used 139652K [0x0000000080000000, 0x0000000100000000)
  region size 1024K, 50 young (51200K), 6 survivors (6144K)
 Metaspace       used 90006K, committed 92224K, reserved 1179648K
  class space    used 12471K, committed 13568K, reserved 1048576K
}
Event: 83.243 GC heap after
{Heap after GC invocations=32 (full 0):
 garbage-first heap   total 155648K, used 87671K [0x0000000080000000, 0x0000000100000000)
  region size 1024K, 5 young (5120K), 5 survivors (5120K)
 Metaspace       used 90006K, committed 92224K, reserved 1179648K
  class space    used 12471K, committed 13568K, reserved 1048576K
}
Event: 83.624 GC heap before
{Heap before GC invocations=32 (full 0):
 garbage-first heap   total 155648K, used 139895K [0x0000000080000000, 0x0000000100000000)
  region size 1024K, 56 young (57344K), 5 survivors (5120K)
 Metaspace       used 90475K, committed 92736K, reserved 1179648K
  class space    used 12505K, committed 13632K, reserved 1048576K
}
Event: 83.628 GC heap after
{Heap after GC invocations=33 (full 0):
 garbage-first heap   total 155648K, used 89216K [0x0000000080000000, 0x0000000100000000)
  region size 1024K, 3 young (3072K), 3 survivors (3072K)
 Metaspace       used 90475K, committed 92736K, reserved 1179648K
  class space    used 12505K, committed 13632K, reserved 1048576K
}
Event: 85.208 GC heap before
{Heap before GC invocations=34 (full 0):
 garbage-first heap   total 160768K, used 141440K [0x0000000080000000, 0x0000000100000000)
  region size 1024K, 55 young (56320K), 3 survivors (3072K)
 Metaspace       used 91028K, committed 93312K, reserved 1179648K
  class space    used 12560K, committed 13696K, reserved 1048576K
}
Event: 85.212 GC heap after
{Heap after GC invocations=35 (full 0):
 garbage-first heap   total 160768K, used 90614K [0x0000000080000000, 0x0000000100000000)
  region size 1024K, 5 young (5120K), 5 survivors (5120K)
 Metaspace       used 91028K, committed 93312K, reserved 1179648K
  class space    used 12560K, committed 13696K, reserved 1048576K
}
Event: 86.300 GC heap before
{Heap before GC invocations=35 (full 0):
 garbage-first heap   total 160768K, used 144886K [0x0000000080000000, 0x0000000100000000)
  region size 1024K, 58 young (59392K), 5 survivors (5120K)
 Metaspace       used 97824K, committed 100096K, reserved 1179648K
  class space    used 13374K, committed 14528K, reserved 1048576K
}
Event: 86.307 GC heap after
{Heap after GC invocations=36 (full 0):
 garbage-first heap   total 160768K, used 91757K [0x0000000080000000, 0x0000000100000000)
  region size 1024K, 7 young (7168K), 7 survivors (7168K)
 Metaspace       used 97824K, committed 100096K, reserved 1179648K
  class space    used 13374K, committed 14528K, reserved 1048576K
}
Event: 86.943 GC heap before
{Heap before GC invocations=36 (full 0):
 garbage-first heap   total 160768K, used 126573K [0x0000000080000000, 0x0000000100000000)
  region size 1024K, 42 young (43008K), 7 survivors (7168K)
 Metaspace       used 102289K, committed 104576K, reserved 1179648K
  class space    used 13925K, committed 15040K, reserved 1048576K
}
Event: 86.950 GC heap after
{Heap after GC invocations=37 (full 0):
 garbage-first heap   total 160768K, used 92545K [0x0000000080000000, 0x0000000100000000)
  region size 1024K, 3 young (3072K), 3 survivors (3072K)
 Metaspace       used 102289K, committed 104576K, reserved 1179648K
  class space    used 13925K, committed 15040K, reserved 1048576K
}
Event: 87.520 GC heap before
{Heap before GC invocations=38 (full 0):
 garbage-first heap   total 171008K, used 156033K [0x0000000080000000, 0x0000000100000000)
  region size 1024K, 57 young (58368K), 3 survivors (3072K)
 Metaspace       used 102678K, committed 104960K, reserved 1179648K
  class space    used 13937K, committed 15040K, reserved 1048576K
}
Event: 87.546 GC heap after
{Heap after GC invocations=39 (full 0):
 garbage-first heap   total 177152K, used 110687K [0x0000000080000000, 0x0000000100000000)
  region size 1024K, 8 young (8192K), 8 survivors (8192K)
 Metaspace       used 102678K, committed 104960K, reserved 1179648K
  class space    used 13937K, committed 15040K, reserved 1048576K
}
Event: 88.093 GC heap before
{Heap before GC invocations=39 (full 0):
 garbage-first heap   total 177152K, used 155743K [0x0000000080000000, 0x0000000100000000)
  region size 1024K, 52 young (53248K), 8 survivors (8192K)
 Metaspace       used 104449K, committed 106688K, reserved 1179648K
  class space    used 14167K, committed 15296K, reserved 1048576K
}
Event: 88.112 GC heap after
{Heap after GC invocations=40 (full 0):
 garbage-first heap   total 177152K, used 120651K [0x0000000080000000, 0x0000000100000000)
  region size 1024K, 7 young (7168K), 7 survivors (7168K)
 Metaspace       used 104449K, committed 106688K, reserved 1179648K
  class space    used 14167K, committed 15296K, reserved 1048576K
}
Event: 88.386 GC heap before
{Heap before GC invocations=40 (full 0):
 garbage-first heap   total 177152K, used 130891K [0x0000000080000000, 0x0000000100000000)
  region size 1024K, 18 young (18432K), 7 survivors (7168K)
 Metaspace       used 105732K, committed 107968K, reserved 1179648K
  class space    used 14312K, committed 15424K, reserved 1048576K
}

Dll operation events (15 events):
Event: 0.013 Loaded shared library C:\Program Files\Java\jdk-20\bin\java.dll
Event: 0.053 Loaded shared library C:\Program Files\Java\jdk-20\bin\jsvml.dll
Event: 0.120 Loaded shared library C:\Program Files\Java\jdk-20\bin\zip.dll
Event: 0.124 Loaded shared library C:\Program Files\Java\jdk-20\bin\instrument.dll
Event: 0.132 Loaded shared library C:\Program Files\Java\jdk-20\bin\net.dll
Event: 0.135 Loaded shared library C:\Program Files\Java\jdk-20\bin\nio.dll
Event: 0.140 Loaded shared library C:\Program Files\Java\jdk-20\bin\zip.dll
Event: 0.572 Loaded shared library C:\Program Files\Java\jdk-20\bin\jimage.dll
Event: 0.848 Loaded shared library C:\Program Files\Java\jdk-20\bin\verify.dll
Event: 1.096 Loaded shared library C:\Users\Donielr Arys Antonio\.gradle\native\1def1411415f61bf3af743bc5b6707747c0891f09f0c88961ee8f79bc544acac\windows-amd64\native-platform.dll
Event: 1.112 Loaded shared library C:\Users\Donielr Arys Antonio\.gradle\native\0.2.7\x86_64-windows-gnu\gradle-fileevents.dll
Event: 2.658 Loaded shared library C:\Program Files\Java\jdk-20\bin\management.dll
Event: 2.671 Loaded shared library C:\Program Files\Java\jdk-20\bin\management_ext.dll
Event: 3.475 Loaded shared library C:\Program Files\Java\jdk-20\bin\extnet.dll
Event: 17.012 Loaded shared library C:\Program Files\Java\jdk-20\bin\sunmscapi.dll

Deoptimization events (20 events):
Event: 88.202 Thread 0x000001fbfd87d4b0 Uncommon trap: trap_request=0xffffff45 fr.pc=0x000001fbab27df94 relative=0x00000000000000f4
Event: 88.202 Thread 0x000001fbfd87d4b0 Uncommon trap: reason=unstable_if action=reinterpret pc=0x000001fbab27df94 method=org.jetbrains.kotlin.protobuf.CodedInputStream.readRawVarint32()I @ 10 c2
Event: 88.202 Thread 0x000001fbfd87d4b0 DEOPT PACKING pc=0x000001fbab27df94 sp=0x00000066f99f48b0
Event: 88.202 Thread 0x000001fbfd87d4b0 DEOPT UNPACKING pc=0x000001fbaa649d22 sp=0x00000066f99f4830 mode 2
Event: 88.350 Thread 0x000001fbfd87d4b0 Uncommon trap: trap_request=0xffffffde fr.pc=0x000001fbab346a04 relative=0x0000000000000204
Event: 88.350 Thread 0x000001fbfd87d4b0 Uncommon trap: reason=class_check action=maybe_recompile pc=0x000001fbab346a04 method=org.jetbrains.kotlin.protobuf.CodedOutputStream.refreshBuffer()V @ 28 c2
Event: 88.350 Thread 0x000001fbfd87d4b0 DEOPT PACKING pc=0x000001fbab346a04 sp=0x00000066f99f4b60
Event: 88.350 Thread 0x000001fbfd87d4b0 DEOPT UNPACKING pc=0x000001fbaa649d22 sp=0x00000066f99f4b20 mode 2
Event: 88.350 Thread 0x000001fbfd87d4b0 Uncommon trap: trap_request=0xffffffde fr.pc=0x000001fbab346a04 relative=0x0000000000000204
Event: 88.350 Thread 0x000001fbfd87d4b0 Uncommon trap: reason=class_check action=maybe_recompile pc=0x000001fbab346a04 method=org.jetbrains.kotlin.protobuf.CodedOutputStream.refreshBuffer()V @ 28 c2
Event: 88.350 Thread 0x000001fbfd87d4b0 DEOPT PACKING pc=0x000001fbab346a04 sp=0x00000066f99f4b60
Event: 88.350 Thread 0x000001fbfd87d4b0 DEOPT UNPACKING pc=0x000001fbaa649d22 sp=0x00000066f99f4b20 mode 2
Event: 88.350 Thread 0x000001fbfd87d4b0 Uncommon trap: trap_request=0xffffffde fr.pc=0x000001fbab346a04 relative=0x0000000000000204
Event: 88.350 Thread 0x000001fbfd87d4b0 Uncommon trap: reason=class_check action=maybe_recompile pc=0x000001fbab346a04 method=org.jetbrains.kotlin.protobuf.CodedOutputStream.refreshBuffer()V @ 28 c2
Event: 88.350 Thread 0x000001fbfd87d4b0 DEOPT PACKING pc=0x000001fbab346a04 sp=0x00000066f99f4b60
Event: 88.350 Thread 0x000001fbfd87d4b0 DEOPT UNPACKING pc=0x000001fbaa649d22 sp=0x00000066f99f4b20 mode 2
Event: 88.350 Thread 0x000001fbfd87d4b0 Uncommon trap: trap_request=0xffffffde fr.pc=0x000001fbab346a04 relative=0x0000000000000204
Event: 88.350 Thread 0x000001fbfd87d4b0 Uncommon trap: reason=class_check action=maybe_recompile pc=0x000001fbab346a04 method=org.jetbrains.kotlin.protobuf.CodedOutputStream.refreshBuffer()V @ 28 c2
Event: 88.350 Thread 0x000001fbfd87d4b0 DEOPT PACKING pc=0x000001fbab346a04 sp=0x00000066f99f4b60
Event: 88.350 Thread 0x000001fbfd87d4b0 DEOPT UNPACKING pc=0x000001fbaa649d22 sp=0x00000066f99f4b20 mode 2

Classes loaded (20 events):
Event: 86.529 Loading class java/nio/channels/NonWritableChannelException
Event: 86.530 Loading class java/nio/channels/NonWritableChannelException done
Event: 86.691 Loading class java/nio/charset/IllegalCharsetNameException
Event: 86.692 Loading class java/nio/charset/IllegalCharsetNameException done
Event: 86.692 Loading class sun/nio/cs/UTF_32BE
Event: 86.692 Loading class sun/nio/cs/UTF_32BE done
Event: 86.693 Loading class sun/nio/cs/UTF_32LE
Event: 86.693 Loading class sun/nio/cs/UTF_32LE done
Event: 86.693 Loading class sun/nio/cs/MS1251
Event: 86.694 Loading class sun/nio/cs/MS1251 done
Event: 86.911 Loading class java/beans/PropertyChangeSupport
Event: 86.912 Loading class java/beans/PropertyChangeSupport done
Event: 86.913 Loading class java/beans/PropertyChangeSupport$PropertyChangeListenerMap
Event: 86.913 Loading class java/beans/ChangeListenerMap
Event: 86.914 Loading class java/beans/ChangeListenerMap done
Event: 86.914 Loading class java/beans/PropertyChangeSupport$PropertyChangeListenerMap done
Event: 86.981 Loading class java/util/zip/ZipFile$ZipEntryIterator
Event: 86.982 Loading class java/util/zip/ZipFile$ZipEntryIterator done
Event: 87.765 Loading class java/util/regex/Pattern$Bound
Event: 87.766 Loading class java/util/regex/Pattern$Bound done

Classes unloaded (0 events):
No events

Classes redefined (0 events):
No events

Internal exceptions (20 events):
Event: 85.423 Thread 0x000001fbfd87d4b0 Exception <a 'sun/nio/fs/WindowsException'{0x0000000088999628}> (0x0000000088999628) 
thrown [s\open\src\hotspot\share\prims\jni.cpp, line 519]
Event: 85.544 Thread 0x000001fbfd87d4b0 Exception <a 'sun/nio/fs/WindowsException'{0x0000000088201a18}> (0x0000000088201a18) 
thrown [s\open\src\hotspot\share\prims\jni.cpp, line 519]
Event: 85.627 Thread 0x000001fbfd87d4b0 Exception <a 'java/lang/NoSuchMethodError'{0x0000000087fd4ac0}: 'long java.lang.invoke.DirectMethodHandle$Holder.invokeStatic(java.lang.Object)'> (0x0000000087fd4ac0) 
thrown [s\open\src\hotspot\share\interpreter\linkResolver.cpp, line 773]
Event: 85.628 Thread 0x000001fbfd87d4b0 Exception <a 'java/lang/NoSuchMethodError'{0x0000000087fd9390}: 'long java.lang.invoke.DirectMethodHandle$Holder.invokeStaticInit(java.lang.Object)'> (0x0000000087fd9390) 
thrown [s\open\src\hotspot\share\interpreter\linkResolver.cpp, line 773]
Event: 85.710 Thread 0x000001fbfd87d4b0 Exception <a 'java/lang/NoSuchMethodError'{0x0000000087bde5c8}: 'void java.lang.invoke.DirectMethodHandle$Holder.invokeStaticInit(java.lang.Object)'> (0x0000000087bde5c8) 
thrown [s\open\src\hotspot\share\interpreter\linkResolver.cpp, line 773]
Event: 85.729 Thread 0x000001fbfd87d4b0 Exception <a 'java/lang/NoSuchMethodError'{0x0000000087a62f10}: 'void java.lang.invoke.DelegatingMethodHandle$Holder.reinvoke_L(java.lang.Object, java.lang.Object, java.lang.Object, long, java.lang.Object)'> (0x0000000087a62f10) 
thrown [s\open\src\hotspot\share\interpreter\linkResolver.cpp, line 773]
Event: 85.730 Thread 0x000001fbfd87d4b0 Exception <a 'java/lang/NoSuchMethodError'{0x0000000087a6b050}: 'java.lang.Object java.lang.invoke.DirectMethodHandle$Holder.invokeSpecial(java.lang.Object, java.lang.Object, java.lang.Object, java.lang.Object, long)'> (0x0000000087a6b050) 
thrown [s\open\src\hotspot\share\interpreter\linkResolver.cpp, line 773]
Event: 85.731 Thread 0x000001fbfd87d4b0 Exception <a 'java/lang/NoSuchMethodError'{0x0000000087a7aae0}: 'int java.lang.invoke.DelegatingMethodHandle$Holder.reinvoke_L(java.lang.Object, java.lang.Object, java.lang.Object, long, java.lang.Object, java.lang.Object)'> (0x0000000087a7aae0) 
thrown [s\open\src\hotspot\share\interpreter\linkResolver.cpp, line 773]
Event: 85.732 Thread 0x000001fbfd87d4b0 Exception <a 'java/lang/NoSuchMethodError'{0x0000000087a8a128}: 'int java.lang.invoke.DelegatingMethodHandle$Holder.reinvoke_L(java.lang.Object, java.lang.Object, java.lang.Object, long, int, int)'> (0x0000000087a8a128) 
thrown [s\open\src\hotspot\share\interpreter\linkResolver.cpp, line 773]
Event: 85.734 Thread 0x000001fbfd87d4b0 Exception <a 'java/lang/NoSuchMethodError'{0x0000000087a99278}: 'int java.lang.invoke.DelegatingMethodHandle$Holder.reinvoke_L(java.lang.Object, java.lang.Object, java.lang.Object, long, long, long)'> (0x0000000087a99278) 
thrown [s\open\src\hotspot\share\interpreter\linkResolver.cpp, line 773]
Event: 85.734 Thread 0x000001fbfd87d4b0 Exception <a 'java/lang/NoSuchMethodError'{0x0000000087aa80b8}: 'int java.lang.invoke.DelegatingMethodHandle$Holder.reinvoke_L(java.lang.Object, java.lang.Object, java.lang.Object, long, int)'> (0x0000000087aa80b8) 
thrown [s\open\src\hotspot\share\interpreter\linkResolver.cpp, line 773]
Event: 85.735 Thread 0x000001fbfd87d4b0 Exception <a 'java/lang/NoSuchMethodError'{0x0000000087abdbf0}: 'void java.lang.invoke.DelegatingMethodHandle$Holder.reinvoke_L(java.lang.Object, java.lang.Object, java.lang.Object, long, java.lang.Object, long, long)'> (0x0000000087abdbf0) 
thrown [s\open\src\hotspot\share\interpreter\linkResolver.cpp, line 773]
Event: 85.735 Thread 0x000001fbfd87d4b0 Exception <a 'java/lang/NoSuchMethodError'{0x0000000087ac5a38}: 'long java.lang.invoke.Invokers$Holder.invokeExact_MT(java.lang.Object, java.lang.Object, java.lang.Object)'> (0x0000000087ac5a38) 
thrown [s\open\src\hotspot\share\interpreter\linkResolver.cpp, line 773]
Event: 85.736 Thread 0x000001fbfd87d4b0 Exception <a 'java/lang/NoSuchMethodError'{0x0000000087aca7a0}: 'int java.lang.invoke.Invokers$Holder.invokeExact_MT(java.lang.Object, java.lang.Object, java.lang.Object)'> (0x0000000087aca7a0) 
thrown [s\open\src\hotspot\share\interpreter\linkResolver.cpp, line 773]
Event: 86.467 Thread 0x000001fbfd87d4b0 Exception <a 'java/lang/NoSuchMethodError'{0x0000000088e56b98}: 'java.lang.Object java.lang.invoke.DirectMethodHandle$Holder.invokeStatic(java.lang.Object, java.lang.Object, java.lang.Object, java.lang.Object, int, java.lang.Object)'> (0x0000000088e56b98) 
thrown [s\open\src\hotspot\share\interpreter\linkResolver.cpp, line 773]
Event: 86.499 Thread 0x000001fbfd87d4b0 Exception <a 'java/lang/NoSuchMethodError'{0x0000000088d52680}: 'long java.lang.invoke.DirectMethodHandle$Holder.invokeStatic(java.lang.Object, java.lang.Object, int)'> (0x0000000088d52680) 
thrown [s\open\src\hotspot\share\interpreter\linkResolver.cpp, line 773]
Event: 86.500 Thread 0x000001fbfd87d4b0 Exception <a 'java/lang/NoSuchMethodError'{0x0000000088d5e9d8}: 'java.lang.Object java.lang.invoke.DelegatingMethodHandle$Holder.reinvoke_L(java.lang.Object, int, long, java.lang.Object, java.lang.Object, int, java.lang.Object)'> (0x0000000088d5e9d8) 
thrown [s\open\src\hotspot\share\interpreter\linkResolver.cpp, line 773]
Event: 86.845 Thread 0x000001fbfd87d4b0 Exception <a 'java/lang/NoSuchMethodError'{0x0000000087a08148}: 'java.lang.Object java.lang.invoke.Invokers$Holder.invokeExact_MT(java.lang.Object, java.lang.Object, long, java.lang.Object)'> (0x0000000087a08148) 
thrown [s\open\src\hotspot\share\interpreter\linkResolver.cpp, line 773]
Event: 86.982 Thread 0x000001fbfd87d4b0 Implicit null exception at 0x000001fbaaf045a3 to 0x000001fbaaf05064
Event: 87.311 Thread 0x000001fbfd87d4b0 Implicit null exception at 0x000001fbab3103e3 to 0x000001fbab312338

VM Operations (20 events):
Event: 86.529 Executing VM operation: HandshakeAllThreads done
Event: 86.687 Executing VM operation: HandshakeAllThreads
Event: 86.688 Executing VM operation: HandshakeAllThreads done
Event: 86.778 Executing VM operation: HandshakeAllThreads
Event: 86.778 Executing VM operation: HandshakeAllThreads done
Event: 86.906 Executing VM operation: HandshakeAllThreads
Event: 86.906 Executing VM operation: HandshakeAllThreads done
Event: 86.942 Executing VM operation: G1TryInitiateConcMark
Event: 86.951 Executing VM operation: G1TryInitiateConcMark done
Event: 87.000 Executing VM operation: G1PauseRemark
Event: 87.009 Executing VM operation: G1PauseRemark done
Event: 87.031 Executing VM operation: G1PauseCleanup
Event: 87.032 Executing VM operation: G1PauseCleanup done
Event: 87.197 Executing VM operation: HandshakeAllThreads
Event: 87.198 Executing VM operation: HandshakeAllThreads done
Event: 87.519 Executing VM operation: G1CollectForAllocation
Event: 87.546 Executing VM operation: G1CollectForAllocation done
Event: 88.093 Executing VM operation: G1CollectForAllocation
Event: 88.112 Executing VM operation: G1CollectForAllocation done
Event: 88.386 Executing VM operation: G1TryInitiateConcMark

Events (20 events):
Event: 87.007 Thread 0x000001fbb7a045f0 flushing nmethod 0x000001fba32c0410
Event: 87.007 Thread 0x000001fbb7a045f0 flushing nmethod 0x000001fba3294210
Event: 87.007 Thread 0x000001fbb7a045f0 flushing nmethod 0x000001fba3261e90
Event: 87.007 Thread 0x000001fbb7a045f0 flushing nmethod 0x000001fba324cb10
Event: 87.007 Thread 0x000001fbb7a045f0 flushing nmethod 0x000001fbab137a10
Event: 87.007 Thread 0x000001fbb7a045f0 flushing nmethod 0x000001fba3219190
Event: 87.007 Thread 0x000001fbb7a045f0 flushing nmethod 0x000001fba3235890
Event: 87.007 Thread 0x000001fbb7a045f0 flushing nmethod 0x000001fba31ec290
Event: 87.007 Thread 0x000001fbb7a045f0 flushing nmethod 0x000001fba31f1d10
Event: 87.007 Thread 0x000001fbb7a045f0 flushing nmethod 0x000001fba31e9090
Event: 87.007 Thread 0x000001fbb7a045f0 flushing nmethod 0x000001fba31e3790
Event: 87.007 Thread 0x000001fbb7a045f0 flushing nmethod 0x000001fba31df390
Event: 87.007 Thread 0x000001fbb7a045f0 flushing nmethod 0x000001fbab174d90
Event: 87.007 Thread 0x000001fbb7a045f0 flushing nmethod 0x000001fbab141990
Event: 87.007 Thread 0x000001fbb7a045f0 flushing nmethod 0x000001fbab0dca90
Event: 87.007 Thread 0x000001fbb7a045f0 flushing nmethod 0x000001fbab0d7110
Event: 87.007 Thread 0x000001fbb7a045f0 flushing nmethod 0x000001fbab005d90
Event: 87.007 Thread 0x000001fbb7a045f0 flushing nmethod 0x000001fbab014390
Event: 87.007 Thread 0x000001fbb7a045f0 flushing nmethod 0x000001fbaaf3ed10
Event: 87.007 Thread 0x000001fbb7a045f0 flushing nmethod 0x000001fbaae46210


Dynamic libraries:
0x00007ff689bc0000 - 0x00007ff689bd0000 	C:\Program Files\Java\jdk-20\bin\java.exe
0x00007ffbc6a40000 - 0x00007ffbc6ca9000 	C:\WINDOWS\SYSTEM32\ntdll.dll
0x00007ffbc4950000 - 0x00007ffbc4a19000 	C:\WINDOWS\System32\KERNEL32.DLL
0x00007ffbc3bd0000 - 0x00007ffbc3fc3000 	C:\WINDOWS\System32\KERNELBASE.dll
0x00007ffbc4210000 - 0x00007ffbc435b000 	C:\WINDOWS\System32\ucrtbase.dll
0x00007ffb95850000 - 0x00007ffb95869000 	C:\Program Files\Java\jdk-20\bin\jli.dll
0x00007ffb99360000 - 0x00007ffb9937b000 	C:\Program Files\Java\jdk-20\bin\VCRUNTIME140.dll
0x00007ffbc4890000 - 0x00007ffbc4944000 	C:\WINDOWS\System32\ADVAPI32.dll
0x00007ffbc4a20000 - 0x00007ffbc4ac9000 	C:\WINDOWS\System32\msvcrt.dll
0x00007ffbc6900000 - 0x00007ffbc69a6000 	C:\WINDOWS\System32\sechost.dll
0x00007ffbc4ce0000 - 0x00007ffbc4df8000 	C:\WINDOWS\System32\RPCRT4.dll
0x00007ffbc5910000 - 0x00007ffbc5ad4000 	C:\WINDOWS\System32\USER32.dll
0x00007ffbc4490000 - 0x00007ffbc44b7000 	C:\WINDOWS\System32\win32u.dll
0x00007ffbc4c50000 - 0x00007ffbc4c7b000 	C:\WINDOWS\System32\GDI32.dll
0x00007ffba84a0000 - 0x00007ffba8733000 	C:\WINDOWS\WinSxS\amd64_microsoft.windows.common-controls_6595b64144ccf1df_6.0.26100.5074_none_3e0d6f78e32fd63f\COMCTL32.dll
0x00007ffbc4360000 - 0x00007ffbc448d000 	C:\WINDOWS\System32\gdi32full.dll
0x00007ffbc46c0000 - 0x00007ffbc4763000 	C:\WINDOWS\System32\msvcp_win.dll
0x00007ffbb8050000 - 0x00007ffbb805b000 	C:\WINDOWS\SYSTEM32\VERSION.dll
0x00007ffbc4c10000 - 0x00007ffbc4c3f000 	C:\WINDOWS\System32\IMM32.DLL
0x00007ffb95790000 - 0x00007ffb9579c000 	C:\Program Files\Java\jdk-20\bin\vcruntime140_1.dll
0x00007ffb340a0000 - 0x00007ffb3412e000 	C:\Program Files\Java\jdk-20\bin\msvcp140.dll
0x00007ffb11180000 - 0x00007ffb11e18000 	C:\Program Files\Java\jdk-20\bin\server\jvm.dll
0x00007ffb35850000 - 0x00007ffb3585a000 	C:\WINDOWS\SYSTEM32\WSOCK32.dll
0x00007ffbb5c50000 - 0x00007ffbb5c85000 	C:\WINDOWS\SYSTEM32\WINMM.dll
0x00007ffbc4ad0000 - 0x00007ffbc4b44000 	C:\WINDOWS\System32\WS2_32.dll
0x00007ffbc2980000 - 0x00007ffbc299b000 	C:\WINDOWS\SYSTEM32\kernel.appcore.dll
0x00007ffb71500000 - 0x00007ffb7150a000 	C:\Program Files\Java\jdk-20\bin\jimage.dll
0x00007ffbc1270000 - 0x00007ffbc14b2000 	C:\WINDOWS\SYSTEM32\DBGHELP.DLL
0x00007ffbc5ce0000 - 0x00007ffbc605b000 	C:\WINDOWS\System32\combase.dll
0x00007ffbc4e70000 - 0x00007ffbc4f47000 	C:\WINDOWS\System32\OLEAUT32.dll
0x00007ffb95480000 - 0x00007ffb954bd000 	C:\WINDOWS\SYSTEM32\dbgcore.DLL
0x00007ffbc4770000 - 0x00007ffbc4809000 	C:\WINDOWS\System32\bcryptPrimitives.dll
0x00007ffb6f1a0000 - 0x00007ffb6f1ae000 	C:\Program Files\Java\jdk-20\bin\instrument.dll
0x00007ffb48d90000 - 0x00007ffb48db6000 	C:\Program Files\Java\jdk-20\bin\java.dll
0x00007ffb2e810000 - 0x00007ffb2e8e7000 	C:\Program Files\Java\jdk-20\bin\jsvml.dll
0x00007ffbc4f50000 - 0x00007ffbc569d000 	C:\WINDOWS\System32\SHELL32.dll
0x00007ffbc4550000 - 0x00007ffbc46bc000 	C:\WINDOWS\System32\wintypes.dll
0x00007ffbc1810000 - 0x00007ffbc2069000 	C:\WINDOWS\SYSTEM32\windows.storage.dll
0x00007ffbc6700000 - 0x00007ffbc67f0000 	C:\WINDOWS\System32\SHCORE.dll
0x00007ffbc4e00000 - 0x00007ffbc4e62000 	C:\WINDOWS\System32\shlwapi.dll
0x00007ffbc3af0000 - 0x00007ffbc3b19000 	C:\WINDOWS\SYSTEM32\profapi.dll
0x00007ffb6e030000 - 0x00007ffb6e048000 	C:\Program Files\Java\jdk-20\bin\zip.dll
0x00007ffb6ce90000 - 0x00007ffb6cea3000 	C:\Program Files\Java\jdk-20\bin\net.dll
0x00007ffbbb4b0000 - 0x00007ffbbb5cf000 	C:\WINDOWS\SYSTEM32\WINHTTP.dll
0x00007ffbc2f30000 - 0x00007ffbc2f9b000 	C:\WINDOWS\system32\mswsock.dll
0x00007ffb6b990000 - 0x00007ffb6b9a6000 	C:\Program Files\Java\jdk-20\bin\nio.dll
0x00007ffb6f050000 - 0x00007ffb6f060000 	C:\Program Files\Java\jdk-20\bin\verify.dll
0x00007ffbbc0a0000 - 0x00007ffbbc0c7000 	C:\Users\Donielr Arys Antonio\.gradle\native\1def1411415f61bf3af743bc5b6707747c0891f09f0c88961ee8f79bc544acac\windows-amd64\native-platform.dll
0x00007ffb33fa0000 - 0x00007ffb34018000 	C:\Users\Donielr Arys Antonio\.gradle\native\0.2.7\x86_64-windows-gnu\gradle-fileevents.dll
0x00007ffb6ed10000 - 0x00007ffb6ed1a000 	C:\Program Files\Java\jdk-20\bin\management.dll
0x00007ffb6e4a0000 - 0x00007ffb6e4ab000 	C:\Program Files\Java\jdk-20\bin\management_ext.dll
0x00007ffbc5cc0000 - 0x00007ffbc5cc8000 	C:\WINDOWS\System32\PSAPI.DLL
0x00007ffbc2370000 - 0x00007ffbc23a4000 	C:\WINDOWS\SYSTEM32\IPHLPAPI.DLL
0x00007ffbc5840000 - 0x00007ffbc584a000 	C:\WINDOWS\System32\NSI.dll
0x00007ffbbb290000 - 0x00007ffbbb2ae000 	C:\WINDOWS\SYSTEM32\dhcpcsvc6.DLL
0x00007ffbbb180000 - 0x00007ffbbb1a3000 	C:\WINDOWS\SYSTEM32\dhcpcsvc.DLL
0x00007ffbc2460000 - 0x00007ffbc2586000 	C:\WINDOWS\SYSTEM32\DNSAPI.dll
0x00007ffb6e310000 - 0x00007ffb6e317000 	C:\Program Files\Java\jdk-20\bin\extnet.dll
0x00007ffbc31d0000 - 0x00007ffbc31eb000 	C:\WINDOWS\SYSTEM32\CRYPTSP.dll
0x00007ffbc28e0000 - 0x00007ffbc291b000 	C:\WINDOWS\system32\rsaenh.dll
0x00007ffbc2fd0000 - 0x00007ffbc2ffb000 	C:\WINDOWS\SYSTEM32\USERENV.dll
0x00007ffbc3ac0000 - 0x00007ffbc3ae6000 	C:\WINDOWS\SYSTEM32\bcrypt.dll
0x00007ffbc31f0000 - 0x00007ffbc31fc000 	C:\WINDOWS\SYSTEM32\CRYPTBASE.dll
0x00007ffb6d220000 - 0x00007ffb6d22e000 	C:\Program Files\Java\jdk-20\bin\sunmscapi.dll
0x00007ffbc4090000 - 0x00007ffbc4207000 	C:\WINDOWS\System32\CRYPT32.dll
0x00007ffbc3460000 - 0x00007ffbc3490000 	C:\WINDOWS\SYSTEM32\ncrypt.dll
0x00007ffbc3410000 - 0x00007ffbc344f000 	C:\WINDOWS\SYSTEM32\NTASN1.dll
0x00007ffba4490000 - 0x00007ffba4498000 	C:\WINDOWS\system32\wshunix.dll

dbghelp: loaded successfully - version: 4.0.5 - missing functions: none
symbol engine: initialized successfully - sym options: 0x614 - pdb path: .;C:\Program Files\Java\jdk-20\bin;C:\WINDOWS\SYSTEM32;C:\WINDOWS\WinSxS\amd64_microsoft.windows.common-controls_6595b64144ccf1df_6.0.26100.5074_none_3e0d6f78e32fd63f;C:\Program Files\Java\jdk-20\bin\server;C:\Users\Donielr Arys Antonio\.gradle\native\1def1411415f61bf3af743bc5b6707747c0891f09f0c88961ee8f79bc544acac\windows-amd64;C:\Users\Donielr Arys Antonio\.gradle\native\0.2.7\x86_64-windows-gnu

VM Arguments:
jvm_args: --add-opens=java.base/java.lang=ALL-UNNAMED --add-opens=java.base/java.lang.invoke=ALL-UNNAMED --add-opens=java.base/java.util=ALL-UNNAMED --add-opens=java.prefs/java.util.prefs=ALL-UNNAMED --add-exports=jdk.compiler/com.sun.tools.javac.api=ALL-UNNAMED --add-exports=jdk.compiler/com.sun.tools.javac.util=ALL-UNNAMED --add-opens=java.base/java.util=ALL-UNNAMED --add-opens=java.prefs/java.util.prefs=ALL-UNNAMED --add-opens=java.base/java.nio.charset=ALL-UNNAMED --add-opens=java.base/java.net=ALL-UNNAMED --add-opens=java.base/java.util.concurrent.atomic=ALL-UNNAMED --add-opens=java.xml/javax.xml.namespace=ALL-UNNAMED -Xmx2048m -Dfile.encoding=UTF-8 -Duser.country=PH -Duser.language=en -Duser.variant -javaagent:C:\Users\Donielr Arys Antonio\.gradle\wrapper\dists\gradle-8.13-bin\5xuhj0ry160q40clulazy9h7d\gradle-8.13\lib\agents\gradle-instrumentation-agent-8.13.jar 
java_command: org.gradle.launcher.daemon.bootstrap.GradleDaemon 8.13
java_class_path (initial): C:\Users\Donielr Arys Antonio\.gradle\wrapper\dists\gradle-8.13-bin\5xuhj0ry160q40clulazy9h7d\gradle-8.13\lib\gradle-daemon-main-8.13.jar
Launcher Type: SUN_STANDARD

[Global flags]
     intx CICompilerCount                          = 12                                        {product} {ergonomic}
     uint ConcGCThreads                            = 3                                         {product} {ergonomic}
     uint G1ConcRefinementThreads                  = 13                                        {product} {ergonomic}
   size_t G1HeapRegionSize                         = 1048576                                   {product} {ergonomic}
    uintx GCDrainStackTargetSize                   = 64                                        {product} {ergonomic}
   size_t InitialHeapSize                          = 130023424                                 {product} {ergonomic}
   size_t MarkStackSize                            = 4194304                                   {product} {ergonomic}
   size_t MaxHeapSize                              = 2147483648                                {product} {command line}
   size_t MaxNewSize                               = 1287651328                                {product} {ergonomic}
   size_t MinHeapDeltaBytes                        = 1048576                                   {product} {ergonomic}
   size_t MinHeapSize                              = 8388608                                   {product} {ergonomic}
    uintx NonNMethodCodeHeapSize                   = 7602480                                {pd product} {ergonomic}
    uintx NonProfiledCodeHeapSize                  = 122027880                              {pd product} {ergonomic}
    uintx ProfiledCodeHeapSize                     = 122027880                              {pd product} {ergonomic}
    uintx ReservedCodeCacheSize                    = 251658240                              {pd product} {ergonomic}
     bool SegmentedCodeCache                       = true                                      {product} {ergonomic}
   size_t SoftMaxHeapSize                          = 2147483648                             {manageable} {ergonomic}
     bool UseCompressedClassPointers               = true                           {product lp64_product} {ergonomic}
     bool UseCompressedOops                        = true                           {product lp64_product} {ergonomic}
     bool UseG1GC                                  = true                                      {product} {ergonomic}
     bool UseLargePagesIndividualAllocation        = false                                  {pd product} {ergonomic}

Logging:
Log output configuration:
 #0: stdout all=warning uptime,level,tags foldmultilines=false
 #1: stderr all=off uptime,level,tags foldmultilines=false

Environment Variables:
JAVA_HOME=C:\Program Files\Android\Android Studio2\jbr
PATH=C:\Program Files\Java\jdk-20;C:\Program Files\Eclipse Adoptium\jdk-21.0.5.11-hotspot\bin;C:\Windows\System32;C:\Windows\System32\WindowsPowerShell\v1.0\;C:\Program Files\Java\jdk-20\bin;C:\Program Files\nodejs;C:\Program Files\Git\cmd;C:\WINDOWS\system32;C:\WINDOWS;C:\WINDOWS\System32\Wbem;C:\WINDOWS\System32\WindowsPowerShell\v1.0\;C:\WINDOWS\System32\OpenSSH\;C:\Program Files\dotnet\;C:\Program Files\NVIDIA Corporation\NVIDIA App\NvDLISR;C:\Program Files\nodejs\;C:\Program Files\PowerShell\7\;C:\Users\Donielr Arys Antonio\AppData\Local\Microsoft\WindowsApps;C:\Users\Donielr Arys Antonio\AppData\Local\Programs\Microsoft VS Code\bin;C:\Users\Donielr Arys Antonio\.dotnet\tools;C:\Users\Donielr Arys Antonio\AppData\Local\Microsoft\WinGet\Links;C:\Windows\System32;C:\Users\Donielr Arys Antonio\AppData\Local\Android\Sdk\cmdline-tools\latest\bin;C:\Program Files\Git\bin;C:\Program Files\nodejs;C:\Users\Donielr Arys Antonio\AppData\Roaming\npm;C:\Users\Donielr Arys Antonio\AppData\Local\Programs\cursor\resources\app\bin;C:\Users\Donielr Arys Antonio\AppData\Local\Programs\Qoder\bin;C:\Users\Donielr Arys Antonio\AppData\Local\Programs\Windsurf\bin;c:\Users\Donielr Arys Antonio\AppData\Local\Programs\Trae\resources\app\bin\lib
USERNAME=Donielr Arys Antonio
OS=Windows_NT
PROCESSOR_IDENTIFIER=Intel64 Family 6 Model 154 Stepping 3, GenuineIntel
TMP=C:\Users\DONIEL~1\AppData\Local\Temp
TEMP=C:\Users\DONIEL~1\AppData\Local\Temp




---------------  S Y S T E M  ---------------

OS:
 Windows 11 , 64 bit Build 26100 (10.0.26100.5074)
OS uptime: 0 days 7:57 hours
Hyper-V role detected

CPU: total 16 (initial active 16) (8 cores per cpu, 2 threads per core) family 6 model 154 stepping 3 microcode 0x423, cx8, cmov, fxsr, ht, mmx, 3dnowpref, sse, sse2, sse3, ssse3, sse4.1, sse4.2, popcnt, lzcnt, tsc, tscinvbit, avx, avx2, aes, erms, clmul, bmi1, bmi2, adx, sha, fma, vzeroupper, clflush, clflushopt, clwb, hv, serialize, rdtscp, rdpid, fsrm, f16c, cet_ibt, cet_ss

Memory: 4k page, system-wide physical 7896M (225M free)
TotalPageFile size 32472M (AvailPageFile size 61M)
current process WorkingSet (physical memory assigned to process): 360M, peak: 363M
current process commit charge ("private bytes"): 496M, peak: 531M

vm_info: Java HotSpot(TM) 64-Bit Server VM (20.0.2+9-78) for windows-amd64 JRE (20.0.2+9-78), built on 2023-06-14T10:08:48Z by "mach5one" with MS VC++ 17.1 (VS2022)

END.
