#
# There is insufficient memory for the Java Runtime Environment to continue.
# Native memory allocation (malloc) failed to allocate 1224448 bytes for Chunk::new
# Possible reasons:
#   The system is out of physical RAM or swap space
#   The process is running with CompressedOops enabled, and the Java Heap may be blocking the growth of the native heap
# Possible solutions:
#   Reduce memory load on the system
#   Increase physical memory or swap space
#   Check if swap backing store is full
#   Decrease Java heap size (-Xmx/-Xms)
#   Decrease number of Java threads
#   Decrease Java thread stack sizes (-Xss)
#   Set larger code cache with -XX:ReservedCodeCacheSize=
#   JVM is running with Unscaled Compressed Oops mode in which the Java heap is
#     placed in the first 4GB address space. The Java Heap base address is the
#     maximum limit for the native heap growth. Please use -XX:HeapBaseMinAddress
#     to set the Java Heap base and to place the Java Heap above 4GB virtual address.
# This output file may be truncated or incomplete.
#
#  Out of Memory Error (arena.cpp:184), pid=23004, tid=25516
#
# JRE version: Java(TM) SE Runtime Environment (20.0.2+9) (build 20.0.2+9-78)
# Java VM: Java HotSpot(TM) 64-Bit Server VM (20.0.2+9-78, mixed mode, sharing, tiered, compressed oops, compressed class ptrs, g1 gc, windows-amd64)
# No core dump will be written. Minidumps are not enabled by default on client versions of Windows
#

---------------  S U M M A R Y ------------

Command Line: --add-opens=java.base/java.lang=ALL-UNNAMED --add-opens=java.base/java.lang.invoke=ALL-UNNAMED --add-opens=java.base/java.util=ALL-UNNAMED --add-opens=java.prefs/java.util.prefs=ALL-UNNAMED --add-exports=jdk.compiler/com.sun.tools.javac.api=ALL-UNNAMED --add-exports=jdk.compiler/com.sun.tools.javac.util=ALL-UNNAMED --add-opens=java.base/java.util=ALL-UNNAMED --add-opens=java.prefs/java.util.prefs=ALL-UNNAMED --add-opens=java.base/java.nio.charset=ALL-UNNAMED --add-opens=java.base/java.net=ALL-UNNAMED --add-opens=java.base/java.util.concurrent.atomic=ALL-UNNAMED --add-opens=java.xml/javax.xml.namespace=ALL-UNNAMED -Xmx2048m -Dfile.encoding=UTF-8 -Duser.country=PH -Duser.language=en -Duser.variant -javaagent:C:\Users\Donielr Arys Antonio\.gradle\wrapper\dists\gradle-8.13-bin\5xuhj0ry160q40clulazy9h7d\gradle-8.13\lib\agents\gradle-instrumentation-agent-8.13.jar org.gradle.launcher.daemon.bootstrap.GradleDaemon 8.13

Host: 12th Gen Intel(R) Core(TM) i5-12500H, 16 cores, 7G,  Windows 11 , 64 bit Build 26100 (10.0.26100.5074)
Time: Thu Sep 25 10:45:40 2025 Malay Peninsula Standard Time elapsed time: 30.006115 seconds (0d 0h 0m 30s)

---------------  T H R E A D  ---------------

Current thread (0x000001b7a1b37770):  JavaThread "C2 CompilerThread2" daemon [_thread_in_native, id=25516, stack(0x0000003a45300000,0x0000003a45400000)]


Current CompileTask:
C2:  30006 10394   !   4       jdk.internal.loader.Resource::getBytes (244 bytes)

Stack: [0x0000003a45300000,0x0000003a45400000]
Native frames: (J=compiled Java code, j=interpreted, Vv=VM code, C=native code)
V  [jvm.dll+0x6bc25a]
V  [jvm.dll+0x84971a]
V  [jvm.dll+0x84b315]
V  [jvm.dll+0x84ba13]
V  [jvm.dll+0x280e4f]
V  [jvm.dll+0xc2ab1]
V  [jvm.dll+0xc2dd5]
V  [jvm.dll+0x3bb64c]
V  [jvm.dll+0x385b75]
V  [jvm.dll+0x384fea]
V  [jvm.dll+0x24b529]
V  [jvm.dll+0x24a921]
V  [jvm.dll+0x1ce761]
V  [jvm.dll+0x25a0eb]
V  [jvm.dll+0x2587c0]
V  [jvm.dll+0x3f2dd5]
V  [jvm.dll+0x7f5c76]
V  [jvm.dll+0x6baecb]
C  [ucrtbase.dll+0x37b0]
C  [KERNEL32.DLL+0x2e8d7]
C  [ntdll.dll+0x8d9c]


---------------  P R O C E S S  ---------------

Threads class SMR info:
_java_thread_list=0x000001b7a2f7b2e0, length=84, elements={
0x000001b73cb65690, 0x000001b7594b1120, 0x000001b7594b1c60, 0x000001b7594b7770,
0x000001b7594b80b0, 0x000001b7594b9190, 0x000001b7594b9ad0, 0x000001b7594bad50,
0x000001b7594bdf20, 0x000001b79f48fce0, 0x000001b79f53e420, 0x000001b79f6b98b0,
0x000001b7a0989210, 0x000001b7a0e04ad0, 0x000001b7a0e64730, 0x000001b7a1052c80,
0x000001b7a10541c0, 0x000001b7a10531d0, 0x000001b7a1053720, 0x000001b7a1050ca0,
0x000001b7a1051c90, 0x000001b7a10511f0, 0x000001b7a1051740, 0x000001b7a10521e0,
0x000001b7a1052730, 0x000001b7a1ec5030, 0x000001b7a1ec2060, 0x000001b7a1ec35a0,
0x000001b7a1ec6020, 0x000001b7a1ec25b0, 0x000001b7a1ec6570, 0x000001b7a1ec2b00,
0x000001b7a1ec7010, 0x000001b7a1ec7560, 0x000001b7a1ec3af0, 0x000001b7a1ec8aa0,
0x000001b7a1ec9540, 0x000001b7a1ec9a90, 0x000001b79f84e060, 0x000001b79f84db10,
0x000001b79f84eb00, 0x000001b79f84d5c0, 0x000001b79f84e5b0, 0x000001b79f84f050,
0x000001b79f84f5a0, 0x000001b79f850040, 0x000001b79f84faf0, 0x000001b79f850590,
0x000001b79f84d070, 0x000001b7a16404f0, 0x000001b7a163fa50, 0x000001b7a1640f90,
0x000001b7a16414e0, 0x000001b7a163ffa0, 0x000001b7a1640a40, 0x000001b7a1641a30,
0x000001b7a1642a20, 0x000001b7a16424d0, 0x000001b7a1641f80, 0x000001b7a163efb0,
0x000001b7a1642f70, 0x000001b7a163f500, 0x000001b7a16469e0, 0x000001b7a1643f60,
0x000001b7a1644a00, 0x000001b7a1644f50, 0x000001b7a16444b0, 0x000001b7a1643a10,
0x000001b7a16454a0, 0x000001b7a16459f0, 0x000001b7a1645f40, 0x000001b7a1646490,
0x000001b79fef5710, 0x000001b79fef6c50, 0x000001b79fef6700, 0x000001b79fef61b0,
0x000001b79fef7c40, 0x000001b79fef41d0, 0x000001b79fef51c0, 0x000001b79fef5c60,
0x000001b79fef76f0, 0x000001b79fefb160, 0x000001b7a1b31e70, 0x000001b7a1b37770
}

Java Threads: ( => current thread )
  0x000001b73cb65690 JavaThread "main" [_thread_blocked, id=25116, stack(0x0000003a3ea00000,0x0000003a3eb00000)]
  0x000001b7594b1120 JavaThread "Reference Handler" daemon [_thread_blocked, id=23692, stack(0x0000003a3f100000,0x0000003a3f200000)]
  0x000001b7594b1c60 JavaThread "Finalizer" daemon [_thread_blocked, id=4272, stack(0x0000003a3f200000,0x0000003a3f300000)]
  0x000001b7594b7770 JavaThread "Signal Dispatcher" daemon [_thread_blocked, id=22944, stack(0x0000003a3f300000,0x0000003a3f400000)]
  0x000001b7594b80b0 JavaThread "Attach Listener" daemon [_thread_blocked, id=20564, stack(0x0000003a3f400000,0x0000003a3f500000)]
  0x000001b7594b9190 JavaThread "Service Thread" daemon [_thread_blocked, id=11376, stack(0x0000003a3f500000,0x0000003a3f600000)]
  0x000001b7594b9ad0 JavaThread "Monitor Deflation Thread" daemon [_thread_blocked, id=19600, stack(0x0000003a3f600000,0x0000003a3f700000)]
  0x000001b7594bad50 JavaThread "C2 CompilerThread0" daemon [_thread_blocked, id=4092, stack(0x0000003a3f700000,0x0000003a3f800000)]
  0x000001b7594bdf20 JavaThread "C1 CompilerThread0" daemon [_thread_blocked, id=21624, stack(0x0000003a3f800000,0x0000003a3f900000)]
  0x000001b79f48fce0 JavaThread "C1 CompilerThread1" daemon [_thread_blocked, id=20644, stack(0x0000003a3f900000,0x0000003a3fa00000)]
  0x000001b79f53e420 JavaThread "Common-Cleaner" daemon [_thread_blocked, id=9096, stack(0x0000003a3fa00000,0x0000003a3fb00000)]
  0x000001b79f6b98b0 JavaThread "Notification Thread" daemon [_thread_blocked, id=23152, stack(0x0000003a3fc00000,0x0000003a3fd00000)]
  0x000001b7a0989210 JavaThread "Daemon health stats" [_thread_blocked, id=24504, stack(0x0000003a40200000,0x0000003a40300000)]
  0x000001b7a0e04ad0 JavaThread "Incoming local TCP Connector on port 63175" [_thread_in_native, id=23260, stack(0x0000003a40700000,0x0000003a40800000)]
  0x000001b7a0e64730 JavaThread "Daemon periodic checks" [_thread_blocked, id=24288, stack(0x0000003a40800000,0x0000003a40900000)]
  0x000001b7a1052c80 JavaThread "Daemon" [_thread_blocked, id=16924, stack(0x0000003a40900000,0x0000003a40a00000)]
  0x000001b7a10541c0 JavaThread "Handler for socket connection from /127.0.0.1:63175 to /127.0.0.1:63176" [_thread_in_native, id=20688, stack(0x0000003a40a00000,0x0000003a40b00000)]
  0x000001b7a10531d0 JavaThread "Cancel handler" [_thread_blocked, id=16416, stack(0x0000003a40b00000,0x0000003a40c00000)]
  0x000001b7a1053720 JavaThread "Daemon worker" [_thread_in_native, id=20760, stack(0x0000003a40c00000,0x0000003a40d00000)]
  0x000001b7a1050ca0 JavaThread "Asynchronous log dispatcher for DefaultDaemonConnection: socket connection from /127.0.0.1:63175 to /127.0.0.1:63176" [_thread_blocked, id=19804, stack(0x0000003a40d00000,0x0000003a40e00000)]
  0x000001b7a1051c90 JavaThread "Stdin handler" [_thread_blocked, id=22288, stack(0x0000003a40e00000,0x0000003a40f00000)]
  0x000001b7a10511f0 JavaThread "Daemon client event forwarder" [_thread_blocked, id=10160, stack(0x0000003a40f00000,0x0000003a41000000)]
  0x000001b7a1051740 JavaThread "Cache worker for journal cache (C:\Users\Donielr Arys Antonio\.gradle\caches\journal-1)" [_thread_blocked, id=22464, stack(0x0000003a41000000,0x0000003a41100000)]
  0x000001b7a10521e0 JavaThread "File lock request listener" [_thread_in_native, id=22948, stack(0x0000003a41100000,0x0000003a41200000)]
  0x000001b7a1052730 JavaThread "Cache worker for file hash cache (C:\Users\Donielr Arys Antonio\.gradle\caches\8.13\fileHashes)" [_thread_blocked, id=10948, stack(0x0000003a41200000,0x0000003a41300000)]
  0x000001b7a1ec5030 JavaThread "Cache worker for file hash cache (C:\Users\Donielr Arys Antonio\AndroidStudioProjects\Huzzler\.gradle\8.13\fileHashes)" [_thread_blocked, id=24180, stack(0x0000003a41900000,0x0000003a41a00000)]
  0x000001b7a1ec2060 JavaThread "Cache worker for Build Output Cleanup Cache (C:\Users\Donielr Arys Antonio\AndroidStudioProjects\Huzzler\.gradle\buildOutputCleanup)" [_thread_blocked, id=21676, stack(0x0000003a41a00000,0x0000003a41b00000)]
  0x000001b7a1ec35a0 JavaThread "File watcher server" daemon [_thread_in_native, id=22056, stack(0x0000003a41b00000,0x0000003a41c00000)]
  0x000001b7a1ec6020 JavaThread "File watcher consumer" daemon [_thread_blocked, id=25336, stack(0x0000003a41c00000,0x0000003a41d00000)]
  0x000001b7a1ec25b0 JavaThread "jar transforms" [_thread_blocked, id=2088, stack(0x0000003a41d00000,0x0000003a41e00000)]
  0x000001b7a1ec6570 JavaThread "jar transforms Thread 2" [_thread_blocked, id=24064, stack(0x0000003a41e00000,0x0000003a41f00000)]
  0x000001b7a1ec2b00 JavaThread "Cache worker for checksums cache (C:\Users\Donielr Arys Antonio\AndroidStudioProjects\Huzzler\.gradle\8.13\checksums)" [_thread_blocked, id=19792, stack(0x0000003a41f00000,0x0000003a42000000)]
  0x000001b7a1ec7010 JavaThread "Cache worker for file content cache (C:\Users\Donielr Arys Antonio\.gradle\caches\8.13\fileContent)" [_thread_blocked, id=25076, stack(0x0000003a42000000,0x0000003a42100000)]
  0x000001b7a1ec7560 JavaThread "Cache worker for cache directory md-supplier (C:\Users\Donielr Arys Antonio\.gradle\caches\8.13\md-supplier)" [_thread_blocked, id=21620, stack(0x0000003a42100000,0x0000003a42200000)]
  0x000001b7a1ec3af0 JavaThread "Cache worker for cache directory md-rule (C:\Users\Donielr Arys Antonio\.gradle\caches\8.13\md-rule)" [_thread_blocked, id=22328, stack(0x0000003a42200000,0x0000003a42300000)]
  0x000001b7a1ec8aa0 JavaThread "File lock release action executor" [_thread_blocked, id=24520, stack(0x0000003a42400000,0x0000003a42500000)]
  0x000001b7a1ec9540 JavaThread "Unconstrained build operations" [_thread_blocked, id=24376, stack(0x0000003a42600000,0x0000003a42700000)]
  0x000001b7a1ec9a90 JavaThread "Unconstrained build operations Thread 2" [_thread_blocked, id=24324, stack(0x0000003a42700000,0x0000003a42800000)]
  0x000001b79f84e060 JavaThread "Unconstrained build operations Thread 3" [_thread_blocked, id=19200, stack(0x0000003a42800000,0x0000003a42900000)]
  0x000001b79f84db10 JavaThread "Unconstrained build operations Thread 4" [_thread_blocked, id=21748, stack(0x0000003a42900000,0x0000003a42a00000)]
  0x000001b79f84eb00 JavaThread "Unconstrained build operations Thread 5" [_thread_blocked, id=24800, stack(0x0000003a42a00000,0x0000003a42b00000)]
  0x000001b79f84d5c0 JavaThread "Unconstrained build operations Thread 6" [_thread_blocked, id=18028, stack(0x0000003a42b00000,0x0000003a42c00000)]
  0x000001b79f84e5b0 JavaThread "Unconstrained build operations Thread 7" [_thread_blocked, id=24648, stack(0x0000003a42c00000,0x0000003a42d00000)]
  0x000001b79f84f050 JavaThread "Unconstrained build operations Thread 8" [_thread_blocked, id=18136, stack(0x0000003a42d00000,0x0000003a42e00000)]
  0x000001b79f84f5a0 JavaThread "Unconstrained build operations Thread 9" [_thread_blocked, id=19892, stack(0x0000003a42e00000,0x0000003a42f00000)]
  0x000001b79f850040 JavaThread "Unconstrained build operations Thread 10" [_thread_blocked, id=9896, stack(0x0000003a42f00000,0x0000003a43000000)]
  0x000001b79f84faf0 JavaThread "Unconstrained build operations Thread 11" [_thread_blocked, id=23296, stack(0x0000003a43000000,0x0000003a43100000)]
  0x000001b79f850590 JavaThread "Unconstrained build operations Thread 12" [_thread_blocked, id=20604, stack(0x0000003a43100000,0x0000003a43200000)]
  0x000001b79f84d070 JavaThread "Unconstrained build operations Thread 13" [_thread_blocked, id=23816, stack(0x0000003a43200000,0x0000003a43300000)]
  0x000001b7a16404f0 JavaThread "Unconstrained build operations Thread 14" [_thread_blocked, id=24616, stack(0x0000003a43300000,0x0000003a43400000)]
  0x000001b7a163fa50 JavaThread "Unconstrained build operations Thread 15" [_thread_blocked, id=22968, stack(0x0000003a43400000,0x0000003a43500000)]
  0x000001b7a1640f90 JavaThread "Unconstrained build operations Thread 16" [_thread_blocked, id=13816, stack(0x0000003a42300000,0x0000003a42400000)]
  0x000001b7a16414e0 JavaThread "Unconstrained build operations Thread 17" [_thread_blocked, id=12860, stack(0x0000003a43500000,0x0000003a43600000)]
  0x000001b7a163ffa0 JavaThread "Unconstrained build operations Thread 18" [_thread_blocked, id=17060, stack(0x0000003a43600000,0x0000003a43700000)]
  0x000001b7a1640a40 JavaThread "Unconstrained build operations Thread 19" [_thread_blocked, id=19204, stack(0x0000003a43700000,0x0000003a43800000)]
  0x000001b7a1641a30 JavaThread "Unconstrained build operations Thread 20" [_thread_blocked, id=25584, stack(0x0000003a43800000,0x0000003a43900000)]
  0x000001b7a1642a20 JavaThread "Unconstrained build operations Thread 21" [_thread_blocked, id=15728, stack(0x0000003a43900000,0x0000003a43a00000)]
  0x000001b7a16424d0 JavaThread "Unconstrained build operations Thread 22" [_thread_blocked, id=16916, stack(0x0000003a43a00000,0x0000003a43b00000)]
  0x000001b7a1641f80 JavaThread "Unconstrained build operations Thread 23" [_thread_blocked, id=15484, stack(0x0000003a43b00000,0x0000003a43c00000)]
  0x000001b7a163efb0 JavaThread "Unconstrained build operations Thread 24" [_thread_blocked, id=25096, stack(0x0000003a43c00000,0x0000003a43d00000)]
  0x000001b7a1642f70 JavaThread "Unconstrained build operations Thread 25" [_thread_blocked, id=23572, stack(0x0000003a43d00000,0x0000003a43e00000)]
  0x000001b7a163f500 JavaThread "Unconstrained build operations Thread 26" [_thread_blocked, id=3828, stack(0x0000003a43e00000,0x0000003a43f00000)]
  0x000001b7a16469e0 JavaThread "Unconstrained build operations Thread 27" [_thread_blocked, id=24816, stack(0x0000003a43f00000,0x0000003a44000000)]
  0x000001b7a1643f60 JavaThread "Unconstrained build operations Thread 28" [_thread_blocked, id=1324, stack(0x0000003a44000000,0x0000003a44100000)]
  0x000001b7a1644a00 JavaThread "Unconstrained build operations Thread 29" [_thread_blocked, id=25520, stack(0x0000003a44100000,0x0000003a44200000)]
  0x000001b7a1644f50 JavaThread "Unconstrained build operations Thread 30" [_thread_blocked, id=20636, stack(0x0000003a44200000,0x0000003a44300000)]
  0x000001b7a16444b0 JavaThread "Unconstrained build operations Thread 31" [_thread_blocked, id=25092, stack(0x0000003a44300000,0x0000003a44400000)]
  0x000001b7a1643a10 JavaThread "Unconstrained build operations Thread 32" [_thread_blocked, id=11380, stack(0x0000003a44400000,0x0000003a44500000)]
  0x000001b7a16454a0 JavaThread "Unconstrained build operations Thread 33" [_thread_blocked, id=3796, stack(0x0000003a44500000,0x0000003a44600000)]
  0x000001b7a16459f0 JavaThread "Unconstrained build operations Thread 34" [_thread_blocked, id=24608, stack(0x0000003a44600000,0x0000003a44700000)]
  0x000001b7a1645f40 JavaThread "Unconstrained build operations Thread 35" [_thread_blocked, id=25300, stack(0x0000003a44700000,0x0000003a44800000)]
  0x000001b7a1646490 JavaThread "Unconstrained build operations Thread 36" [_thread_blocked, id=25064, stack(0x0000003a44800000,0x0000003a44900000)]
  0x000001b79fef5710 JavaThread "Unconstrained build operations Thread 37" [_thread_blocked, id=23812, stack(0x0000003a44900000,0x0000003a44a00000)]
  0x000001b79fef6c50 JavaThread "Unconstrained build operations Thread 38" [_thread_blocked, id=21560, stack(0x0000003a44a00000,0x0000003a44b00000)]
  0x000001b79fef6700 JavaThread "Unconstrained build operations Thread 39" [_thread_blocked, id=19484, stack(0x0000003a44b00000,0x0000003a44c00000)]
  0x000001b79fef61b0 JavaThread "Unconstrained build operations Thread 40" [_thread_blocked, id=25540, stack(0x0000003a44c00000,0x0000003a44d00000)]
  0x000001b79fef7c40 JavaThread "Unconstrained build operations Thread 41" [_thread_blocked, id=19108, stack(0x0000003a44d00000,0x0000003a44e00000)]
  0x000001b79fef41d0 JavaThread "Unconstrained build operations Thread 42" [_thread_blocked, id=25148, stack(0x0000003a44e00000,0x0000003a44f00000)]
  0x000001b79fef51c0 JavaThread "Unconstrained build operations Thread 43" [_thread_blocked, id=5576, stack(0x0000003a44f00000,0x0000003a45000000)]
  0x000001b79fef5c60 JavaThread "Unconstrained build operations Thread 44" [_thread_blocked, id=25504, stack(0x0000003a45000000,0x0000003a45100000)]
  0x000001b79fef76f0 JavaThread "Unconstrained build operations Thread 45" [_thread_blocked, id=8544, stack(0x0000003a45100000,0x0000003a45200000)]
  0x000001b79fefb160 JavaThread "Memory manager" [_thread_blocked, id=23232, stack(0x0000003a42500000,0x0000003a42600000)]
  0x000001b7a1b31e70 JavaThread "C2 CompilerThread1" daemon [_thread_blocked, id=21172, stack(0x0000003a45200000,0x0000003a45300000)]
=>0x000001b7a1b37770 JavaThread "C2 CompilerThread2" daemon [_thread_in_native, id=25516, stack(0x0000003a45300000,0x0000003a45400000)]

Other Threads:
  0x000001b759492080 VMThread "VM Thread" [stack: 0x0000003a3f000000,0x0000003a3f100000] [id=24912]
  0x000001b73cb665c0 WatcherThread "VM Periodic Task Thread" [stack: 0x0000003a3fd00000,0x0000003a3fe00000] [id=21784]
  0x000001b73cbc7ee0 WorkerThread "GC Thread#0" [stack: 0x0000003a3eb00000,0x0000003a3ec00000] [id=23776]
  0x000001b79f62be40 WorkerThread "GC Thread#1" [stack: 0x0000003a3fe00000,0x0000003a3ff00000] [id=19260]
  0x000001b79f62d1f0 WorkerThread "GC Thread#2" [stack: 0x0000003a3ff00000,0x0000003a40000000] [id=18368]
  0x000001b79f62c110 WorkerThread "GC Thread#3" [stack: 0x0000003a40000000,0x0000003a40100000] [id=20208]
  0x000001b79f62cf20 WorkerThread "GC Thread#4" [stack: 0x0000003a40100000,0x0000003a40200000] [id=4700]
  0x000001b7a07bd650 WorkerThread "GC Thread#5" [stack: 0x0000003a40300000,0x0000003a40400000] [id=22928]
  0x000001b7a07bc2a0 WorkerThread "GC Thread#6" [stack: 0x0000003a40400000,0x0000003a40500000] [id=9224]
  0x000001b7a07bea00 WorkerThread "GC Thread#7" [stack: 0x0000003a40500000,0x0000003a40600000] [id=20728]
  0x000001b7a07bf810 WorkerThread "GC Thread#8" [stack: 0x0000003a40600000,0x0000003a40700000] [id=23344]
  0x000001b7a07bcb10 WorkerThread "GC Thread#9" [stack: 0x0000003a41300000,0x0000003a41400000] [id=25576]
  0x000001b7a07becd0 WorkerThread "GC Thread#10" [stack: 0x0000003a41400000,0x0000003a41500000] [id=20868]
  0x000001b7a07bd920 WorkerThread "GC Thread#11" [stack: 0x0000003a41500000,0x0000003a41600000] [id=25484]
  0x000001b7a07bbfd0 WorkerThread "GC Thread#12" [stack: 0x0000003a41600000,0x0000003a41700000] [id=25052]
  0x000001b73cbd8d00 ConcurrentGCThread "G1 Main Marker" [stack: 0x0000003a3ec00000,0x0000003a3ed00000] [id=21756]
  0x000001b73cbd9640 WorkerThread "G1 Conc#0" [stack: 0x0000003a3ed00000,0x0000003a3ee00000] [id=22604]
  0x000001b7a07bf270 WorkerThread "G1 Conc#1" [stack: 0x0000003a41700000,0x0000003a41800000] [id=24436]
  0x000001b7a07bc840 WorkerThread "G1 Conc#2" [stack: 0x0000003a41800000,0x0000003a41900000] [id=20256]
  0x000001b73cc1eb40 ConcurrentGCThread "G1 Refine#0" [stack: 0x0000003a3ee00000,0x0000003a3ef00000] [id=2652]
  0x000001b75934b800 ConcurrentGCThread "G1 Service" [stack: 0x0000003a3ef00000,0x0000003a3f000000] [id=20304]

Threads with active compile tasks:
C2 CompilerThread2    30060 10394   !   4       jdk.internal.loader.Resource::getBytes (244 bytes)

VM state: not at safepoint (normal execution)

VM Mutex/Monitor currently owned by a thread: None

Heap address: 0x0000000080000000, size: 2048 MB, Compressed Oops mode: 32-bit

CDS archive(s) mapped at: [0x000001b75a400000-0x000001b75b060000-0x000001b75b060000), size 12976128, SharedBaseAddress: 0x000001b75a400000, ArchiveRelocationMode: 1.
Compressed class space mapped at: 0x000001b75b400000-0x000001b79b400000, reserved size: 1073741824
Narrow klass base: 0x000001b75a400000, Narrow klass shift: 0, Narrow klass range: 0x100000000

GC Precious Log:
 CardTable entry size: 512
 Card Set container configuration: InlinePtr #cards 5 size 8 Array Of Cards #cards 12 size 40 Howl #buckets 4 coarsen threshold 1843 Howl Bitmap #cards 512 size 80 coarsen threshold 460 Card regions per heap region 1 cards per card region 2048
 CPUs: 16 total, 16 available
 Memory: 7896M
 Large Page Support: Disabled
 NUMA Support: Disabled
 Compressed Oops: Enabled (32-bit)
 Heap Region Size: 1M
 Heap Min Capacity: 8M
 Heap Initial Capacity: 124M
 Heap Max Capacity: 2G
 Pre-touch: Disabled
 Parallel Workers: 13
 Concurrent Workers: 3
 Concurrent Refinement Workers: 13
 Periodic GC: Disabled

Heap:
 garbage-first heap   total 124928K, used 103736K [0x0000000080000000, 0x0000000100000000)
  region size 1024K, 30 young (30720K), 3 survivors (3072K)
 Metaspace       used 69561K, committed 71680K, reserved 1114112K
  class space    used 9493K, committed 10560K, reserved 1048576K

Heap Regions: E=young(eden), S=young(survivor), O=old, HS=humongous(starts), HC=humongous(continues), CS=collection set, F=free, OA=open archive, CA=closed archive, TAMS=top-at-mark-start, PB=parsable bottom
|   0|0x0000000080000000, 0x0000000080100000, 0x0000000080100000|100%|HS|  |TAMS 0x0000000080000000| PB 0x0000000080000000| Complete 
|   1|0x0000000080100000, 0x0000000080200000, 0x0000000080200000|100%|HC|  |TAMS 0x0000000080100000| PB 0x0000000080100000| Complete 
|   2|0x0000000080200000, 0x0000000080300000, 0x0000000080300000|100%|HC|  |TAMS 0x0000000080200000| PB 0x0000000080200000| Complete 
|   3|0x0000000080300000, 0x0000000080400000, 0x0000000080400000|100%| O|  |TAMS 0x0000000080300000| PB 0x0000000080300000| Untracked 
|   4|0x0000000080400000, 0x0000000080500000, 0x0000000080500000|100%| O|  |TAMS 0x0000000080400000| PB 0x0000000080400000| Untracked 
|   5|0x0000000080500000, 0x0000000080600000, 0x0000000080600000|100%| O|  |TAMS 0x0000000080500000| PB 0x0000000080500000| Untracked 
|   6|0x0000000080600000, 0x0000000080700000, 0x0000000080700000|100%|HS|  |TAMS 0x0000000080600000| PB 0x0000000080600000| Complete 
|   7|0x0000000080700000, 0x0000000080800000, 0x0000000080800000|100%| O|  |TAMS 0x0000000080700000| PB 0x0000000080700000| Untracked 
|   8|0x0000000080800000, 0x0000000080900000, 0x0000000080900000|100%| O|  |TAMS 0x0000000080800000| PB 0x0000000080800000| Untracked 
|   9|0x0000000080900000, 0x0000000080a00000, 0x0000000080a00000|100%| O|  |TAMS 0x0000000080900000| PB 0x0000000080900000| Untracked 
|  10|0x0000000080a00000, 0x0000000080b00000, 0x0000000080b00000|100%| O|  |TAMS 0x0000000080a00000| PB 0x0000000080a00000| Untracked 
|  11|0x0000000080b00000, 0x0000000080c00000, 0x0000000080c00000|100%| O|  |TAMS 0x0000000080b00000| PB 0x0000000080b00000| Untracked 
|  12|0x0000000080c00000, 0x0000000080d00000, 0x0000000080d00000|100%| O|  |TAMS 0x0000000080c00000| PB 0x0000000080c00000| Untracked 
|  13|0x0000000080d00000, 0x0000000080e00000, 0x0000000080e00000|100%| O|  |TAMS 0x0000000080d00000| PB 0x0000000080d00000| Untracked 
|  14|0x0000000080e00000, 0x0000000080f00000, 0x0000000080f00000|100%| O|  |TAMS 0x0000000080e00000| PB 0x0000000080e00000| Untracked 
|  15|0x0000000080f00000, 0x0000000081000000, 0x0000000081000000|100%| O|  |TAMS 0x0000000080f00000| PB 0x0000000080f00000| Untracked 
|  16|0x0000000081000000, 0x0000000081100000, 0x0000000081100000|100%| O|  |TAMS 0x0000000081000000| PB 0x0000000081000000| Untracked 
|  17|0x0000000081100000, 0x0000000081200000, 0x0000000081200000|100%| O|  |TAMS 0x0000000081100000| PB 0x0000000081100000| Untracked 
|  18|0x0000000081200000, 0x0000000081300000, 0x0000000081300000|100%| O|  |TAMS 0x0000000081200000| PB 0x0000000081200000| Untracked 
|  19|0x0000000081300000, 0x0000000081400000, 0x0000000081400000|100%| O|  |TAMS 0x0000000081300000| PB 0x0000000081300000| Complete 
|  20|0x0000000081400000, 0x0000000081500000, 0x0000000081500000|100%| O|  |TAMS 0x0000000081400000| PB 0x0000000081400000| Untracked 
|  21|0x0000000081500000, 0x0000000081600000, 0x0000000081600000|100%| O|  |TAMS 0x0000000081500000| PB 0x0000000081500000| Untracked 
|  22|0x0000000081600000, 0x0000000081700000, 0x0000000081700000|100%| O|  |TAMS 0x0000000081600000| PB 0x0000000081600000| Untracked 
|  23|0x0000000081700000, 0x0000000081800000, 0x0000000081800000|100%| O|  |TAMS 0x0000000081700000| PB 0x0000000081700000| Untracked 
|  24|0x0000000081800000, 0x0000000081900000, 0x0000000081900000|100%| O|  |TAMS 0x0000000081800000| PB 0x0000000081800000| Untracked 
|  25|0x0000000081900000, 0x0000000081a00000, 0x0000000081a00000|100%| O|  |TAMS 0x0000000081900000| PB 0x0000000081900000| Untracked 
|  26|0x0000000081a00000, 0x0000000081b00000, 0x0000000081b00000|100%| O|  |TAMS 0x0000000081a00000| PB 0x0000000081a00000| Untracked 
|  27|0x0000000081b00000, 0x0000000081c00000, 0x0000000081c00000|100%| O|  |TAMS 0x0000000081b00000| PB 0x0000000081b00000| Untracked 
|  28|0x0000000081c00000, 0x0000000081d00000, 0x0000000081d00000|100%|HS|  |TAMS 0x0000000081c00000| PB 0x0000000081c00000| Complete 
|  29|0x0000000081d00000, 0x0000000081e00000, 0x0000000081e00000|100%| O|  |TAMS 0x0000000081d00000| PB 0x0000000081d00000| Untracked 
|  30|0x0000000081e00000, 0x0000000081f00000, 0x0000000081f00000|100%| O|  |TAMS 0x0000000081e00000| PB 0x0000000081e00000| Untracked 
|  31|0x0000000081f00000, 0x0000000082000000, 0x0000000082000000|100%| O|  |TAMS 0x0000000081f00000| PB 0x0000000081f00000| Untracked 
|  32|0x0000000082000000, 0x0000000082100000, 0x0000000082100000|100%| O|  |TAMS 0x0000000082000000| PB 0x0000000082000000| Untracked 
|  33|0x0000000082100000, 0x0000000082200000, 0x0000000082200000|100%| O|  |TAMS 0x0000000082100000| PB 0x0000000082100000| Untracked 
|  34|0x0000000082200000, 0x0000000082300000, 0x0000000082300000|100%| O|  |TAMS 0x0000000082200000| PB 0x0000000082200000| Untracked 
|  35|0x0000000082300000, 0x0000000082400000, 0x0000000082400000|100%| O|  |TAMS 0x0000000082300000| PB 0x0000000082300000| Untracked 
|  36|0x0000000082400000, 0x0000000082500000, 0x0000000082500000|100%| O|  |TAMS 0x0000000082400000| PB 0x0000000082400000| Untracked 
|  37|0x0000000082500000, 0x0000000082600000, 0x0000000082600000|100%| O|  |TAMS 0x0000000082500000| PB 0x0000000082500000| Untracked 
|  38|0x0000000082600000, 0x0000000082700000, 0x0000000082700000|100%| O|  |TAMS 0x0000000082600000| PB 0x0000000082600000| Untracked 
|  39|0x0000000082700000, 0x0000000082800000, 0x0000000082800000|100%| O|  |TAMS 0x0000000082700000| PB 0x0000000082700000| Untracked 
|  40|0x0000000082800000, 0x0000000082900000, 0x0000000082900000|100%|HS|  |TAMS 0x0000000082800000| PB 0x0000000082800000| Complete 
|  41|0x0000000082900000, 0x0000000082a00000, 0x0000000082a00000|100%|HS|  |TAMS 0x0000000082900000| PB 0x0000000082900000| Complete 
|  42|0x0000000082a00000, 0x0000000082b00000, 0x0000000082b00000|100%|HS|  |TAMS 0x0000000082a00000| PB 0x0000000082a00000| Complete 
|  43|0x0000000082b00000, 0x0000000082c00000, 0x0000000082c00000|100%|HS|  |TAMS 0x0000000082b00000| PB 0x0000000082b00000| Complete 
|  44|0x0000000082c00000, 0x0000000082d00000, 0x0000000082d00000|100%|HC|  |TAMS 0x0000000082c00000| PB 0x0000000082c00000| Complete 
|  45|0x0000000082d00000, 0x0000000082e00000, 0x0000000082e00000|100%| O|  |TAMS 0x0000000082d00000| PB 0x0000000082d00000| Untracked 
|  46|0x0000000082e00000, 0x0000000082f00000, 0x0000000082f00000|100%|HS|  |TAMS 0x0000000082e00000| PB 0x0000000082e00000| Complete 
|  47|0x0000000082f00000, 0x0000000083000000, 0x0000000083000000|100%|HC|  |TAMS 0x0000000082f00000| PB 0x0000000082f00000| Complete 
|  48|0x0000000083000000, 0x0000000083100000, 0x0000000083100000|100%| O|  |TAMS 0x0000000083000000| PB 0x0000000083000000| Untracked 
|  49|0x0000000083100000, 0x0000000083200000, 0x0000000083200000|100%| O|  |TAMS 0x0000000083100000| PB 0x0000000083100000| Untracked 
|  50|0x0000000083200000, 0x0000000083300000, 0x0000000083300000|100%| O|  |TAMS 0x0000000083200000| PB 0x0000000083200000| Untracked 
|  51|0x0000000083300000, 0x0000000083400000, 0x0000000083400000|100%| O|  |TAMS 0x0000000083300000| PB 0x0000000083300000| Complete 
|  52|0x0000000083400000, 0x0000000083500000, 0x0000000083500000|100%|HS|  |TAMS 0x0000000083400000| PB 0x0000000083400000| Complete 
|  53|0x0000000083500000, 0x0000000083600000, 0x0000000083600000|100%|HS|  |TAMS 0x0000000083500000| PB 0x0000000083500000| Complete 
|  54|0x0000000083600000, 0x0000000083700000, 0x0000000083700000|100%| O|  |TAMS 0x0000000083600000| PB 0x0000000083600000| Untracked 
|  55|0x0000000083700000, 0x0000000083800000, 0x0000000083800000|100%|HS|  |TAMS 0x0000000083700000| PB 0x0000000083700000| Complete 
|  56|0x0000000083800000, 0x0000000083900000, 0x0000000083900000|100%|HS|  |TAMS 0x0000000083800000| PB 0x0000000083800000| Complete 
|  57|0x0000000083900000, 0x0000000083a00000, 0x0000000083a00000|100%| O|  |TAMS 0x0000000083900000| PB 0x0000000083900000| Untracked 
|  58|0x0000000083a00000, 0x0000000083b00000, 0x0000000083b00000|100%| O|  |TAMS 0x0000000083a00000| PB 0x0000000083a00000| Untracked 
|  59|0x0000000083b00000, 0x0000000083c00000, 0x0000000083c00000|100%| O|  |TAMS 0x0000000083b00000| PB 0x0000000083b00000| Untracked 
|  60|0x0000000083c00000, 0x0000000083d00000, 0x0000000083d00000|100%| O|  |TAMS 0x0000000083c00000| PB 0x0000000083c00000| Untracked 
|  61|0x0000000083d00000, 0x0000000083e00000, 0x0000000083e00000|100%|HS|  |TAMS 0x0000000083d00000| PB 0x0000000083d00000| Complete 
|  62|0x0000000083e00000, 0x0000000083f00000, 0x0000000083f00000|100%|HS|  |TAMS 0x0000000083e00000| PB 0x0000000083e00000| Complete 
|  63|0x0000000083f00000, 0x0000000084000000, 0x0000000084000000|100%|HS|  |TAMS 0x0000000083f00000| PB 0x0000000083f00000| Complete 
|  64|0x0000000084000000, 0x0000000084000000, 0x0000000084100000|  0%| F|  |TAMS 0x0000000084000000| PB 0x0000000084000000| Untracked 
|  65|0x0000000084100000, 0x0000000084100000, 0x0000000084200000|  0%| F|  |TAMS 0x0000000084100000| PB 0x0000000084100000| Untracked 
|  66|0x0000000084200000, 0x0000000084200000, 0x0000000084300000|  0%| F|  |TAMS 0x0000000084200000| PB 0x0000000084200000| Untracked 
|  67|0x0000000084300000, 0x0000000084400000, 0x0000000084400000|100%| O|  |TAMS 0x0000000084300000| PB 0x0000000084300000| Untracked 
|  68|0x0000000084400000, 0x0000000084500000, 0x0000000084500000|100%| O|  |TAMS 0x0000000084400000| PB 0x0000000084400000| Untracked 
|  69|0x0000000084500000, 0x0000000084600000, 0x0000000084600000|100%| O|  |TAMS 0x0000000084500000| PB 0x0000000084500000| Untracked 
|  70|0x0000000084600000, 0x0000000084700000, 0x0000000084700000|100%| O|  |TAMS 0x0000000084600000| PB 0x0000000084600000| Untracked 
|  71|0x0000000084700000, 0x0000000084717600, 0x0000000084800000|  9%| O|  |TAMS 0x0000000084700000| PB 0x0000000084700000| Untracked 
|  72|0x0000000084800000, 0x0000000084836ba0, 0x0000000084900000| 21%| S|CS|TAMS 0x0000000084800000| PB 0x0000000084800000| Complete 
|  73|0x0000000084900000, 0x0000000084a00000, 0x0000000084a00000|100%| S|CS|TAMS 0x0000000084900000| PB 0x0000000084900000| Complete 
|  74|0x0000000084a00000, 0x0000000084b00000, 0x0000000084b00000|100%| S|CS|TAMS 0x0000000084a00000| PB 0x0000000084a00000| Complete 
|  75|0x0000000084b00000, 0x0000000084b00000, 0x0000000084c00000|  0%| F|  |TAMS 0x0000000084b00000| PB 0x0000000084b00000| Untracked 
|  76|0x0000000084c00000, 0x0000000084c00000, 0x0000000084d00000|  0%| F|  |TAMS 0x0000000084c00000| PB 0x0000000084c00000| Untracked 
|  77|0x0000000084d00000, 0x0000000084d00000, 0x0000000084e00000|  0%| F|  |TAMS 0x0000000084d00000| PB 0x0000000084d00000| Untracked 
|  78|0x0000000084e00000, 0x0000000084e00000, 0x0000000084f00000|  0%| F|  |TAMS 0x0000000084e00000| PB 0x0000000084e00000| Untracked 
|  79|0x0000000084f00000, 0x0000000084f00000, 0x0000000085000000|  0%| F|  |TAMS 0x0000000084f00000| PB 0x0000000084f00000| Untracked 
|  80|0x0000000085000000, 0x0000000085000000, 0x0000000085100000|  0%| F|  |TAMS 0x0000000085000000| PB 0x0000000085000000| Untracked 
|  81|0x0000000085100000, 0x0000000085100000, 0x0000000085200000|  0%| F|  |TAMS 0x0000000085100000| PB 0x0000000085100000| Untracked 
|  82|0x0000000085200000, 0x0000000085200000, 0x0000000085300000|  0%| F|  |TAMS 0x0000000085200000| PB 0x0000000085200000| Untracked 
|  83|0x0000000085300000, 0x0000000085300000, 0x0000000085400000|  0%| F|  |TAMS 0x0000000085300000| PB 0x0000000085300000| Untracked 
|  84|0x0000000085400000, 0x0000000085400000, 0x0000000085500000|  0%| F|  |TAMS 0x0000000085400000| PB 0x0000000085400000| Untracked 
|  85|0x0000000085500000, 0x0000000085500000, 0x0000000085600000|  0%| F|  |TAMS 0x0000000085500000| PB 0x0000000085500000| Untracked 
|  86|0x0000000085600000, 0x0000000085600000, 0x0000000085700000|  0%| F|  |TAMS 0x0000000085600000| PB 0x0000000085600000| Untracked 
|  87|0x0000000085700000, 0x0000000085700000, 0x0000000085800000|  0%| F|  |TAMS 0x0000000085700000| PB 0x0000000085700000| Untracked 
|  88|0x0000000085800000, 0x0000000085800000, 0x0000000085900000|  0%| F|  |TAMS 0x0000000085800000| PB 0x0000000085800000| Untracked 
|  89|0x0000000085900000, 0x0000000085900000, 0x0000000085a00000|  0%| F|  |TAMS 0x0000000085900000| PB 0x0000000085900000| Untracked 
|  90|0x0000000085a00000, 0x0000000085b00000, 0x0000000085b00000|100%| E|  |TAMS 0x0000000085a00000| PB 0x0000000085a00000| Complete 
|  91|0x0000000085b00000, 0x0000000085c00000, 0x0000000085c00000|100%| E|CS|TAMS 0x0000000085b00000| PB 0x0000000085b00000| Complete 
|  92|0x0000000085c00000, 0x0000000085d00000, 0x0000000085d00000|100%| E|CS|TAMS 0x0000000085c00000| PB 0x0000000085c00000| Complete 
|  93|0x0000000085d00000, 0x0000000085e00000, 0x0000000085e00000|100%| E|CS|TAMS 0x0000000085d00000| PB 0x0000000085d00000| Complete 
|  94|0x0000000085e00000, 0x0000000085f00000, 0x0000000085f00000|100%| E|CS|TAMS 0x0000000085e00000| PB 0x0000000085e00000| Complete 
|  95|0x0000000085f00000, 0x0000000086000000, 0x0000000086000000|100%| E|CS|TAMS 0x0000000085f00000| PB 0x0000000085f00000| Complete 
|  96|0x0000000086000000, 0x0000000086100000, 0x0000000086100000|100%| E|CS|TAMS 0x0000000086000000| PB 0x0000000086000000| Complete 
|  97|0x0000000086100000, 0x0000000086200000, 0x0000000086200000|100%| E|CS|TAMS 0x0000000086100000| PB 0x0000000086100000| Complete 
|  98|0x0000000086200000, 0x0000000086300000, 0x0000000086300000|100%| E|CS|TAMS 0x0000000086200000| PB 0x0000000086200000| Complete 
|  99|0x0000000086300000, 0x0000000086400000, 0x0000000086400000|100%| E|CS|TAMS 0x0000000086300000| PB 0x0000000086300000| Complete 
| 100|0x0000000086400000, 0x0000000086500000, 0x0000000086500000|100%| E|CS|TAMS 0x0000000086400000| PB 0x0000000086400000| Complete 
| 101|0x0000000086500000, 0x0000000086600000, 0x0000000086600000|100%| E|CS|TAMS 0x0000000086500000| PB 0x0000000086500000| Complete 
| 102|0x0000000086600000, 0x0000000086700000, 0x0000000086700000|100%| E|CS|TAMS 0x0000000086600000| PB 0x0000000086600000| Complete 
| 103|0x0000000086700000, 0x0000000086800000, 0x0000000086800000|100%| E|CS|TAMS 0x0000000086700000| PB 0x0000000086700000| Complete 
| 104|0x0000000086800000, 0x0000000086900000, 0x0000000086900000|100%| E|CS|TAMS 0x0000000086800000| PB 0x0000000086800000| Complete 
| 105|0x0000000086900000, 0x0000000086a00000, 0x0000000086a00000|100%| E|CS|TAMS 0x0000000086900000| PB 0x0000000086900000| Complete 
| 106|0x0000000086a00000, 0x0000000086b00000, 0x0000000086b00000|100%| E|CS|TAMS 0x0000000086a00000| PB 0x0000000086a00000| Complete 
| 107|0x0000000086b00000, 0x0000000086c00000, 0x0000000086c00000|100%| E|CS|TAMS 0x0000000086b00000| PB 0x0000000086b00000| Complete 
| 108|0x0000000086c00000, 0x0000000086d00000, 0x0000000086d00000|100%| E|CS|TAMS 0x0000000086c00000| PB 0x0000000086c00000| Complete 
| 109|0x0000000086d00000, 0x0000000086e00000, 0x0000000086e00000|100%| E|CS|TAMS 0x0000000086d00000| PB 0x0000000086d00000| Complete 
| 110|0x0000000086e00000, 0x0000000086f00000, 0x0000000086f00000|100%| E|CS|TAMS 0x0000000086e00000| PB 0x0000000086e00000| Complete 
| 111|0x0000000086f00000, 0x0000000087000000, 0x0000000087000000|100%| E|CS|TAMS 0x0000000086f00000| PB 0x0000000086f00000| Complete 
| 112|0x0000000087000000, 0x0000000087100000, 0x0000000087100000|100%| E|CS|TAMS 0x0000000087000000| PB 0x0000000087000000| Complete 
| 113|0x0000000087100000, 0x0000000087200000, 0x0000000087200000|100%| E|CS|TAMS 0x0000000087100000| PB 0x0000000087100000| Complete 
| 114|0x0000000087200000, 0x0000000087300000, 0x0000000087300000|100%| E|CS|TAMS 0x0000000087200000| PB 0x0000000087200000| Complete 
| 115|0x0000000087300000, 0x0000000087400000, 0x0000000087400000|100%| E|CS|TAMS 0x0000000087300000| PB 0x0000000087300000| Complete 
| 123|0x0000000087b00000, 0x0000000087c00000, 0x0000000087c00000|100%| E|CS|TAMS 0x0000000087b00000| PB 0x0000000087b00000| Complete 
|2043|0x00000000ffb00000, 0x00000000ffc00000, 0x00000000ffc00000|100%| O|  |TAMS 0x00000000ffb00000| PB 0x00000000ffb00000| Untracked 
|2044|0x00000000ffc00000, 0x00000000ffd00000, 0x00000000ffd00000|100%| O|  |TAMS 0x00000000ffc00000| PB 0x00000000ffc00000| Untracked 
|2045|0x00000000ffd00000, 0x00000000ffe00000, 0x00000000ffe00000|100%| O|  |TAMS 0x00000000ffd00000| PB 0x00000000ffd00000| Untracked 
|2046|0x00000000ffe00000, 0x00000000fff00000, 0x00000000fff00000|100%| O|  |TAMS 0x00000000ffe00000| PB 0x00000000ffe00000| Untracked 
|2047|0x00000000fff00000, 0x0000000100000000, 0x0000000100000000|100%| O|  |TAMS 0x00000000fff00000| PB 0x00000000fff00000| Untracked 

Card table byte_map: [0x000001b7548b0000,0x000001b754cb0000] _byte_map_base: 0x000001b7544b0000

Marking Bits: (CMBitMap*) 0x000001b73cbc8420
 Bits: [0x000001b7550b0000, 0x000001b7570b0000)

Polling page: 0x000001b73aaa0000

Metaspace:

Usage:
  Non-class:     58.67 MB used.
      Class:      9.27 MB used.
       Both:     67.94 MB used.

Virtual space:
  Non-class space:       64.00 MB reserved,      59.69 MB ( 93%) committed,  1 nodes.
      Class space:        1.00 GB reserved,      10.31 MB (  1%) committed,  1 nodes.
             Both:        1.06 GB reserved,      70.00 MB (  6%) committed. 

Chunk freelists:
   Non-Class:  224.00 KB
       Class:  1.55 MB
        Both:  1.77 MB

MaxMetaspaceSize: unlimited
CompressedClassSpaceSize: 1.00 GB
Initial GC threshold: 21.00 MB
Current GC threshold: 113.69 MB
CDS: on
MetaspaceReclaimPolicy: balanced
 - commit_granule_bytes: 65536.
 - commit_granule_words: 8192.
 - virtual_space_node_default_size: 8388608.
 - enlarge_chunks_in_place: 1.
 - new_chunks_are_fully_committed: 0.
 - uncommit_free_chunks: 1.
 - use_allocation_guard: 0.


Internal statistics:

num_allocs_failed_limit: 12.
num_arena_births: 3604.
num_arena_deaths: 0.
num_vsnodes_births: 2.
num_vsnodes_deaths: 0.
num_space_committed: 1120.
num_space_uncommitted: 0.
num_chunks_returned_to_freelist: 12.
num_chunks_taken_from_freelist: 6792.
num_chunk_merges: 9.
num_chunk_splits: 4461.
num_chunks_enlarged: 2785.
num_inconsistent_stats: 0.

CodeHeap 'non-profiled nmethods': size=119168Kb used=4595Kb max_used=4894Kb free=114572Kb
 bounds [0x000001b74c7d0000, 0x000001b74cca0000, 0x000001b753c30000]
CodeHeap 'profiled nmethods': size=119104Kb used=16258Kb max_used=18458Kb free=102845Kb
 bounds [0x000001b744c30000, 0x000001b745e40000, 0x000001b74c080000]
CodeHeap 'non-nmethods': size=7488Kb used=3425Kb max_used=4557Kb free=4062Kb
 bounds [0x000001b74c080000, 0x000001b74c500000, 0x000001b74c7d0000]
 total_blobs=9844 nmethods=8924 adapters=829
 compilation: enabled
              stopped_count=0, restarted_count=0
 full_count=0

Compilation events (20 events):
Event: 28.872 Thread 0x000001b79f48fce0 10389   !   3       java.net.URLClassLoader$1::run (81 bytes)
Event: 28.874 Thread 0x000001b79f48fce0 nmethod 10389 0x000001b744c5d690 code [0x000001b744c5da20, 0x000001b744c5f030]
Event: 28.893 Thread 0x000001b79f48fce0 10390       3       java.util.LinkedHashMap::get (29 bytes)
Event: 28.893 Thread 0x000001b79f48fce0 nmethod 10390 0x000001b744df4390 code [0x000001b744df4540, 0x000001b744df4778]
Event: 28.899 Thread 0x000001b7594bdf20 10391  s    3       java.util.jar.JarFile::getInputStream (88 bytes)
Event: 28.899 Thread 0x000001b7594bdf20 nmethod 10391 0x000001b744e83c10 code [0x000001b744e83e60, 0x000001b744e84648]
Event: 28.915 Thread 0x000001b7594bad50 10392       4       java.security.SecureClassLoader::defineClass (16 bytes)
Event: 28.920 Thread 0x000001b7a1b31e70 nmethod 10386 0x000001b74ca3c290 code [0x000001b74ca3c5a0, 0x000001b74ca3f3d8]
Event: 28.925 Thread 0x000001b79f550940 10393       3       jdk.internal.loader.URLClassPath$JarLoader$2::getCodeSigners (8 bytes)
Event: 28.926 Thread 0x000001b79f550940 nmethod 10393 0x000001b744db7f90 code [0x000001b744db8120, 0x000001b744db82f0]
Event: 28.942 Thread 0x000001b7a1b37770 10394   !   4       jdk.internal.loader.Resource::getBytes (244 bytes)
Event: 28.961 Thread 0x000001b7a1b31e70 10395       4       com.google.common.collect.MapMakerInternalMap::putIfAbsent (29 bytes)
Event: 28.991 Thread 0x000001b7a1b31e70 nmethod 10395 0x000001b74c7f0490 code [0x000001b74c7f0720, 0x000001b74c7f1c40]
Event: 28.992 Thread 0x000001b7a1b31e70 10396       4       java.lang.ClassLoader::preDefineClass (118 bytes)
Event: 29.552 Thread 0x000001b79f48fce0 10398       3       javax.management.ObjectName::setCanonicalName (251 bytes)
Event: 29.553 Thread 0x000001b7594bdf20 10399       3       javax.management.ObjectName::isPropertyListPattern (17 bytes)
Event: 29.553 Thread 0x000001b7594bdf20 nmethod 10399 0x000001b744cf8210 code [0x000001b744cf83a0, 0x000001b744cf8510]
Event: 29.553 Thread 0x000001b7594bdf20 10400       3       java.util.ComparableTimSort::reverseRange (32 bytes)
Event: 29.553 Thread 0x000001b7594bdf20 nmethod 10400 0x000001b744e55c90 code [0x000001b744e55e40, 0x000001b744e56340]
Event: 29.553 Thread 0x000001b79f48fce0 nmethod 10398 0x000001b744c92f10 code [0x000001b744c93180, 0x000001b744c94158]

GC Heap History (20 events):
Event: 12.133 GC heap before
{Heap before GC invocations=12 (full 0):
 garbage-first heap   total 116736K, used 99024K [0x0000000080000000, 0x0000000100000000)
  region size 1024K, 66 young (67584K), 6 survivors (6144K)
 Metaspace       used 52798K, committed 54528K, reserved 1114112K
  class space    used 7415K, committed 8320K, reserved 1048576K
}
Event: 12.140 GC heap after
{Heap after GC invocations=13 (full 0):
 garbage-first heap   total 116736K, used 41929K [0x0000000080000000, 0x0000000100000000)
  region size 1024K, 8 young (8192K), 8 survivors (8192K)
 Metaspace       used 52798K, committed 54528K, reserved 1114112K
  class space    used 7415K, committed 8320K, reserved 1048576K
}
Event: 16.802 GC heap before
{Heap before GC invocations=13 (full 0):
 garbage-first heap   total 116736K, used 100297K [0x0000000080000000, 0x0000000100000000)
  region size 1024K, 65 young (66560K), 8 survivors (8192K)
 Metaspace       used 57080K, committed 58880K, reserved 1114112K
  class space    used 7995K, committed 8896K, reserved 1048576K
}
Event: 16.817 GC heap after
{Heap after GC invocations=14 (full 0):
 garbage-first heap   total 116736K, used 46524K [0x0000000080000000, 0x0000000100000000)
  region size 1024K, 9 young (9216K), 9 survivors (9216K)
 Metaspace       used 57080K, committed 58880K, reserved 1114112K
  class space    used 7995K, committed 8896K, reserved 1048576K
}
Event: 20.635 GC heap before
{Heap before GC invocations=14 (full 0):
 garbage-first heap   total 116736K, used 98748K [0x0000000080000000, 0x0000000100000000)
  region size 1024K, 61 young (62464K), 9 survivors (9216K)
 Metaspace       used 58000K, committed 59840K, reserved 1114112K
  class space    used 8093K, committed 9024K, reserved 1048576K
}
Event: 20.651 GC heap after
{Heap after GC invocations=15 (full 0):
 garbage-first heap   total 116736K, used 49495K [0x0000000080000000, 0x0000000100000000)
  region size 1024K, 5 young (5120K), 5 survivors (5120K)
 Metaspace       used 58000K, committed 59840K, reserved 1114112K
  class space    used 8093K, committed 9024K, reserved 1048576K
}
Event: 21.480 GC heap before
{Heap before GC invocations=15 (full 0):
 garbage-first heap   total 116736K, used 101719K [0x0000000080000000, 0x0000000100000000)
  region size 1024K, 57 young (58368K), 5 survivors (5120K)
 Metaspace       used 58123K, committed 59968K, reserved 1114112K
  class space    used 8093K, committed 9024K, reserved 1048576K
}
Event: 21.486 GC heap after
{Heap after GC invocations=16 (full 0):
 garbage-first heap   total 116736K, used 50673K [0x0000000080000000, 0x0000000100000000)
  region size 1024K, 6 young (6144K), 6 survivors (6144K)
 Metaspace       used 58123K, committed 59968K, reserved 1114112K
  class space    used 8093K, committed 9024K, reserved 1048576K
}
Event: 22.351 GC heap before
{Heap before GC invocations=16 (full 0):
 garbage-first heap   total 116736K, used 101873K [0x0000000080000000, 0x0000000100000000)
  region size 1024K, 57 young (58368K), 6 survivors (6144K)
 Metaspace       used 58134K, committed 59968K, reserved 1114112K
  class space    used 8094K, committed 9024K, reserved 1048576K
}
Event: 22.359 GC heap after
{Heap after GC invocations=17 (full 0):
 garbage-first heap   total 116736K, used 52221K [0x0000000080000000, 0x0000000100000000)
  region size 1024K, 6 young (6144K), 6 survivors (6144K)
 Metaspace       used 58134K, committed 59968K, reserved 1114112K
  class space    used 8094K, committed 9024K, reserved 1048576K
}
Event: 23.313 GC heap before
{Heap before GC invocations=17 (full 0):
 garbage-first heap   total 116736K, used 80893K [0x0000000080000000, 0x0000000100000000)
  region size 1024K, 32 young (32768K), 6 survivors (6144K)
 Metaspace       used 58809K, committed 60608K, reserved 1114112K
  class space    used 8178K, committed 9088K, reserved 1048576K
}
Event: 23.320 GC heap after
{Heap after GC invocations=18 (full 0):
 garbage-first heap   total 116736K, used 58732K [0x0000000080000000, 0x0000000100000000)
  region size 1024K, 7 young (7168K), 7 survivors (7168K)
 Metaspace       used 58809K, committed 60608K, reserved 1114112K
  class space    used 8178K, committed 9088K, reserved 1048576K
}
Event: 23.341 GC heap before
{Heap before GC invocations=18 (full 0):
 garbage-first heap   total 116736K, used 60780K [0x0000000080000000, 0x0000000100000000)
  region size 1024K, 8 young (8192K), 7 survivors (7168K)
 Metaspace       used 58810K, committed 60608K, reserved 1114112K
  class space    used 8178K, committed 9088K, reserved 1048576K
}
Event: 23.345 GC heap after
{Heap after GC invocations=19 (full 0):
 garbage-first heap   total 116736K, used 60656K [0x0000000080000000, 0x0000000100000000)
  region size 1024K, 4 young (4096K), 4 survivors (4096K)
 Metaspace       used 58810K, committed 60608K, reserved 1114112K
  class space    used 8178K, committed 9088K, reserved 1048576K
}
Event: 24.783 GC heap before
{Heap before GC invocations=20 (full 0):
 garbage-first heap   total 116736K, used 103664K [0x0000000080000000, 0x0000000100000000)
  region size 1024K, 42 young (43008K), 4 survivors (4096K)
 Metaspace       used 61132K, committed 62976K, reserved 1114112K
  class space    used 8454K, committed 9408K, reserved 1048576K
}
Event: 24.787 GC heap after
{Heap after GC invocations=21 (full 0):
 garbage-first heap   total 116736K, used 70534K [0x0000000080000000, 0x0000000100000000)
  region size 1024K, 6 young (6144K), 6 survivors (6144K)
 Metaspace       used 61132K, committed 62976K, reserved 1114112K
  class space    used 8454K, committed 9408K, reserved 1048576K
}
Event: 25.491 GC heap before
{Heap before GC invocations=21 (full 0):
 garbage-first heap   total 116736K, used 102278K [0x0000000080000000, 0x0000000100000000)
  region size 1024K, 38 young (38912K), 6 survivors (6144K)
 Metaspace       used 64449K, committed 66368K, reserved 1114112K
  class space    used 8769K, committed 9728K, reserved 1048576K
}
Event: 25.499 GC heap after
{Heap after GC invocations=22 (full 0):
 garbage-first heap   total 116736K, used 70921K [0x0000000080000000, 0x0000000100000000)
  region size 1024K, 2 young (2048K), 2 survivors (2048K)
 Metaspace       used 64449K, committed 66368K, reserved 1114112K
  class space    used 8769K, committed 9728K, reserved 1048576K
}
Event: 28.071 GC heap before
{Heap before GC invocations=22 (full 0):
 garbage-first heap   total 116736K, used 103689K [0x0000000080000000, 0x0000000100000000)
  region size 1024K, 34 young (34816K), 2 survivors (2048K)
 Metaspace       used 67745K, committed 69824K, reserved 1114112K
  class space    used 9243K, committed 10304K, reserved 1048576K
}
Event: 28.074 GC heap after
{Heap after GC invocations=23 (full 0):
 garbage-first heap   total 116736K, used 71992K [0x0000000080000000, 0x0000000100000000)
  region size 1024K, 3 young (3072K), 3 survivors (3072K)
 Metaspace       used 67745K, committed 69824K, reserved 1114112K
  class space    used 9243K, committed 10304K, reserved 1048576K
}

Dll operation events (15 events):
Event: 0.007 Loaded shared library C:\Program Files\Java\jdk-20\bin\java.dll
Event: 0.028 Loaded shared library C:\Program Files\Java\jdk-20\bin\jsvml.dll
Event: 0.061 Loaded shared library C:\Program Files\Java\jdk-20\bin\zip.dll
Event: 0.064 Loaded shared library C:\Program Files\Java\jdk-20\bin\instrument.dll
Event: 0.066 Loaded shared library C:\Program Files\Java\jdk-20\bin\net.dll
Event: 0.070 Loaded shared library C:\Program Files\Java\jdk-20\bin\nio.dll
Event: 0.072 Loaded shared library C:\Program Files\Java\jdk-20\bin\zip.dll
Event: 0.243 Loaded shared library C:\Program Files\Java\jdk-20\bin\jimage.dll
Event: 0.339 Loaded shared library C:\Program Files\Java\jdk-20\bin\verify.dll
Event: 0.407 Loaded shared library C:\Users\Donielr Arys Antonio\.gradle\native\1def1411415f61bf3af743bc5b6707747c0891f09f0c88961ee8f79bc544acac\windows-amd64\native-platform.dll
Event: 0.417 Loaded shared library C:\Users\Donielr Arys Antonio\.gradle\native\0.2.7\x86_64-windows-gnu\gradle-fileevents.dll
Event: 1.484 Loaded shared library C:\Program Files\Java\jdk-20\bin\management.dll
Event: 1.491 Loaded shared library C:\Program Files\Java\jdk-20\bin\management_ext.dll
Event: 1.837 Loaded shared library C:\Program Files\Java\jdk-20\bin\extnet.dll
Event: 2.439 Loaded shared library C:\Program Files\Java\jdk-20\bin\sunmscapi.dll

Deoptimization events (20 events):
Event: 28.801 Thread 0x000001b7a1053720 DEOPT PACKING pc=0x000001b745191830 sp=0x0000003a40cf1b40
Event: 28.801 Thread 0x000001b7a1053720 DEOPT UNPACKING pc=0x000001b74c0ea4c2 sp=0x0000003a40cf0fc0 mode 0
Event: 28.801 Thread 0x000001b7a1053720 DEOPT PACKING pc=0x000001b744f94ec8 sp=0x0000003a40cf1b70
Event: 28.801 Thread 0x000001b7a1053720 DEOPT UNPACKING pc=0x000001b74c0ea4c2 sp=0x0000003a40cf0ff0 mode 0
Event: 28.801 Thread 0x000001b7a1053720 DEOPT PACKING pc=0x000001b744c79c56 sp=0x0000003a40cf1a00
Event: 28.801 Thread 0x000001b7a1053720 DEOPT UNPACKING pc=0x000001b74c0ea4c2 sp=0x0000003a40cf0e80 mode 0
Event: 28.801 Thread 0x000001b7a1053720 DEOPT PACKING pc=0x000001b745191830 sp=0x0000003a40cf1b40
Event: 28.801 Thread 0x000001b7a1053720 DEOPT UNPACKING pc=0x000001b74c0ea4c2 sp=0x0000003a40cf0fc0 mode 0
Event: 28.801 Thread 0x000001b7a1053720 DEOPT PACKING pc=0x000001b745191830 sp=0x0000003a40cf1b40
Event: 28.801 Thread 0x000001b7a1053720 DEOPT UNPACKING pc=0x000001b74c0ea4c2 sp=0x0000003a40cf0fc0 mode 0
Event: 28.802 Thread 0x000001b7a1053720 DEOPT PACKING pc=0x000001b745191830 sp=0x0000003a40cf1b40
Event: 28.802 Thread 0x000001b7a1053720 DEOPT UNPACKING pc=0x000001b74c0ea4c2 sp=0x0000003a40cf0fc0 mode 0
Event: 28.802 Thread 0x000001b7a1053720 DEOPT PACKING pc=0x000001b745191830 sp=0x0000003a40cf1b40
Event: 28.802 Thread 0x000001b7a1053720 DEOPT UNPACKING pc=0x000001b74c0ea4c2 sp=0x0000003a40cf0fc0 mode 0
Event: 28.802 Thread 0x000001b7a1053720 DEOPT PACKING pc=0x000001b745191830 sp=0x0000003a40cf1b40
Event: 28.802 Thread 0x000001b7a1053720 DEOPT UNPACKING pc=0x000001b74c0ea4c2 sp=0x0000003a40cf0fc0 mode 0
Event: 28.829 Thread 0x000001b7a1053720 Uncommon trap: trap_request=0xffffff45 fr.pc=0x000001b74ca4ef2c relative=0x00000000000000ac
Event: 28.829 Thread 0x000001b7a1053720 Uncommon trap: reason=unstable_if action=reinterpret pc=0x000001b74ca4ef2c method=java.security.CodeSource.matchCerts(Ljava/security/CodeSource;Z)Z @ 11 c2
Event: 28.829 Thread 0x000001b7a1053720 DEOPT PACKING pc=0x000001b74ca4ef2c sp=0x0000003a40cf0a60
Event: 28.829 Thread 0x000001b7a1053720 DEOPT UNPACKING pc=0x000001b74c0e9d22 sp=0x0000003a40cf09f8 mode 2

Classes loaded (20 events):
Event: 28.698 Loading class java/security/interfaces/XECKey
Event: 28.698 Loading class java/security/interfaces/XECKey done
Event: 28.699 Loading class sun/security/util/KeyUtil
Event: 28.702 Loading class sun/security/util/KeyUtil done
Event: 28.702 Loading class sun/security/util/Length
Event: 28.704 Loading class sun/security/util/Length done
Event: 28.704 Loading class javax/crypto/SecretKey
Event: 28.706 Loading class javax/crypto/SecretKey done
Event: 28.708 Loading class java/util/Base64
Event: 28.709 Loading class java/util/Base64 done
Event: 28.709 Loading class java/util/Base64$Decoder
Event: 28.712 Loading class java/util/Base64$Decoder done
Event: 28.712 Loading class java/util/Base64$Encoder
Event: 28.714 Loading class java/util/Base64$Encoder done
Event: 28.715 Loading class java/util/jar/JarVerifier$VerifierStream
Event: 28.720 Loading class java/util/jar/JarVerifier$VerifierStream done
Event: 28.720 Loading class sun/security/util/ManifestEntryVerifier$SunProviderHolder
Event: 28.720 Loading class sun/security/util/ManifestEntryVerifier$SunProviderHolder done
Event: 28.831 Loading class java/security/KeyStore$ProtectionParameter
Event: 28.831 Loading class java/security/KeyStore$ProtectionParameter done

Classes unloaded (0 events):
No events

Classes redefined (0 events):
No events

Internal exceptions (20 events):
Event: 22.609 Thread 0x000001b7a1053720 Exception <a 'java/lang/NoSuchMethodError'{0x0000000085c852c8}: 'long java.lang.invoke.DirectMethodHandle$Holder.invokeVirtual(java.lang.Object, java.lang.Object)'> (0x0000000085c852c8) 
thrown [s\open\src\hotspot\share\interpreter\linkResolver.cpp, line 773]
Event: 22.622 Thread 0x000001b7a10511f0 Exception <a 'java/lang/NoSuchMethodError'{0x0000000085cf0710}: static Lorg/gradle/internal/build/event/types/DefaultProjectConfigurationSuccessResult;.<clinit>()V> (0x0000000085cf0710) 
thrown [s\open\src\hotspot\share\prims\jni.cpp, line 1105]
Event: 22.622 Thread 0x000001b7a10511f0 Exception <a 'java/lang/NoSuchMethodError'{0x0000000085cf17e8}: static Lorg/gradle/internal/build/event/types/AbstractProjectConfigurationResult;.<clinit>()V> (0x0000000085cf17e8) 
thrown [s\open\src\hotspot\share\prims\jni.cpp, line 1105]
Event: 22.629 Thread 0x000001b7a10511f0 Exception <a 'java/lang/NoSuchMethodError'{0x0000000085b06550}: static Lorg/gradle/internal/build/event/types/DefaultPluginApplicationResult;.<clinit>()V> (0x0000000085b06550) 
thrown [s\open\src\hotspot\share\prims\jni.cpp, line 1105]
Event: 22.630 Thread 0x000001b7a10511f0 Exception <a 'java/lang/NoSuchMethodError'{0x0000000085b10d90}: static Lorg/gradle/internal/build/event/types/DefaultBinaryPluginIdentifier;.<clinit>()V> (0x0000000085b10d90) 
thrown [s\open\src\hotspot\share\prims\jni.cpp, line 1105]
Event: 22.642 Thread 0x000001b7a10511f0 Exception <a 'java/lang/NoSuchMethodError'{0x0000000085b6e9b8}: static Lorg/gradle/internal/build/event/types/DefaultScriptPluginIdentifier;.<clinit>()V> (0x0000000085b6e9b8) 
thrown [s\open\src\hotspot\share\prims\jni.cpp, line 1105]
Event: 23.045 Thread 0x000001b7a1053720 Implicit null exception at 0x000001b74cb16d1d to 0x000001b74cb1714c
Event: 24.080 Thread 0x000001b7a1053720 Exception <a 'java/lang/ClassNotFoundException'{0x000000008604fa38}: sun/misc/SharedSecrets> (0x000000008604fa38) 
thrown [s\open\src\hotspot\share\classfile\systemDictionary.cpp, line 305]
Event: 24.080 Thread 0x000001b7a1053720 Exception <a 'java/lang/ClassNotFoundException'{0x0000000086051050}: org/gradle/api/internal/plugins/DefaultObjectConfigurationActionBeanInfo> (0x0000000086051050) 
thrown [s\open\src\hotspot\share\classfile\systemDictionary.cpp, line 305]
Event: 24.083 Thread 0x000001b7a1053720 Exception <a 'java/lang/ClassNotFoundException'{0x0000000086066330}: org/gradle/api/internal/plugins/DefaultObjectConfigurationActionCustomizer> (0x0000000086066330) 
thrown [s\open\src\hotspot\share\classfile\systemDictionary.cpp, line 305]
Event: 24.087 Thread 0x000001b7a1053720 Implicit null exception at 0x000001b74c929826 to 0x000001b74c929a14
Event: 24.089 Thread 0x000001b7a1053720 Exception <a 'java/lang/NoSuchMethodError'{0x0000000086073c48}: 'int java.lang.invoke.DirectMethodHandle$Holder.invokeSpecial(java.lang.Object, java.lang.Object, java.lang.Object, int)'> (0x0000000086073c48) 
thrown [s\open\src\hotspot\share\interpreter\linkResolver.cpp, line 773]
Event: 24.091 Thread 0x000001b7a1053720 Exception <a 'java/lang/NoSuchMethodError'{0x0000000086084a50}: 'java.lang.Object java.lang.invoke.DirectMethodHandle$Holder.invokeStatic(java.lang.Object, java.lang.Object, java.lang.Object, java.lang.Object, int)'> (0x0000000086084a50) 
thrown [s\open\src\hotspot\share\interpreter\linkResolver.cpp, line 773]
Event: 24.850 Thread 0x000001b7a1053720 Exception <a 'java/lang/NoSuchMethodError'{0x0000000086fa2d98}: 'int java.lang.invoke.DirectMethodHandle$Holder.invokeSpecialIFC(java.lang.Object, java.lang.Object, java.lang.Object, java.lang.Object, java.lang.Object)'> (0x0000000086fa2d98) 
thrown [s\open\src\hotspot\share\interpreter\linkResolver.cpp, line 773]
Event: 27.605 Thread 0x000001b7a1053720 Exception <a 'java/lang/NoSuchMethodError'{0x00000000856adb08}: 'java.lang.Object java.lang.invoke.DirectMethodHandle$Holder.newInvokeSpecial(java.lang.Object, java.lang.Object, java.lang.Object, java.lang.Object, java.lang.Object, java.lang.Object, java.lang.Object, java.lang.Object, java.lang.Object, java.lang.Object, java.lang.Object, java.lang.Object, java.lang.Object, java.lang.Object, java.lang.Object, java.lang.Object)'> (0x00000000856adb08) 
thrown [s\open\src\hotspot\share\interpreter\linkResolver
Event: 27.605 Thread 0x000001b7a1053720 Exception <a 'java/lang/NoSuchMethodError'{0x00000000856b4750}: 'java.lang.Object java.lang.invoke.DirectMethodHandle$Holder.invokeSpecial(java.lang.Object, java.lang.Object, java.lang.Object, java.lang.Object, java.lang.Object, java.lang.Object, java.lang.Object, java.lang.Object, java.lang.Object, java.lang.Object, java.lang.Object, java.lang.Object, java.lang.Object, java.lang.Object, java.lang.Object, java.lang.Object, java.lang.Object)'> (0x00000000856b4750) 
thrown [s\open\src\hotspot\share\interpret
Event: 27.606 Thread 0x000001b7a1053720 Exception <a 'java/lang/NoSuchMethodError'{0x00000000856ba5d0}: 'java.lang.Object java.lang.invoke.DelegatingMethodHandle$Holder.reinvoke_L(java.lang.Object, java.lang.Object, java.lang.Object, java.lang.Object, java.lang.Object, java.lang.Object, java.lang.Object, java.lang.Object, java.lang.Object, java.lang.Object, java.lang.Object, java.lang.Object, java.lang.Object, java.lang.Object, java.lang.Object, java.lang.Object)'> (0x00000000856ba5d0) 
thrown [s\open\src\hotspot\share\interpreter\linkResolver.c
Event: 27.866 Thread 0x000001b7a1053720 Exception <a 'java/lang/NoSuchMethodError'{0x0000000085125d28}: 'void java.lang.invoke.DirectMethodHandle$Holder.invokeVirtual(java.lang.Object, java.lang.Object)'> (0x0000000085125d28) 
thrown [s\open\src\hotspot\share\interpreter\linkResolver.cpp, line 773]
Event: 28.611 Thread 0x000001b7a1053720 Implicit null exception at 0x000001b74c9d2d9a to 0x000001b74c9d2ec2
Event: 28.788 Thread 0x000001b7a1053720 Implicit null exception at 0x000001b74c9a6fd4 to 0x000001b74c9a7783

VM Operations (20 events):
Event: 26.691 Executing VM operation: HandshakeAllThreads
Event: 26.692 Executing VM operation: HandshakeAllThreads done
Event: 26.890 Executing VM operation: HandshakeAllThreads
Event: 26.890 Executing VM operation: HandshakeAllThreads done
Event: 27.623 Executing VM operation: HandshakeAllThreads
Event: 27.623 Executing VM operation: HandshakeAllThreads done
Event: 28.071 Executing VM operation: G1CollectForAllocation
Event: 28.074 Executing VM operation: G1CollectForAllocation done
Event: 28.103 Executing VM operation: G1PauseRemark
Event: 28.137 Executing VM operation: G1PauseRemark done
Event: 28.151 Executing VM operation: G1PauseCleanup
Event: 28.151 Executing VM operation: G1PauseCleanup done
Event: 28.321 Executing VM operation: HandshakeAllThreads
Event: 28.321 Executing VM operation: HandshakeAllThreads done
Event: 28.635 Executing VM operation: HandshakeAllThreads
Event: 28.635 Executing VM operation: HandshakeAllThreads done
Event: 28.637 Executing VM operation: HandshakeAllThreads
Event: 28.637 Executing VM operation: HandshakeAllThreads done
Event: 29.645 Executing VM operation: Cleanup
Event: 29.645 Executing VM operation: Cleanup done

Events (20 events):
Event: 28.136 Thread 0x000001b759492080 flushing nmethod 0x000001b74c8a6c90
Event: 28.136 Thread 0x000001b759492080 flushing nmethod 0x000001b74c8abe10
Event: 28.136 Thread 0x000001b759492080 flushing nmethod 0x000001b74c87c610
Event: 28.136 Thread 0x000001b759492080 flushing nmethod 0x000001b74c895690
Event: 28.136 Thread 0x000001b759492080 flushing nmethod 0x000001b74c869790
Event: 28.136 Thread 0x000001b759492080 flushing nmethod 0x000001b74c868a90
Event: 28.136 Thread 0x000001b759492080 flushing nmethod 0x000001b74c893510
Event: 28.136 Thread 0x000001b759492080 flushing nmethod 0x000001b74c886010
Event: 28.136 Thread 0x000001b759492080 flushing nmethod 0x000001b74c823490
Event: 28.136 Thread 0x000001b759492080 flushing nmethod 0x000001b74c818890
Event: 28.136 Thread 0x000001b759492080 flushing nmethod 0x000001b74c84e410
Event: 28.136 Thread 0x000001b759492080 flushing nmethod 0x000001b74c842c90
Event: 28.136 Thread 0x000001b759492080 flushing nmethod 0x000001b74c862c10
Event: 28.136 Thread 0x000001b759492080 flushing nmethod 0x000001b74c85af90
Event: 28.136 Thread 0x000001b759492080 flushing nmethod 0x000001b74c808d10
Event: 28.136 Thread 0x000001b759492080 flushing nmethod 0x000001b74c801310
Event: 28.136 Thread 0x000001b759492080 flushing nmethod 0x000001b74c7f9990
Event: 28.640 Thread 0x000001b7a1b31e70 Thread added: 0x000001b7a1b31e70
Event: 28.809 Thread 0x000001b7a1b37770 Thread added: 0x000001b7a1b37770
Event: 29.552 Thread 0x000001b79f550940 Thread exited: 0x000001b79f550940


Dynamic libraries:
0x00007ff689bc0000 - 0x00007ff689bd0000 	C:\Program Files\Java\jdk-20\bin\java.exe
0x00007ffbc6a40000 - 0x00007ffbc6ca9000 	C:\WINDOWS\SYSTEM32\ntdll.dll
0x00007ffbc4950000 - 0x00007ffbc4a19000 	C:\WINDOWS\System32\KERNEL32.DLL
0x00007ffbc3bd0000 - 0x00007ffbc3fc3000 	C:\WINDOWS\System32\KERNELBASE.dll
0x00007ffbc4210000 - 0x00007ffbc435b000 	C:\WINDOWS\System32\ucrtbase.dll
0x00007ffb99360000 - 0x00007ffb99379000 	C:\Program Files\Java\jdk-20\bin\jli.dll
0x00007ffbc4890000 - 0x00007ffbc4944000 	C:\WINDOWS\System32\ADVAPI32.dll
0x00007ffb95850000 - 0x00007ffb9586b000 	C:\Program Files\Java\jdk-20\bin\VCRUNTIME140.dll
0x00007ffbc4a20000 - 0x00007ffbc4ac9000 	C:\WINDOWS\System32\msvcrt.dll
0x00007ffbc6900000 - 0x00007ffbc69a6000 	C:\WINDOWS\System32\sechost.dll
0x00007ffbc4ce0000 - 0x00007ffbc4df8000 	C:\WINDOWS\System32\RPCRT4.dll
0x00007ffbc5910000 - 0x00007ffbc5ad4000 	C:\WINDOWS\System32\USER32.dll
0x00007ffbc4490000 - 0x00007ffbc44b7000 	C:\WINDOWS\System32\win32u.dll
0x00007ffba84a0000 - 0x00007ffba8733000 	C:\WINDOWS\WinSxS\amd64_microsoft.windows.common-controls_6595b64144ccf1df_6.0.26100.5074_none_3e0d6f78e32fd63f\COMCTL32.dll
0x00007ffbc4c50000 - 0x00007ffbc4c7b000 	C:\WINDOWS\System32\GDI32.dll
0x00007ffbc4360000 - 0x00007ffbc448d000 	C:\WINDOWS\System32\gdi32full.dll
0x00007ffbc46c0000 - 0x00007ffbc4763000 	C:\WINDOWS\System32\msvcp_win.dll
0x00007ffbb8050000 - 0x00007ffbb805b000 	C:\WINDOWS\SYSTEM32\VERSION.dll
0x00007ffbc4c10000 - 0x00007ffbc4c3f000 	C:\WINDOWS\System32\IMM32.DLL
0x00007ffb95790000 - 0x00007ffb9579c000 	C:\Program Files\Java\jdk-20\bin\vcruntime140_1.dll
0x00007ffb340a0000 - 0x00007ffb3412e000 	C:\Program Files\Java\jdk-20\bin\msvcp140.dll
0x00007ffb11180000 - 0x00007ffb11e18000 	C:\Program Files\Java\jdk-20\bin\server\jvm.dll
0x00007ffb35850000 - 0x00007ffb3585a000 	C:\WINDOWS\SYSTEM32\WSOCK32.dll
0x00007ffbb5c50000 - 0x00007ffbb5c85000 	C:\WINDOWS\SYSTEM32\WINMM.dll
0x00007ffbc4ad0000 - 0x00007ffbc4b44000 	C:\WINDOWS\System32\WS2_32.dll
0x00007ffbc2980000 - 0x00007ffbc299b000 	C:\WINDOWS\SYSTEM32\kernel.appcore.dll
0x00007ffb720e0000 - 0x00007ffb720ea000 	C:\Program Files\Java\jdk-20\bin\jimage.dll
0x00007ffbc1270000 - 0x00007ffbc14b2000 	C:\WINDOWS\SYSTEM32\DBGHELP.DLL
0x00007ffbc5ce0000 - 0x00007ffbc605b000 	C:\WINDOWS\System32\combase.dll
0x00007ffbc4e70000 - 0x00007ffbc4f47000 	C:\WINDOWS\System32\OLEAUT32.dll
0x00007ffb95480000 - 0x00007ffb954bd000 	C:\WINDOWS\SYSTEM32\dbgcore.DLL
0x00007ffbc4770000 - 0x00007ffbc4809000 	C:\WINDOWS\System32\bcryptPrimitives.dll
0x00007ffb720d0000 - 0x00007ffb720de000 	C:\Program Files\Java\jdk-20\bin\instrument.dll
0x00007ffb48d90000 - 0x00007ffb48db6000 	C:\Program Files\Java\jdk-20\bin\java.dll
0x00007ffb2e810000 - 0x00007ffb2e8e7000 	C:\Program Files\Java\jdk-20\bin\jsvml.dll
0x00007ffbc4f50000 - 0x00007ffbc569d000 	C:\WINDOWS\System32\SHELL32.dll
0x00007ffbc4550000 - 0x00007ffbc46bc000 	C:\WINDOWS\System32\wintypes.dll
0x00007ffbc1810000 - 0x00007ffbc2069000 	C:\WINDOWS\SYSTEM32\windows.storage.dll
0x00007ffbc6700000 - 0x00007ffbc67f0000 	C:\WINDOWS\System32\SHCORE.dll
0x00007ffbc4e00000 - 0x00007ffbc4e62000 	C:\WINDOWS\System32\shlwapi.dll
0x00007ffbc3af0000 - 0x00007ffbc3b19000 	C:\WINDOWS\SYSTEM32\profapi.dll
0x00007ffb6e030000 - 0x00007ffb6e048000 	C:\Program Files\Java\jdk-20\bin\zip.dll
0x00007ffb6ce90000 - 0x00007ffb6cea3000 	C:\Program Files\Java\jdk-20\bin\net.dll
0x00007ffbbb4b0000 - 0x00007ffbbb5cf000 	C:\WINDOWS\SYSTEM32\WINHTTP.dll
0x00007ffbc2f30000 - 0x00007ffbc2f9b000 	C:\WINDOWS\system32\mswsock.dll
0x00007ffb6b990000 - 0x00007ffb6b9a6000 	C:\Program Files\Java\jdk-20\bin\nio.dll
0x00007ffb71500000 - 0x00007ffb71510000 	C:\Program Files\Java\jdk-20\bin\verify.dll
0x00007ffbbc0a0000 - 0x00007ffbbc0c7000 	C:\Users\Donielr Arys Antonio\.gradle\native\1def1411415f61bf3af743bc5b6707747c0891f09f0c88961ee8f79bc544acac\windows-amd64\native-platform.dll
0x00007ffb33fa0000 - 0x00007ffb34018000 	C:\Users\Donielr Arys Antonio\.gradle\native\0.2.7\x86_64-windows-gnu\gradle-fileevents.dll
0x00007ffb6f1a0000 - 0x00007ffb6f1aa000 	C:\Program Files\Java\jdk-20\bin\management.dll
0x00007ffb6f050000 - 0x00007ffb6f05b000 	C:\Program Files\Java\jdk-20\bin\management_ext.dll
0x00007ffbc5cc0000 - 0x00007ffbc5cc8000 	C:\WINDOWS\System32\PSAPI.DLL
0x00007ffbc2370000 - 0x00007ffbc23a4000 	C:\WINDOWS\SYSTEM32\IPHLPAPI.DLL
0x00007ffbc5840000 - 0x00007ffbc584a000 	C:\WINDOWS\System32\NSI.dll
0x00007ffbbb290000 - 0x00007ffbbb2ae000 	C:\WINDOWS\SYSTEM32\dhcpcsvc6.DLL
0x00007ffbbb180000 - 0x00007ffbbb1a3000 	C:\WINDOWS\SYSTEM32\dhcpcsvc.DLL
0x00007ffbc2460000 - 0x00007ffbc2586000 	C:\WINDOWS\SYSTEM32\DNSAPI.dll
0x00007ffb6ed10000 - 0x00007ffb6ed17000 	C:\Program Files\Java\jdk-20\bin\extnet.dll
0x00007ffbc31d0000 - 0x00007ffbc31eb000 	C:\WINDOWS\SYSTEM32\CRYPTSP.dll
0x00007ffbc28e0000 - 0x00007ffbc291b000 	C:\WINDOWS\system32\rsaenh.dll
0x00007ffbc2fd0000 - 0x00007ffbc2ffb000 	C:\WINDOWS\SYSTEM32\USERENV.dll
0x00007ffbc3ac0000 - 0x00007ffbc3ae6000 	C:\WINDOWS\SYSTEM32\bcrypt.dll
0x00007ffbc31f0000 - 0x00007ffbc31fc000 	C:\WINDOWS\SYSTEM32\CRYPTBASE.dll
0x00007ffb6e4a0000 - 0x00007ffb6e4ae000 	C:\Program Files\Java\jdk-20\bin\sunmscapi.dll
0x00007ffbc4090000 - 0x00007ffbc4207000 	C:\WINDOWS\System32\CRYPT32.dll
0x00007ffbc3460000 - 0x00007ffbc3490000 	C:\WINDOWS\SYSTEM32\ncrypt.dll
0x00007ffbc3410000 - 0x00007ffbc344f000 	C:\WINDOWS\SYSTEM32\NTASN1.dll
0x00007ffba4490000 - 0x00007ffba4498000 	C:\WINDOWS\system32\wshunix.dll

dbghelp: loaded successfully - version: 4.0.5 - missing functions: none
symbol engine: initialized successfully - sym options: 0x614 - pdb path: .;C:\Program Files\Java\jdk-20\bin;C:\WINDOWS\SYSTEM32;C:\WINDOWS\WinSxS\amd64_microsoft.windows.common-controls_6595b64144ccf1df_6.0.26100.5074_none_3e0d6f78e32fd63f;C:\Program Files\Java\jdk-20\bin\server;C:\Users\Donielr Arys Antonio\.gradle\native\1def1411415f61bf3af743bc5b6707747c0891f09f0c88961ee8f79bc544acac\windows-amd64;C:\Users\Donielr Arys Antonio\.gradle\native\0.2.7\x86_64-windows-gnu

VM Arguments:
jvm_args: --add-opens=java.base/java.lang=ALL-UNNAMED --add-opens=java.base/java.lang.invoke=ALL-UNNAMED --add-opens=java.base/java.util=ALL-UNNAMED --add-opens=java.prefs/java.util.prefs=ALL-UNNAMED --add-exports=jdk.compiler/com.sun.tools.javac.api=ALL-UNNAMED --add-exports=jdk.compiler/com.sun.tools.javac.util=ALL-UNNAMED --add-opens=java.base/java.util=ALL-UNNAMED --add-opens=java.prefs/java.util.prefs=ALL-UNNAMED --add-opens=java.base/java.nio.charset=ALL-UNNAMED --add-opens=java.base/java.net=ALL-UNNAMED --add-opens=java.base/java.util.concurrent.atomic=ALL-UNNAMED --add-opens=java.xml/javax.xml.namespace=ALL-UNNAMED -Xmx2048m -Dfile.encoding=UTF-8 -Duser.country=PH -Duser.language=en -Duser.variant -javaagent:C:\Users\Donielr Arys Antonio\.gradle\wrapper\dists\gradle-8.13-bin\5xuhj0ry160q40clulazy9h7d\gradle-8.13\lib\agents\gradle-instrumentation-agent-8.13.jar 
java_command: org.gradle.launcher.daemon.bootstrap.GradleDaemon 8.13
java_class_path (initial): C:\Users\Donielr Arys Antonio\.gradle\wrapper\dists\gradle-8.13-bin\5xuhj0ry160q40clulazy9h7d\gradle-8.13\lib\gradle-daemon-main-8.13.jar
Launcher Type: SUN_STANDARD

[Global flags]
     intx CICompilerCount                          = 12                                        {product} {ergonomic}
     uint ConcGCThreads                            = 3                                         {product} {ergonomic}
     uint G1ConcRefinementThreads                  = 13                                        {product} {ergonomic}
   size_t G1HeapRegionSize                         = 1048576                                   {product} {ergonomic}
    uintx GCDrainStackTargetSize                   = 64                                        {product} {ergonomic}
   size_t InitialHeapSize                          = 130023424                                 {product} {ergonomic}
   size_t MarkStackSize                            = 4194304                                   {product} {ergonomic}
   size_t MaxHeapSize                              = 2147483648                                {product} {command line}
   size_t MaxNewSize                               = 1287651328                                {product} {ergonomic}
   size_t MinHeapDeltaBytes                        = 1048576                                   {product} {ergonomic}
   size_t MinHeapSize                              = 8388608                                   {product} {ergonomic}
    uintx NonNMethodCodeHeapSize                   = 7602480                                {pd product} {ergonomic}
    uintx NonProfiledCodeHeapSize                  = 122027880                              {pd product} {ergonomic}
    uintx ProfiledCodeHeapSize                     = 122027880                              {pd product} {ergonomic}
    uintx ReservedCodeCacheSize                    = 251658240                              {pd product} {ergonomic}
     bool SegmentedCodeCache                       = true                                      {product} {ergonomic}
   size_t SoftMaxHeapSize                          = 2147483648                             {manageable} {ergonomic}
     bool UseCompressedClassPointers               = true                           {product lp64_product} {ergonomic}
     bool UseCompressedOops                        = true                           {product lp64_product} {ergonomic}
     bool UseG1GC                                  = true                                      {product} {ergonomic}
     bool UseLargePagesIndividualAllocation        = false                                  {pd product} {ergonomic}

Logging:
Log output configuration:
 #0: stdout all=warning uptime,level,tags foldmultilines=false
 #1: stderr all=off uptime,level,tags foldmultilines=false

Environment Variables:
JAVA_HOME=C:\Program Files\Android\Android Studio2\jbr
PATH=C:\Program Files\Java\jdk-20;C:\Program Files\Eclipse Adoptium\jdk-21.0.5.11-hotspot\bin;C:\Windows\System32;C:\Windows\System32\WindowsPowerShell\v1.0\;C:\Program Files\Java\jdk-20\bin;C:\Program Files\nodejs;C:\Program Files\Git\cmd;C:\WINDOWS\system32;C:\WINDOWS;C:\WINDOWS\System32\Wbem;C:\WINDOWS\System32\WindowsPowerShell\v1.0\;C:\WINDOWS\System32\OpenSSH\;C:\Program Files\dotnet\;C:\Program Files\NVIDIA Corporation\NVIDIA App\NvDLISR;C:\Program Files\nodejs\;C:\Program Files\PowerShell\7\;C:\Users\Donielr Arys Antonio\AppData\Local\Microsoft\WindowsApps;C:\Users\Donielr Arys Antonio\AppData\Local\Programs\Microsoft VS Code\bin;C:\Users\Donielr Arys Antonio\.dotnet\tools;C:\Users\Donielr Arys Antonio\AppData\Local\Microsoft\WinGet\Links;C:\Windows\System32;C:\Users\Donielr Arys Antonio\AppData\Local\Android\Sdk\cmdline-tools\latest\bin;C:\Program Files\Git\bin;C:\Program Files\nodejs;C:\Users\Donielr Arys Antonio\AppData\Roaming\npm;C:\Users\Donielr Arys Antonio\AppData\Local\Programs\cursor\resources\app\bin;C:\Users\Donielr Arys Antonio\AppData\Local\Programs\Qoder\bin;C:\Users\Donielr Arys Antonio\AppData\Local\Programs\Windsurf\bin;c:\Users\Donielr Arys Antonio\AppData\Local\Programs\Trae\resources\app\bin\lib
USERNAME=Donielr Arys Antonio
OS=Windows_NT
PROCESSOR_IDENTIFIER=Intel64 Family 6 Model 154 Stepping 3, GenuineIntel
TMP=C:\Users\DONIEL~1\AppData\Local\Temp
TEMP=C:\Users\DONIEL~1\AppData\Local\Temp




---------------  S Y S T E M  ---------------

OS:
 Windows 11 , 64 bit Build 26100 (10.0.26100.5074)
OS uptime: 0 days 7:57 hours
Hyper-V role detected

CPU: total 16 (initial active 16) (8 cores per cpu, 2 threads per core) family 6 model 154 stepping 3 microcode 0x423, cx8, cmov, fxsr, ht, mmx, 3dnowpref, sse, sse2, sse3, ssse3, sse4.1, sse4.2, popcnt, lzcnt, tsc, tscinvbit, avx, avx2, aes, erms, clmul, bmi1, bmi2, adx, sha, fma, vzeroupper, clflush, clflushopt, clwb, hv, serialize, rdtscp, rdpid, fsrm, f16c, cet_ibt, cet_ss

Memory: 4k page, system-wide physical 7896M (1025M free)
TotalPageFile size 32472M (AvailPageFile size 3M)
current process WorkingSet (physical memory assigned to process): 276M, peak: 288M
current process commit charge ("private bytes"): 390M, peak: 391M

vm_info: Java HotSpot(TM) 64-Bit Server VM (20.0.2+9-78) for windows-amd64 JRE (20.0.2+9-78), built on 2023-06-14T10:08:48Z by "mach5one" with MS VC++ 17.1 (VS2022)

END.
